[2025-12-18 19:42:24] ============================================================
[2025-12-18 19:42:24] AWS Braket Experiment Runner
[2025-12-18 19:42:24] ============================================================
[2025-12-18 19:42:24] Device: arn:aws:braket:us-west-1::device/qpu/rigetti/Ankaa-3
[2025-12-18 19:42:24] Subset size N: 11
[2025-12-18 19:42:24] Num subsets: 6
[2025-12-18 19:42:24] Experiment: loschmidt_echo_interleaved
[2025-12-18 19:42:24] Run ID: interleaved_N11_global
[2025-12-18 19:42:24] Depths: [3, 5, 7, 9]
[2025-12-18 19:42:24] K (instances per depth): 3
[2025-12-18 19:42:24] Blocks: 4
[2025-12-18 19:42:24] Block shuffle seed: 456
[2025-12-18 19:42:24] Fit eps: 0.001
[2025-12-18 19:42:24] U style: global
[2025-12-18 19:42:24] Shots: 2000
[2025-12-18 19:42:24] Seed: 456
[2025-12-18 19:42:24] Output CSV: results/echo_interleaved/global/echo_interleaved.csv
[2025-12-18 19:42:24] Resume: True
[2025-12-18 19:42:24] Simulator: False
[2025-12-18 19:42:24] ============================================================
[2025-12-18 19:42:26] Device: Ankaa-3, Status: ONLINE
[2025-12-18 19:42:26] Graph: 80 nodes, 136 edges
[2025-12-18 19:42:26] Loaded 6 subsets from results/echo_interleaved/subsets_N11.json
[2025-12-18 19:42:26] 
============================================================
[2025-12-18 19:42:26] STARTING LOSCHMIDT ECHO INTERLEAVED
[2025-12-18 19:42:26] ============================================================
[2025-12-18 19:42:26] 
Block 1/4 order: [0, 2, 1, 4, 3, 5]
[2025-12-18 19:42:26]   block 1/4, subset 1/6 (id=0), depth 1/4
[2025-12-18 19:42:33]         P_return=0.8215, GHZ witness=0.8215
[2025-12-18 19:42:33]     block 1/4, subset 1/6, depth 1/4, instance 1/3, rolling mean P_return=0.8215
[2025-12-18 19:42:36]         P_return=0.8125, GHZ witness=0.8125
[2025-12-18 19:42:36]     block 1/4, subset 1/6, depth 1/4, instance 2/3, rolling mean P_return=0.8170
[2025-12-18 19:42:40]         P_return=0.8255, GHZ witness=0.8255
[2025-12-18 19:42:40]     block 1/4, subset 1/6, depth 1/4, instance 3/3, rolling mean P_return=0.8198
[2025-12-18 19:42:40]   Saved block 1 subset 0 depth 3 (mean_P_return=0.8198)
[2025-12-18 19:42:40]   block 1/4, subset 1/6 (id=0), depth 2/4
[2025-12-18 19:42:44]         P_return=0.8010, GHZ witness=0.8010
[2025-12-18 19:42:44]     block 1/4, subset 1/6, depth 2/4, instance 1/3, rolling mean P_return=0.8010
[2025-12-18 19:42:45]         P_return=0.8310, GHZ witness=0.8310
[2025-12-18 19:42:45]     block 1/4, subset 1/6, depth 2/4, instance 2/3, rolling mean P_return=0.8160
[2025-12-18 19:42:49]         P_return=0.8105, GHZ witness=0.8105
[2025-12-18 19:42:49]     block 1/4, subset 1/6, depth 2/4, instance 3/3, rolling mean P_return=0.8142
[2025-12-18 19:42:49]   Saved block 1 subset 0 depth 5 (mean_P_return=0.8142)
[2025-12-18 19:42:49]   block 1/4, subset 1/6 (id=0), depth 3/4
[2025-12-18 19:42:52]         P_return=0.8210, GHZ witness=0.8210
[2025-12-18 19:42:52]     block 1/4, subset 1/6, depth 3/4, instance 1/3, rolling mean P_return=0.8210
[2025-12-18 19:42:56]         P_return=0.7960, GHZ witness=0.7960
[2025-12-18 19:42:56]     block 1/4, subset 1/6, depth 3/4, instance 2/3, rolling mean P_return=0.8085
[2025-12-18 19:43:00]         P_return=0.8160, GHZ witness=0.8160
[2025-12-18 19:43:00]     block 1/4, subset 1/6, depth 3/4, instance 3/3, rolling mean P_return=0.8110
[2025-12-18 19:43:00]   Saved block 1 subset 0 depth 7 (mean_P_return=0.8110)
[2025-12-18 19:43:00]   block 1/4, subset 1/6 (id=0), depth 4/4
[2025-12-18 19:43:05]         P_return=0.8050, GHZ witness=0.8050
[2025-12-18 19:43:05]     block 1/4, subset 1/6, depth 4/4, instance 1/3, rolling mean P_return=0.8050
[2025-12-18 19:43:09]         P_return=0.7980, GHZ witness=0.7980
[2025-12-18 19:43:09]     block 1/4, subset 1/6, depth 4/4, instance 2/3, rolling mean P_return=0.8015
[2025-12-18 19:43:14]         P_return=0.8110, GHZ witness=0.8110
[2025-12-18 19:43:14]     block 1/4, subset 1/6, depth 4/4, instance 3/3, rolling mean P_return=0.8047
[2025-12-18 19:43:14]   Saved block 1 subset 0 depth 9 (mean_P_return=0.8047)
[2025-12-18 19:43:14]   block 1/4, subset 2/6 (id=2), depth 1/4
[2025-12-18 19:43:15]         P_return=0.3290, GHZ witness=0.3290
[2025-12-18 19:43:15]     block 1/4, subset 2/6, depth 1/4, instance 1/3, rolling mean P_return=0.3290
[2025-12-18 19:43:18]         P_return=0.3285, GHZ witness=0.3285
[2025-12-18 19:43:18]     block 1/4, subset 2/6, depth 1/4, instance 2/3, rolling mean P_return=0.3287
[2025-12-18 19:43:22]         P_return=0.3340, GHZ witness=0.3340
[2025-12-18 19:43:22]     block 1/4, subset 2/6, depth 1/4, instance 3/3, rolling mean P_return=0.3305
[2025-12-18 19:43:22]   Saved block 1 subset 2 depth 3 (mean_P_return=0.3305)
[2025-12-18 19:43:22]   block 1/4, subset 2/6 (id=2), depth 2/4
[2025-12-18 19:43:26]         P_return=0.3285, GHZ witness=0.3285
[2025-12-18 19:43:26]     block 1/4, subset 2/6, depth 2/4, instance 1/3, rolling mean P_return=0.3285
[2025-12-18 19:43:29]         P_return=0.3205, GHZ witness=0.3205
[2025-12-18 19:43:29]     block 1/4, subset 2/6, depth 2/4, instance 2/3, rolling mean P_return=0.3245
[2025-12-18 19:43:33]         P_return=0.3185, GHZ witness=0.3185
[2025-12-18 19:43:33]     block 1/4, subset 2/6, depth 2/4, instance 3/3, rolling mean P_return=0.3225
[2025-12-18 19:43:33]   Saved block 1 subset 2 depth 5 (mean_P_return=0.3225)
[2025-12-18 19:43:33]   block 1/4, subset 2/6 (id=2), depth 3/4
[2025-12-18 19:43:37]         P_return=0.3025, GHZ witness=0.3025
[2025-12-18 19:43:37]     block 1/4, subset 2/6, depth 3/4, instance 1/3, rolling mean P_return=0.3025
[2025-12-18 19:43:41]         P_return=0.3040, GHZ witness=0.3040
[2025-12-18 19:43:41]     block 1/4, subset 2/6, depth 3/4, instance 2/3, rolling mean P_return=0.3033
[2025-12-18 19:43:44]         P_return=0.3365, GHZ witness=0.3365
[2025-12-18 19:43:44]     block 1/4, subset 2/6, depth 3/4, instance 3/3, rolling mean P_return=0.3143
[2025-12-18 19:43:44]   Saved block 1 subset 2 depth 7 (mean_P_return=0.3143)
[2025-12-18 19:43:44]   block 1/4, subset 2/6 (id=2), depth 4/4
[2025-12-18 19:43:45]         P_return=0.3230, GHZ witness=0.3230
[2025-12-18 19:43:45]     block 1/4, subset 2/6, depth 4/4, instance 1/3, rolling mean P_return=0.3230
[2025-12-18 19:43:50]         P_return=0.3150, GHZ witness=0.3150
[2025-12-18 19:43:50]     block 1/4, subset 2/6, depth 4/4, instance 2/3, rolling mean P_return=0.3190
[2025-12-18 19:43:53]         P_return=0.3320, GHZ witness=0.3320
[2025-12-18 19:43:53]     block 1/4, subset 2/6, depth 4/4, instance 3/3, rolling mean P_return=0.3233
[2025-12-18 19:43:53]   Saved block 1 subset 2 depth 9 (mean_P_return=0.3233)
[2025-12-18 19:43:53]   block 1/4, subset 3/6 (id=1), depth 1/4
[2025-12-18 19:43:57]         P_return=0.8825, GHZ witness=0.8825
[2025-12-18 19:43:57]     block 1/4, subset 3/6, depth 1/4, instance 1/3, rolling mean P_return=0.8825
[2025-12-18 19:44:01]         P_return=0.8700, GHZ witness=0.8700
[2025-12-18 19:44:01]     block 1/4, subset 3/6, depth 1/4, instance 2/3, rolling mean P_return=0.8762
[2025-12-18 19:44:05]         P_return=0.8725, GHZ witness=0.8725
[2025-12-18 19:44:05]     block 1/4, subset 3/6, depth 1/4, instance 3/3, rolling mean P_return=0.8750
[2025-12-18 19:44:05]   Saved block 1 subset 1 depth 3 (mean_P_return=0.8750)
[2025-12-18 19:44:05]   block 1/4, subset 3/6 (id=1), depth 2/4
[2025-12-18 19:44:09]         P_return=0.8690, GHZ witness=0.8690
[2025-12-18 19:44:09]     block 1/4, subset 3/6, depth 2/4, instance 1/3, rolling mean P_return=0.8690
[2025-12-18 19:44:13]         P_return=0.8605, GHZ witness=0.8605
[2025-12-18 19:44:13]     block 1/4, subset 3/6, depth 2/4, instance 2/3, rolling mean P_return=0.8648
[2025-12-18 19:44:14]         P_return=0.8735, GHZ witness=0.8735
[2025-12-18 19:44:14]     block 1/4, subset 3/6, depth 2/4, instance 3/3, rolling mean P_return=0.8677
[2025-12-18 19:44:14]   Saved block 1 subset 1 depth 5 (mean_P_return=0.8677)
[2025-12-18 19:44:14]   block 1/4, subset 3/6 (id=1), depth 3/4
[2025-12-18 19:44:18]         P_return=0.8610, GHZ witness=0.8610
[2025-12-18 19:44:18]     block 1/4, subset 3/6, depth 3/4, instance 1/3, rolling mean P_return=0.8610
[2025-12-18 19:44:21]         P_return=0.8670, GHZ witness=0.8670
[2025-12-18 19:44:21]     block 1/4, subset 3/6, depth 3/4, instance 2/3, rolling mean P_return=0.8640
[2025-12-18 19:44:25]         P_return=0.8700, GHZ witness=0.8700
[2025-12-18 19:44:25]     block 1/4, subset 3/6, depth 3/4, instance 3/3, rolling mean P_return=0.8660
[2025-12-18 19:44:25]   Saved block 1 subset 1 depth 7 (mean_P_return=0.8660)
[2025-12-18 19:44:25]   block 1/4, subset 3/6 (id=1), depth 4/4
[2025-12-18 19:44:28]         P_return=0.8735, GHZ witness=0.8735
[2025-12-18 19:44:28]     block 1/4, subset 3/6, depth 4/4, instance 1/3, rolling mean P_return=0.8735
[2025-12-18 19:44:32]         P_return=0.8575, GHZ witness=0.8575
[2025-12-18 19:44:32]     block 1/4, subset 3/6, depth 4/4, instance 2/3, rolling mean P_return=0.8655
[2025-12-18 19:44:37]         P_return=0.8695, GHZ witness=0.8695
[2025-12-18 19:44:37]     block 1/4, subset 3/6, depth 4/4, instance 3/3, rolling mean P_return=0.8668
[2025-12-18 19:44:37]   Saved block 1 subset 1 depth 9 (mean_P_return=0.8668)
[2025-12-18 19:44:37]   block 1/4, subset 4/6 (id=4), depth 1/4
[2025-12-18 19:44:40]         P_return=0.7135, GHZ witness=0.7135
[2025-12-18 19:44:40]     block 1/4, subset 4/6, depth 1/4, instance 1/3, rolling mean P_return=0.7135
[2025-12-18 19:44:44]         P_return=0.7200, GHZ witness=0.7200
[2025-12-18 19:44:44]     block 1/4, subset 4/6, depth 1/4, instance 2/3, rolling mean P_return=0.7167
[2025-12-18 19:44:45]         P_return=0.7395, GHZ witness=0.7395
[2025-12-18 19:44:45]     block 1/4, subset 4/6, depth 1/4, instance 3/3, rolling mean P_return=0.7243
[2025-12-18 19:44:45]   Saved block 1 subset 4 depth 3 (mean_P_return=0.7243)
[2025-12-18 19:44:45]   block 1/4, subset 4/6 (id=4), depth 2/4
[2025-12-18 19:44:49]         P_return=0.7250, GHZ witness=0.7250
[2025-12-18 19:44:49]     block 1/4, subset 4/6, depth 2/4, instance 1/3, rolling mean P_return=0.7250
[2025-12-18 19:44:52]         P_return=0.7380, GHZ witness=0.7380
[2025-12-18 19:44:52]     block 1/4, subset 4/6, depth 2/4, instance 2/3, rolling mean P_return=0.7315
[2025-12-18 19:44:56]         P_return=0.7195, GHZ witness=0.7195
[2025-12-18 19:44:56]     block 1/4, subset 4/6, depth 2/4, instance 3/3, rolling mean P_return=0.7275
[2025-12-18 19:44:56]   Saved block 1 subset 4 depth 5 (mean_P_return=0.7275)
[2025-12-18 19:44:56]   block 1/4, subset 4/6 (id=4), depth 3/4
[2025-12-18 19:44:59]         P_return=0.7360, GHZ witness=0.7360
[2025-12-18 19:44:59]     block 1/4, subset 4/6, depth 3/4, instance 1/3, rolling mean P_return=0.7360
[2025-12-18 19:45:04]         P_return=0.7320, GHZ witness=0.7320
[2025-12-18 19:45:04]     block 1/4, subset 4/6, depth 3/4, instance 2/3, rolling mean P_return=0.7340
[2025-12-18 19:45:08]         P_return=0.7480, GHZ witness=0.7480
[2025-12-18 19:45:08]     block 1/4, subset 4/6, depth 3/4, instance 3/3, rolling mean P_return=0.7387
[2025-12-18 19:45:08]   Saved block 1 subset 4 depth 7 (mean_P_return=0.7387)
[2025-12-18 19:45:08]   block 1/4, subset 4/6 (id=4), depth 4/4
[2025-12-18 19:45:11]         P_return=0.7170, GHZ witness=0.7170
[2025-12-18 19:45:11]     block 1/4, subset 4/6, depth 4/4, instance 1/3, rolling mean P_return=0.7170
[2025-12-18 19:45:15]         P_return=0.7295, GHZ witness=0.7295
[2025-12-18 19:45:15]     block 1/4, subset 4/6, depth 4/4, instance 2/3, rolling mean P_return=0.7232
[2025-12-18 19:45:17]         P_return=0.7325, GHZ witness=0.7325
[2025-12-18 19:45:17]     block 1/4, subset 4/6, depth 4/4, instance 3/3, rolling mean P_return=0.7263
[2025-12-18 19:45:17]   Saved block 1 subset 4 depth 9 (mean_P_return=0.7263)
[2025-12-18 19:45:17]   block 1/4, subset 5/6 (id=3), depth 1/4
[2025-12-18 19:45:20]         P_return=0.8180, GHZ witness=0.8180
[2025-12-18 19:45:20]     block 1/4, subset 5/6, depth 1/4, instance 1/3, rolling mean P_return=0.8180
[2025-12-18 19:45:23]         P_return=0.7990, GHZ witness=0.7990
[2025-12-18 19:45:23]     block 1/4, subset 5/6, depth 1/4, instance 2/3, rolling mean P_return=0.8085
[2025-12-18 19:45:27]         P_return=0.8050, GHZ witness=0.8050
[2025-12-18 19:45:27]     block 1/4, subset 5/6, depth 1/4, instance 3/3, rolling mean P_return=0.8073
[2025-12-18 19:45:27]   Saved block 1 subset 3 depth 3 (mean_P_return=0.8073)
[2025-12-18 19:45:27]   block 1/4, subset 5/6 (id=3), depth 2/4
[2025-12-18 19:45:30]         P_return=0.8030, GHZ witness=0.8030
[2025-12-18 19:45:30]     block 1/4, subset 5/6, depth 2/4, instance 1/3, rolling mean P_return=0.8030
[2025-12-18 19:45:34]         P_return=0.8035, GHZ witness=0.8035
[2025-12-18 19:45:34]     block 1/4, subset 5/6, depth 2/4, instance 2/3, rolling mean P_return=0.8033
[2025-12-18 19:45:38]         P_return=0.8085, GHZ witness=0.8085
[2025-12-18 19:45:38]     block 1/4, subset 5/6, depth 2/4, instance 3/3, rolling mean P_return=0.8050
[2025-12-18 19:45:38]   Saved block 1 subset 3 depth 5 (mean_P_return=0.8050)
[2025-12-18 19:45:38]   block 1/4, subset 5/6 (id=3), depth 3/4
[2025-12-18 19:45:42]         P_return=0.7915, GHZ witness=0.7915
[2025-12-18 19:45:42]     block 1/4, subset 5/6, depth 3/4, instance 1/3, rolling mean P_return=0.7915
[2025-12-18 19:45:43]         P_return=0.8090, GHZ witness=0.8090
[2025-12-18 19:45:43]     block 1/4, subset 5/6, depth 3/4, instance 2/3, rolling mean P_return=0.8003
[2025-12-18 19:45:47]         P_return=0.8070, GHZ witness=0.8070
[2025-12-18 19:45:47]     block 1/4, subset 5/6, depth 3/4, instance 3/3, rolling mean P_return=0.8025
[2025-12-18 19:45:47]   Saved block 1 subset 3 depth 7 (mean_P_return=0.8025)
[2025-12-18 19:45:47]   block 1/4, subset 5/6 (id=3), depth 4/4
[2025-12-18 19:45:51]         P_return=0.7990, GHZ witness=0.7990
[2025-12-18 19:45:51]     block 1/4, subset 5/6, depth 4/4, instance 1/3, rolling mean P_return=0.7990
[2025-12-18 19:45:54]         P_return=0.7980, GHZ witness=0.7980
[2025-12-18 19:45:54]     block 1/4, subset 5/6, depth 4/4, instance 2/3, rolling mean P_return=0.7985
[2025-12-18 19:45:59]         P_return=0.7840, GHZ witness=0.7840
[2025-12-18 19:45:59]     block 1/4, subset 5/6, depth 4/4, instance 3/3, rolling mean P_return=0.7937
[2025-12-18 19:45:59]   Saved block 1 subset 3 depth 9 (mean_P_return=0.7937)
[2025-12-18 19:45:59]   block 1/4, subset 6/6 (id=5), depth 1/4
[2025-12-18 19:46:04]         P_return=0.8200, GHZ witness=0.8200
[2025-12-18 19:46:04]     block 1/4, subset 6/6, depth 1/4, instance 1/3, rolling mean P_return=0.8200
[2025-12-18 19:46:07]         P_return=0.8240, GHZ witness=0.8240
[2025-12-18 19:46:07]     block 1/4, subset 6/6, depth 1/4, instance 2/3, rolling mean P_return=0.8220
[2025-12-18 19:46:11]         P_return=0.8260, GHZ witness=0.8260
[2025-12-18 19:46:11]     block 1/4, subset 6/6, depth 1/4, instance 3/3, rolling mean P_return=0.8233
[2025-12-18 19:46:11]   Saved block 1 subset 5 depth 3 (mean_P_return=0.8233)
[2025-12-18 19:46:11]   block 1/4, subset 6/6 (id=5), depth 2/4
[2025-12-18 19:46:15]         P_return=0.8255, GHZ witness=0.8255
[2025-12-18 19:46:15]     block 1/4, subset 6/6, depth 2/4, instance 1/3, rolling mean P_return=0.8255
[2025-12-18 19:46:16]         P_return=0.8340, GHZ witness=0.8340
[2025-12-18 19:46:16]     block 1/4, subset 6/6, depth 2/4, instance 2/3, rolling mean P_return=0.8297
[2025-12-18 19:46:20]         P_return=0.8295, GHZ witness=0.8295
[2025-12-18 19:46:20]     block 1/4, subset 6/6, depth 2/4, instance 3/3, rolling mean P_return=0.8297
[2025-12-18 19:46:20]   Saved block 1 subset 5 depth 5 (mean_P_return=0.8297)
[2025-12-18 19:46:20]   block 1/4, subset 6/6 (id=5), depth 3/4
[2025-12-18 19:46:24]         P_return=0.8325, GHZ witness=0.8325
[2025-12-18 19:46:24]     block 1/4, subset 6/6, depth 3/4, instance 1/3, rolling mean P_return=0.8325
[2025-12-18 19:46:27]         P_return=0.8175, GHZ witness=0.8175
[2025-12-18 19:46:27]     block 1/4, subset 6/6, depth 3/4, instance 2/3, rolling mean P_return=0.8250
[2025-12-18 19:46:30]         P_return=0.8270, GHZ witness=0.8270
[2025-12-18 19:46:30]     block 1/4, subset 6/6, depth 3/4, instance 3/3, rolling mean P_return=0.8257
[2025-12-18 19:46:30]   Saved block 1 subset 5 depth 7 (mean_P_return=0.8257)
[2025-12-18 19:46:30]   block 1/4, subset 6/6 (id=5), depth 4/4
[2025-12-18 19:46:35]         P_return=0.8235, GHZ witness=0.8235
[2025-12-18 19:46:35]     block 1/4, subset 6/6, depth 4/4, instance 1/3, rolling mean P_return=0.8235
[2025-12-18 19:46:39]         P_return=0.8260, GHZ witness=0.8260
[2025-12-18 19:46:39]     block 1/4, subset 6/6, depth 4/4, instance 2/3, rolling mean P_return=0.8247
[2025-12-18 19:46:43]         P_return=0.8205, GHZ witness=0.8205
[2025-12-18 19:46:43]     block 1/4, subset 6/6, depth 4/4, instance 3/3, rolling mean P_return=0.8233
[2025-12-18 19:46:43]   Saved block 1 subset 5 depth 9 (mean_P_return=0.8233)
[2025-12-18 19:46:43] 
Block 2/4 order: [0, 3, 5, 4, 2, 1]
[2025-12-18 19:46:43]   block 2/4, subset 1/6 (id=0), depth 1/4
[2025-12-18 19:46:44]         P_return=0.8215, GHZ witness=0.8215
[2025-12-18 19:46:44]     block 2/4, subset 1/6, depth 1/4, instance 1/3, rolling mean P_return=0.8215
[2025-12-18 19:46:47]         P_return=0.8210, GHZ witness=0.8210
[2025-12-18 19:46:47]     block 2/4, subset 1/6, depth 1/4, instance 2/3, rolling mean P_return=0.8213
[2025-12-18 19:46:51]         P_return=0.8240, GHZ witness=0.8240
[2025-12-18 19:46:51]     block 2/4, subset 1/6, depth 1/4, instance 3/3, rolling mean P_return=0.8222
[2025-12-18 19:46:51]   Saved block 2 subset 0 depth 3 (mean_P_return=0.8222)
[2025-12-18 19:46:51]   block 2/4, subset 1/6 (id=0), depth 2/4
[2025-12-18 19:46:55]         P_return=0.8305, GHZ witness=0.8305
[2025-12-18 19:46:55]     block 2/4, subset 1/6, depth 2/4, instance 1/3, rolling mean P_return=0.8305
[2025-12-18 19:46:58]         P_return=0.8225, GHZ witness=0.8225
[2025-12-18 19:46:58]     block 2/4, subset 1/6, depth 2/4, instance 2/3, rolling mean P_return=0.8265
[2025-12-18 19:47:03]         P_return=0.8320, GHZ witness=0.8320
[2025-12-18 19:47:03]     block 2/4, subset 1/6, depth 2/4, instance 3/3, rolling mean P_return=0.8283
[2025-12-18 19:47:03]   Saved block 2 subset 0 depth 5 (mean_P_return=0.8283)
[2025-12-18 19:47:03]   block 2/4, subset 1/6 (id=0), depth 3/4
[2025-12-18 19:47:06]         P_return=0.8185, GHZ witness=0.8185
[2025-12-18 19:47:06]     block 2/4, subset 1/6, depth 3/4, instance 1/3, rolling mean P_return=0.8185
[2025-12-18 19:47:10]         P_return=0.8190, GHZ witness=0.8190
[2025-12-18 19:47:10]     block 2/4, subset 1/6, depth 3/4, instance 2/3, rolling mean P_return=0.8187
[2025-12-18 19:47:14]         P_return=0.8160, GHZ witness=0.8160
[2025-12-18 19:47:14]     block 2/4, subset 1/6, depth 3/4, instance 3/3, rolling mean P_return=0.8178
[2025-12-18 19:47:14]   Saved block 2 subset 0 depth 7 (mean_P_return=0.8178)
[2025-12-18 19:47:14]   block 2/4, subset 1/6 (id=0), depth 4/4
[2025-12-18 19:47:16]         P_return=0.8215, GHZ witness=0.8215
[2025-12-18 19:47:16]     block 2/4, subset 1/6, depth 4/4, instance 1/3, rolling mean P_return=0.8215
[2025-12-18 19:47:20]         P_return=0.8145, GHZ witness=0.8145
[2025-12-18 19:47:20]     block 2/4, subset 1/6, depth 4/4, instance 2/3, rolling mean P_return=0.8180
[2025-12-18 19:47:24]         P_return=0.8160, GHZ witness=0.8160
[2025-12-18 19:47:24]     block 2/4, subset 1/6, depth 4/4, instance 3/3, rolling mean P_return=0.8173
[2025-12-18 19:47:24]   Saved block 2 subset 0 depth 9 (mean_P_return=0.8173)
[2025-12-18 19:47:24]   block 2/4, subset 2/6 (id=3), depth 1/4
[2025-12-18 19:47:28]         P_return=0.8150, GHZ witness=0.8150
[2025-12-18 19:47:28]     block 2/4, subset 2/6, depth 1/4, instance 1/3, rolling mean P_return=0.8150
[2025-12-18 19:47:31]         P_return=0.8135, GHZ witness=0.8135
[2025-12-18 19:47:31]     block 2/4, subset 2/6, depth 1/4, instance 2/3, rolling mean P_return=0.8142
[2025-12-18 19:47:35]         P_return=0.8120, GHZ witness=0.8120
[2025-12-18 19:47:35]     block 2/4, subset 2/6, depth 1/4, instance 3/3, rolling mean P_return=0.8135
[2025-12-18 19:47:35]   Saved block 2 subset 3 depth 3 (mean_P_return=0.8135)
[2025-12-18 19:47:35]   block 2/4, subset 2/6 (id=3), depth 2/4
[2025-12-18 19:47:38]         P_return=0.8045, GHZ witness=0.8045
[2025-12-18 19:47:38]     block 2/4, subset 2/6, depth 2/4, instance 1/3, rolling mean P_return=0.8045
[2025-12-18 19:47:42]         P_return=0.8150, GHZ witness=0.8150
[2025-12-18 19:47:42]     block 2/4, subset 2/6, depth 2/4, instance 2/3, rolling mean P_return=0.8097
[2025-12-18 19:47:44]         P_return=0.8030, GHZ witness=0.8030
[2025-12-18 19:47:44]     block 2/4, subset 2/6, depth 2/4, instance 3/3, rolling mean P_return=0.8075
[2025-12-18 19:47:44]   Saved block 2 subset 3 depth 5 (mean_P_return=0.8075)
[2025-12-18 19:47:44]   block 2/4, subset 2/6 (id=3), depth 3/4
[2025-12-18 19:47:47]         P_return=0.8110, GHZ witness=0.8110
[2025-12-18 19:47:47]     block 2/4, subset 2/6, depth 3/4, instance 1/3, rolling mean P_return=0.8110
[2025-12-18 19:47:51]         P_return=0.8215, GHZ witness=0.8215
[2025-12-18 19:47:51]     block 2/4, subset 2/6, depth 3/4, instance 2/3, rolling mean P_return=0.8163
[2025-12-18 19:47:54]         P_return=0.7985, GHZ witness=0.7985
[2025-12-18 19:47:54]     block 2/4, subset 2/6, depth 3/4, instance 3/3, rolling mean P_return=0.8103
[2025-12-18 19:47:54]   Saved block 2 subset 3 depth 7 (mean_P_return=0.8103)
[2025-12-18 19:47:54]   block 2/4, subset 2/6 (id=3), depth 4/4
[2025-12-18 19:47:58]         P_return=0.7825, GHZ witness=0.7825
[2025-12-18 19:47:58]     block 2/4, subset 2/6, depth 4/4, instance 1/3, rolling mean P_return=0.7825
[2025-12-18 19:48:03]         P_return=0.7995, GHZ witness=0.7995
[2025-12-18 19:48:03]     block 2/4, subset 2/6, depth 4/4, instance 2/3, rolling mean P_return=0.7910
[2025-12-18 19:48:07]         P_return=0.7925, GHZ witness=0.7925
[2025-12-18 19:48:07]     block 2/4, subset 2/6, depth 4/4, instance 3/3, rolling mean P_return=0.7915
[2025-12-18 19:48:07]   Saved block 2 subset 3 depth 9 (mean_P_return=0.7915)
[2025-12-18 19:48:07]   block 2/4, subset 3/6 (id=5), depth 1/4
[2025-12-18 19:48:10]         P_return=0.8175, GHZ witness=0.8175
[2025-12-18 19:48:10]     block 2/4, subset 3/6, depth 1/4, instance 1/3, rolling mean P_return=0.8175
[2025-12-18 19:48:13]         P_return=0.8155, GHZ witness=0.8155
[2025-12-18 19:48:13]     block 2/4, subset 3/6, depth 1/4, instance 2/3, rolling mean P_return=0.8165
[2025-12-18 19:48:15]         P_return=0.8300, GHZ witness=0.8300
[2025-12-18 19:48:15]     block 2/4, subset 3/6, depth 1/4, instance 3/3, rolling mean P_return=0.8210
[2025-12-18 19:48:15]   Saved block 2 subset 5 depth 3 (mean_P_return=0.8210)
[2025-12-18 19:48:15]   block 2/4, subset 3/6 (id=5), depth 2/4
[2025-12-18 19:48:18]         P_return=0.8145, GHZ witness=0.8145
[2025-12-18 19:48:18]     block 2/4, subset 3/6, depth 2/4, instance 1/3, rolling mean P_return=0.8145
[2025-12-18 19:48:23]         P_return=0.8105, GHZ witness=0.8105
[2025-12-18 19:48:23]     block 2/4, subset 3/6, depth 2/4, instance 2/3, rolling mean P_return=0.8125
[2025-12-18 19:48:27]         P_return=0.8105, GHZ witness=0.8105
[2025-12-18 19:48:27]     block 2/4, subset 3/6, depth 2/4, instance 3/3, rolling mean P_return=0.8118
[2025-12-18 19:48:27]   Saved block 2 subset 5 depth 5 (mean_P_return=0.8118)
[2025-12-18 19:48:27]   block 2/4, subset 3/6 (id=5), depth 3/4
[2025-12-18 19:48:30]         P_return=0.8235, GHZ witness=0.8235
[2025-12-18 19:48:30]     block 2/4, subset 3/6, depth 3/4, instance 1/3, rolling mean P_return=0.8235
[2025-12-18 19:48:34]         P_return=0.8250, GHZ witness=0.8250
[2025-12-18 19:48:34]     block 2/4, subset 3/6, depth 3/4, instance 2/3, rolling mean P_return=0.8242
[2025-12-18 19:48:37]         P_return=0.8250, GHZ witness=0.8250
[2025-12-18 19:48:37]     block 2/4, subset 3/6, depth 3/4, instance 3/3, rolling mean P_return=0.8245
[2025-12-18 19:48:37]   Saved block 2 subset 5 depth 7 (mean_P_return=0.8245)
[2025-12-18 19:48:37]   block 2/4, subset 3/6 (id=5), depth 4/4
[2025-12-18 19:48:41]         P_return=0.8350, GHZ witness=0.8350
[2025-12-18 19:48:41]     block 2/4, subset 3/6, depth 4/4, instance 1/3, rolling mean P_return=0.8350
[2025-12-18 19:48:43]         P_return=0.8330, GHZ witness=0.8330
[2025-12-18 19:48:43]     block 2/4, subset 3/6, depth 4/4, instance 2/3, rolling mean P_return=0.8340
[2025-12-18 19:48:47]         P_return=0.8155, GHZ witness=0.8155
[2025-12-18 19:48:47]     block 2/4, subset 3/6, depth 4/4, instance 3/3, rolling mean P_return=0.8278
[2025-12-18 19:48:47]   Saved block 2 subset 5 depth 9 (mean_P_return=0.8278)
[2025-12-18 19:48:47]   block 2/4, subset 4/6 (id=4), depth 1/4
[2025-12-18 19:48:50]         P_return=0.6965, GHZ witness=0.6965
[2025-12-18 19:48:50]     block 2/4, subset 4/6, depth 1/4, instance 1/3, rolling mean P_return=0.6965
[2025-12-18 19:48:54]         P_return=0.7185, GHZ witness=0.7185
[2025-12-18 19:48:54]     block 2/4, subset 4/6, depth 1/4, instance 2/3, rolling mean P_return=0.7075
[2025-12-18 19:48:57]         P_return=0.7365, GHZ witness=0.7365
[2025-12-18 19:48:57]     block 2/4, subset 4/6, depth 1/4, instance 3/3, rolling mean P_return=0.7172
[2025-12-18 19:48:57]   Saved block 2 subset 4 depth 3 (mean_P_return=0.7172)
[2025-12-18 19:48:57]   block 2/4, subset 4/6 (id=4), depth 2/4
[2025-12-18 19:49:00]         P_return=0.7065, GHZ witness=0.7065
[2025-12-18 19:49:00]     block 2/4, subset 4/6, depth 2/4, instance 1/3, rolling mean P_return=0.7065
[2025-12-18 19:49:04]         P_return=0.7215, GHZ witness=0.7215
[2025-12-18 19:49:04]     block 2/4, subset 4/6, depth 2/4, instance 2/3, rolling mean P_return=0.7140
[2025-12-18 19:49:08]         P_return=0.7145, GHZ witness=0.7145
[2025-12-18 19:49:08]     block 2/4, subset 4/6, depth 2/4, instance 3/3, rolling mean P_return=0.7142
[2025-12-18 19:49:08]   Saved block 2 subset 4 depth 5 (mean_P_return=0.7142)
[2025-12-18 19:49:08]   block 2/4, subset 4/6 (id=4), depth 3/4
[2025-12-18 19:49:11]         P_return=0.7155, GHZ witness=0.7155
[2025-12-18 19:49:11]     block 2/4, subset 4/6, depth 3/4, instance 1/3, rolling mean P_return=0.7155
[2025-12-18 19:49:15]         P_return=0.7230, GHZ witness=0.7230
[2025-12-18 19:49:15]     block 2/4, subset 4/6, depth 3/4, instance 2/3, rolling mean P_return=0.7192
[2025-12-18 19:49:16]         P_return=0.7050, GHZ witness=0.7050
[2025-12-18 19:49:16]     block 2/4, subset 4/6, depth 3/4, instance 3/3, rolling mean P_return=0.7145
[2025-12-18 19:49:16]   Saved block 2 subset 4 depth 7 (mean_P_return=0.7145)
[2025-12-18 19:49:16]   block 2/4, subset 4/6 (id=4), depth 4/4
[2025-12-18 19:49:20]         P_return=0.7175, GHZ witness=0.7175
[2025-12-18 19:49:20]     block 2/4, subset 4/6, depth 4/4, instance 1/3, rolling mean P_return=0.7175
[2025-12-18 19:49:25]         P_return=0.7170, GHZ witness=0.7170
[2025-12-18 19:49:25]     block 2/4, subset 4/6, depth 4/4, instance 2/3, rolling mean P_return=0.7172
[2025-12-18 19:49:29]         P_return=0.7320, GHZ witness=0.7320
[2025-12-18 19:49:29]     block 2/4, subset 4/6, depth 4/4, instance 3/3, rolling mean P_return=0.7222
[2025-12-18 19:49:29]   Saved block 2 subset 4 depth 9 (mean_P_return=0.7222)
[2025-12-18 19:49:29]   block 2/4, subset 5/6 (id=2), depth 1/4
[2025-12-18 19:49:32]         P_return=0.3175, GHZ witness=0.3175
[2025-12-18 19:49:32]     block 2/4, subset 5/6, depth 1/4, instance 1/3, rolling mean P_return=0.3175
[2025-12-18 19:49:36]         P_return=0.3110, GHZ witness=0.3110
[2025-12-18 19:49:36]     block 2/4, subset 5/6, depth 1/4, instance 2/3, rolling mean P_return=0.3143
[2025-12-18 19:49:39]         P_return=0.3120, GHZ witness=0.3120
[2025-12-18 19:49:39]     block 2/4, subset 5/6, depth 1/4, instance 3/3, rolling mean P_return=0.3135
[2025-12-18 19:49:39]   Saved block 2 subset 2 depth 3 (mean_P_return=0.3135)
[2025-12-18 19:49:39]   block 2/4, subset 5/6 (id=2), depth 2/4
[2025-12-18 19:49:43]         P_return=0.3180, GHZ witness=0.3180
[2025-12-18 19:49:43]     block 2/4, subset 5/6, depth 2/4, instance 1/3, rolling mean P_return=0.3180
[2025-12-18 19:49:44]         P_return=0.3495, GHZ witness=0.3495
[2025-12-18 19:49:44]     block 2/4, subset 5/6, depth 2/4, instance 2/3, rolling mean P_return=0.3337
[2025-12-18 19:49:47]         P_return=0.3375, GHZ witness=0.3375
[2025-12-18 19:49:47]     block 2/4, subset 5/6, depth 2/4, instance 3/3, rolling mean P_return=0.3350
[2025-12-18 19:49:47]   Saved block 2 subset 2 depth 5 (mean_P_return=0.3350)
[2025-12-18 19:49:47]   block 2/4, subset 5/6 (id=2), depth 3/4
[2025-12-18 19:49:51]         P_return=0.3015, GHZ witness=0.3015
[2025-12-18 19:49:51]     block 2/4, subset 5/6, depth 3/4, instance 1/3, rolling mean P_return=0.3015
[2025-12-18 19:49:54]         P_return=0.3225, GHZ witness=0.3225
[2025-12-18 19:49:54]     block 2/4, subset 5/6, depth 3/4, instance 2/3, rolling mean P_return=0.3120
[2025-12-18 19:49:58]         P_return=0.3290, GHZ witness=0.3290
[2025-12-18 19:49:58]     block 2/4, subset 5/6, depth 3/4, instance 3/3, rolling mean P_return=0.3177
[2025-12-18 19:49:58]   Saved block 2 subset 2 depth 7 (mean_P_return=0.3177)
[2025-12-18 19:49:58]   block 2/4, subset 5/6 (id=2), depth 4/4
[2025-12-18 19:50:03]         P_return=0.3375, GHZ witness=0.3375
[2025-12-18 19:50:03]     block 2/4, subset 5/6, depth 4/4, instance 1/3, rolling mean P_return=0.3375
[2025-12-18 19:50:06]         P_return=0.3225, GHZ witness=0.3225
[2025-12-18 19:50:06]     block 2/4, subset 5/6, depth 4/4, instance 2/3, rolling mean P_return=0.3300
[2025-12-18 19:50:10]         P_return=0.3015, GHZ witness=0.3015
[2025-12-18 19:50:10]     block 2/4, subset 5/6, depth 4/4, instance 3/3, rolling mean P_return=0.3205
[2025-12-18 19:50:10]   Saved block 2 subset 2 depth 9 (mean_P_return=0.3205)
[2025-12-18 19:50:10]   block 2/4, subset 6/6 (id=1), depth 1/4
[2025-12-18 19:50:13]         P_return=0.8705, GHZ witness=0.8705
[2025-12-18 19:50:13]     block 2/4, subset 6/6, depth 1/4, instance 1/3, rolling mean P_return=0.8705
[2025-12-18 19:50:15]         P_return=0.8680, GHZ witness=0.8680
[2025-12-18 19:50:15]     block 2/4, subset 6/6, depth 1/4, instance 2/3, rolling mean P_return=0.8693
[2025-12-18 19:50:18]         P_return=0.8635, GHZ witness=0.8635
[2025-12-18 19:50:18]     block 2/4, subset 6/6, depth 1/4, instance 3/3, rolling mean P_return=0.8673
[2025-12-18 19:50:18]   Saved block 2 subset 1 depth 3 (mean_P_return=0.8673)
[2025-12-18 19:50:18]   block 2/4, subset 6/6 (id=1), depth 2/4
[2025-12-18 19:50:22]         P_return=0.8630, GHZ witness=0.8630
[2025-12-18 19:50:22]     block 2/4, subset 6/6, depth 2/4, instance 1/3, rolling mean P_return=0.8630
[2025-12-18 19:50:25]         P_return=0.8825, GHZ witness=0.8825
[2025-12-18 19:50:25]     block 2/4, subset 6/6, depth 2/4, instance 2/3, rolling mean P_return=0.8727
[2025-12-18 19:50:29]         P_return=0.8730, GHZ witness=0.8730
[2025-12-18 19:50:29]     block 2/4, subset 6/6, depth 2/4, instance 3/3, rolling mean P_return=0.8728
[2025-12-18 19:50:29]   Saved block 2 subset 1 depth 5 (mean_P_return=0.8728)
[2025-12-18 19:50:29]   block 2/4, subset 6/6 (id=1), depth 3/4
[2025-12-18 19:50:33]         P_return=0.8755, GHZ witness=0.8755
[2025-12-18 19:50:33]     block 2/4, subset 6/6, depth 3/4, instance 1/3, rolling mean P_return=0.8755
[2025-12-18 19:50:37]         P_return=0.8750, GHZ witness=0.8750
[2025-12-18 19:50:37]     block 2/4, subset 6/6, depth 3/4, instance 2/3, rolling mean P_return=0.8752
[2025-12-18 19:50:40]         P_return=0.8650, GHZ witness=0.8650
[2025-12-18 19:50:40]     block 2/4, subset 6/6, depth 3/4, instance 3/3, rolling mean P_return=0.8718
[2025-12-18 19:50:40]   Saved block 2 subset 1 depth 7 (mean_P_return=0.8718)
[2025-12-18 19:50:40]   block 2/4, subset 6/6 (id=1), depth 4/4
[2025-12-18 19:50:44]         P_return=0.8745, GHZ witness=0.8745
[2025-12-18 19:50:44]     block 2/4, subset 6/6, depth 4/4, instance 1/3, rolling mean P_return=0.8745
[2025-12-18 19:50:46]         P_return=0.8740, GHZ witness=0.8740
[2025-12-18 19:50:46]     block 2/4, subset 6/6, depth 4/4, instance 2/3, rolling mean P_return=0.8742
[2025-12-18 19:50:50]         P_return=0.8760, GHZ witness=0.8760
[2025-12-18 19:50:50]     block 2/4, subset 6/6, depth 4/4, instance 3/3, rolling mean P_return=0.8748
[2025-12-18 19:50:50]   Saved block 2 subset 1 depth 9 (mean_P_return=0.8748)
[2025-12-18 19:50:50] 
Block 3/4 order: [1, 2, 5, 3, 4, 0]
[2025-12-18 19:50:50]   block 3/4, subset 1/6 (id=1), depth 1/4
[2025-12-18 19:50:53]         P_return=0.8745, GHZ witness=0.8745
[2025-12-18 19:50:53]     block 3/4, subset 1/6, depth 1/4, instance 1/3, rolling mean P_return=0.8745
[2025-12-18 19:50:56]         P_return=0.8675, GHZ witness=0.8675
[2025-12-18 19:50:56]     block 3/4, subset 1/6, depth 1/4, instance 2/3, rolling mean P_return=0.8710
[2025-12-18 19:51:00]         P_return=0.8755, GHZ witness=0.8755
[2025-12-18 19:51:00]     block 3/4, subset 1/6, depth 1/4, instance 3/3, rolling mean P_return=0.8725
[2025-12-18 19:51:00]   Saved block 3 subset 1 depth 3 (mean_P_return=0.8725)
[2025-12-18 19:51:00]   block 3/4, subset 1/6 (id=1), depth 2/4
[2025-12-18 19:51:04]         P_return=0.8510, GHZ witness=0.8510
[2025-12-18 19:51:04]     block 3/4, subset 1/6, depth 2/4, instance 1/3, rolling mean P_return=0.8510
[2025-12-18 19:51:09]         P_return=0.8740, GHZ witness=0.8740
[2025-12-18 19:51:09]     block 3/4, subset 1/6, depth 2/4, instance 2/3, rolling mean P_return=0.8625
[2025-12-18 19:51:12]         P_return=0.8745, GHZ witness=0.8745
[2025-12-18 19:51:12]     block 3/4, subset 1/6, depth 2/4, instance 3/3, rolling mean P_return=0.8665
[2025-12-18 19:51:12]   Saved block 3 subset 1 depth 5 (mean_P_return=0.8665)
[2025-12-18 19:51:12]   block 3/4, subset 1/6 (id=1), depth 3/4
[2025-12-18 19:51:13]         P_return=0.8795, GHZ witness=0.8795
[2025-12-18 19:51:13]     block 3/4, subset 1/6, depth 3/4, instance 1/3, rolling mean P_return=0.8795
[2025-12-18 19:51:17]         P_return=0.8690, GHZ witness=0.8690
[2025-12-18 19:51:17]     block 3/4, subset 1/6, depth 3/4, instance 2/3, rolling mean P_return=0.8742
[2025-12-18 19:51:20]         P_return=0.8720, GHZ witness=0.8720
[2025-12-18 19:51:20]     block 3/4, subset 1/6, depth 3/4, instance 3/3, rolling mean P_return=0.8735
[2025-12-18 19:51:20]   Saved block 3 subset 1 depth 7 (mean_P_return=0.8735)
[2025-12-18 19:51:20]   block 3/4, subset 1/6 (id=1), depth 4/4
[2025-12-18 19:51:24]         P_return=0.8860, GHZ witness=0.8860
[2025-12-18 19:51:24]     block 3/4, subset 1/6, depth 4/4, instance 1/3, rolling mean P_return=0.8860
[2025-12-18 19:51:28]         P_return=0.8680, GHZ witness=0.8680
[2025-12-18 19:51:28]     block 3/4, subset 1/6, depth 4/4, instance 2/3, rolling mean P_return=0.8770
[2025-12-18 19:51:31]         P_return=0.8665, GHZ witness=0.8665
[2025-12-18 19:51:31]     block 3/4, subset 1/6, depth 4/4, instance 3/3, rolling mean P_return=0.8735
[2025-12-18 19:51:31]   Saved block 3 subset 1 depth 9 (mean_P_return=0.8735)
[2025-12-18 19:51:31]   block 3/4, subset 2/6 (id=2), depth 1/4
[2025-12-18 19:51:35]         P_return=0.3005, GHZ witness=0.3005
[2025-12-18 19:51:35]     block 3/4, subset 2/6, depth 1/4, instance 1/3, rolling mean P_return=0.3005
[2025-12-18 19:51:38]         P_return=0.3210, GHZ witness=0.3210
[2025-12-18 19:51:38]     block 3/4, subset 2/6, depth 1/4, instance 2/3, rolling mean P_return=0.3107
[2025-12-18 19:51:41]         P_return=0.3195, GHZ witness=0.3195
[2025-12-18 19:51:41]     block 3/4, subset 2/6, depth 1/4, instance 3/3, rolling mean P_return=0.3137
[2025-12-18 19:51:41]   Saved block 3 subset 2 depth 3 (mean_P_return=0.3137)
[2025-12-18 19:51:41]   block 3/4, subset 2/6 (id=2), depth 2/4
[2025-12-18 19:51:45]         P_return=0.3045, GHZ witness=0.3045
[2025-12-18 19:51:45]     block 3/4, subset 2/6, depth 2/4, instance 1/3, rolling mean P_return=0.3045
[2025-12-18 19:51:47]         P_return=0.3125, GHZ witness=0.3125
[2025-12-18 19:51:47]     block 3/4, subset 2/6, depth 2/4, instance 2/3, rolling mean P_return=0.3085
[2025-12-18 19:51:51]         P_return=0.3090, GHZ witness=0.3090
[2025-12-18 19:51:51]     block 3/4, subset 2/6, depth 2/4, instance 3/3, rolling mean P_return=0.3087
[2025-12-18 19:51:51]   Saved block 3 subset 2 depth 5 (mean_P_return=0.3087)
[2025-12-18 19:51:51]   block 3/4, subset 2/6 (id=2), depth 3/4
[2025-12-18 19:51:54]         P_return=0.3205, GHZ witness=0.3205
[2025-12-18 19:51:54]     block 3/4, subset 2/6, depth 3/4, instance 1/3, rolling mean P_return=0.3205
[2025-12-18 19:51:58]         P_return=0.3220, GHZ witness=0.3220
[2025-12-18 19:51:58]     block 3/4, subset 2/6, depth 3/4, instance 2/3, rolling mean P_return=0.3213
[2025-12-18 19:52:02]         P_return=0.3015, GHZ witness=0.3015
[2025-12-18 19:52:02]     block 3/4, subset 2/6, depth 3/4, instance 3/3, rolling mean P_return=0.3147
[2025-12-18 19:52:02]   Saved block 3 subset 2 depth 7 (mean_P_return=0.3147)
[2025-12-18 19:52:02]   block 3/4, subset 2/6 (id=2), depth 4/4
[2025-12-18 19:52:07]         P_return=0.3245, GHZ witness=0.3245
[2025-12-18 19:52:07]     block 3/4, subset 2/6, depth 4/4, instance 1/3, rolling mean P_return=0.3245
[2025-12-18 19:52:11]         P_return=0.2990, GHZ witness=0.2990
[2025-12-18 19:52:11]     block 3/4, subset 2/6, depth 4/4, instance 2/3, rolling mean P_return=0.3117
[2025-12-18 19:52:14]         P_return=0.3020, GHZ witness=0.3020
[2025-12-18 19:52:14]     block 3/4, subset 2/6, depth 4/4, instance 3/3, rolling mean P_return=0.3085
[2025-12-18 19:52:14]   Saved block 3 subset 2 depth 9 (mean_P_return=0.3085)
[2025-12-18 19:52:14]   block 3/4, subset 3/6 (id=5), depth 1/4
[2025-12-18 19:52:15]         P_return=0.8435, GHZ witness=0.8435
[2025-12-18 19:52:15]     block 3/4, subset 3/6, depth 1/4, instance 1/3, rolling mean P_return=0.8435
[2025-12-18 19:52:19]         P_return=0.8425, GHZ witness=0.8425
[2025-12-18 19:52:19]     block 3/4, subset 3/6, depth 1/4, instance 2/3, rolling mean P_return=0.8430
[2025-12-18 19:52:22]         P_return=0.8360, GHZ witness=0.8360
[2025-12-18 19:52:22]     block 3/4, subset 3/6, depth 1/4, instance 3/3, rolling mean P_return=0.8407
[2025-12-18 19:52:22]   Saved block 3 subset 5 depth 3 (mean_P_return=0.8407)
[2025-12-18 19:52:22]   block 3/4, subset 3/6 (id=5), depth 2/4
[2025-12-18 19:52:26]         P_return=0.8460, GHZ witness=0.8460
[2025-12-18 19:52:26]     block 3/4, subset 3/6, depth 2/4, instance 1/3, rolling mean P_return=0.8460
[2025-12-18 19:52:29]         P_return=0.8370, GHZ witness=0.8370
[2025-12-18 19:52:29]     block 3/4, subset 3/6, depth 2/4, instance 2/3, rolling mean P_return=0.8415
[2025-12-18 19:52:33]         P_return=0.8370, GHZ witness=0.8370
[2025-12-18 19:52:33]     block 3/4, subset 3/6, depth 2/4, instance 3/3, rolling mean P_return=0.8400
[2025-12-18 19:52:33]   Saved block 3 subset 5 depth 5 (mean_P_return=0.8400)
[2025-12-18 19:52:33]   block 3/4, subset 3/6 (id=5), depth 3/4
[2025-12-18 19:52:36]         P_return=0.8275, GHZ witness=0.8275
[2025-12-18 19:52:36]     block 3/4, subset 3/6, depth 3/4, instance 1/3, rolling mean P_return=0.8275
[2025-12-18 19:52:41]         P_return=0.8355, GHZ witness=0.8355
[2025-12-18 19:52:41]     block 3/4, subset 3/6, depth 3/4, instance 2/3, rolling mean P_return=0.8315
[2025-12-18 19:52:44]         P_return=0.8575, GHZ witness=0.8575
[2025-12-18 19:52:44]     block 3/4, subset 3/6, depth 3/4, instance 3/3, rolling mean P_return=0.8402
[2025-12-18 19:52:44]   Saved block 3 subset 5 depth 7 (mean_P_return=0.8402)
[2025-12-18 19:52:44]   block 3/4, subset 3/6 (id=5), depth 4/4
[2025-12-18 19:52:46]         P_return=0.8545, GHZ witness=0.8545
[2025-12-18 19:52:46]     block 3/4, subset 3/6, depth 4/4, instance 1/3, rolling mean P_return=0.8545
[2025-12-18 19:52:50]         P_return=0.8365, GHZ witness=0.8365
[2025-12-18 19:52:50]     block 3/4, subset 3/6, depth 4/4, instance 2/3, rolling mean P_return=0.8455
[2025-12-18 19:52:53]         P_return=0.8430, GHZ witness=0.8430
[2025-12-18 19:52:53]     block 3/4, subset 3/6, depth 4/4, instance 3/3, rolling mean P_return=0.8447
[2025-12-18 19:52:53]   Saved block 3 subset 5 depth 9 (mean_P_return=0.8447)
[2025-12-18 19:52:53]   block 3/4, subset 4/6 (id=3), depth 1/4
[2025-12-18 19:52:57]         P_return=0.8145, GHZ witness=0.8145
[2025-12-18 19:52:57]     block 3/4, subset 4/6, depth 1/4, instance 1/3, rolling mean P_return=0.8145
[2025-12-18 19:53:00]         P_return=0.8250, GHZ witness=0.8250
[2025-12-18 19:53:00]     block 3/4, subset 4/6, depth 1/4, instance 2/3, rolling mean P_return=0.8197
[2025-12-18 19:53:04]         P_return=0.8150, GHZ witness=0.8150
[2025-12-18 19:53:04]     block 3/4, subset 4/6, depth 1/4, instance 3/3, rolling mean P_return=0.8182
[2025-12-18 19:53:04]   Saved block 3 subset 3 depth 3 (mean_P_return=0.8182)
[2025-12-18 19:53:04]   block 3/4, subset 4/6 (id=3), depth 2/4
[2025-12-18 19:53:09]         P_return=0.7995, GHZ witness=0.7995
[2025-12-18 19:53:09]     block 3/4, subset 4/6, depth 2/4, instance 1/3, rolling mean P_return=0.7995
[2025-12-18 19:53:14]         P_return=0.8090, GHZ witness=0.8090
[2025-12-18 19:53:14]     block 3/4, subset 4/6, depth 2/4, instance 2/3, rolling mean P_return=0.8043
[2025-12-18 19:53:15]         P_return=0.7970, GHZ witness=0.7970
[2025-12-18 19:53:15]     block 3/4, subset 4/6, depth 2/4, instance 3/3, rolling mean P_return=0.8018
[2025-12-18 19:53:15]   Saved block 3 subset 3 depth 5 (mean_P_return=0.8018)
[2025-12-18 19:53:15]   block 3/4, subset 4/6 (id=3), depth 3/4
[2025-12-18 19:53:19]         P_return=0.8035, GHZ witness=0.8035
[2025-12-18 19:53:19]     block 3/4, subset 4/6, depth 3/4, instance 1/3, rolling mean P_return=0.8035
[2025-12-18 19:53:23]         P_return=0.8120, GHZ witness=0.8120
[2025-12-18 19:53:23]     block 3/4, subset 4/6, depth 3/4, instance 2/3, rolling mean P_return=0.8077
[2025-12-18 19:53:26]         P_return=0.8145, GHZ witness=0.8145
[2025-12-18 19:53:26]     block 3/4, subset 4/6, depth 3/4, instance 3/3, rolling mean P_return=0.8100
[2025-12-18 19:53:26]   Saved block 3 subset 3 depth 7 (mean_P_return=0.8100)
[2025-12-18 19:53:26]   block 3/4, subset 4/6 (id=3), depth 4/4
[2025-12-18 19:53:30]         P_return=0.8200, GHZ witness=0.8200
[2025-12-18 19:53:30]     block 3/4, subset 4/6, depth 4/4, instance 1/3, rolling mean P_return=0.8200
[2025-12-18 19:53:34]         P_return=0.8155, GHZ witness=0.8155
[2025-12-18 19:53:34]     block 3/4, subset 4/6, depth 4/4, instance 2/3, rolling mean P_return=0.8177
[2025-12-18 19:53:38]         P_return=0.8175, GHZ witness=0.8175
[2025-12-18 19:53:38]     block 3/4, subset 4/6, depth 4/4, instance 3/3, rolling mean P_return=0.8177
[2025-12-18 19:53:38]   Saved block 3 subset 3 depth 9 (mean_P_return=0.8177)
[2025-12-18 19:53:38]   block 3/4, subset 5/6 (id=4), depth 1/4
[2025-12-18 19:53:42]         P_return=0.7260, GHZ witness=0.7260
[2025-12-18 19:53:42]     block 3/4, subset 5/6, depth 1/4, instance 1/3, rolling mean P_return=0.7260
[2025-12-18 19:53:43]         P_return=0.7190, GHZ witness=0.7190
[2025-12-18 19:53:43]     block 3/4, subset 5/6, depth 1/4, instance 2/3, rolling mean P_return=0.7225
[2025-12-18 19:53:46]         P_return=0.7235, GHZ witness=0.7235
[2025-12-18 19:53:46]     block 3/4, subset 5/6, depth 1/4, instance 3/3, rolling mean P_return=0.7228
[2025-12-18 19:53:46]   Saved block 3 subset 4 depth 3 (mean_P_return=0.7228)
[2025-12-18 19:53:46]   block 3/4, subset 5/6 (id=4), depth 2/4
[2025-12-18 19:53:49]         P_return=0.7255, GHZ witness=0.7255
[2025-12-18 19:53:49]     block 3/4, subset 5/6, depth 2/4, instance 1/3, rolling mean P_return=0.7255
[2025-12-18 19:53:53]         P_return=0.7190, GHZ witness=0.7190
[2025-12-18 19:53:53]     block 3/4, subset 5/6, depth 2/4, instance 2/3, rolling mean P_return=0.7223
[2025-12-18 19:53:57]         P_return=0.7485, GHZ witness=0.7485
[2025-12-18 19:53:57]     block 3/4, subset 5/6, depth 2/4, instance 3/3, rolling mean P_return=0.7310
[2025-12-18 19:53:57]   Saved block 3 subset 4 depth 5 (mean_P_return=0.7310)
[2025-12-18 19:53:57]   block 3/4, subset 5/6 (id=4), depth 3/4
[2025-12-18 19:54:00]         P_return=0.7200, GHZ witness=0.7200
[2025-12-18 19:54:00]     block 3/4, subset 5/6, depth 3/4, instance 1/3, rolling mean P_return=0.7200
[2025-12-18 19:54:05]         P_return=0.7210, GHZ witness=0.7210
[2025-12-18 19:54:05]     block 3/4, subset 5/6, depth 3/4, instance 2/3, rolling mean P_return=0.7205
[2025-12-18 19:54:09]         P_return=0.7185, GHZ witness=0.7185
[2025-12-18 19:54:09]     block 3/4, subset 5/6, depth 3/4, instance 3/3, rolling mean P_return=0.7198
[2025-12-18 19:54:09]   Saved block 3 subset 4 depth 7 (mean_P_return=0.7198)
[2025-12-18 19:54:09]   block 3/4, subset 5/6 (id=4), depth 4/4
[2025-12-18 19:54:13]         P_return=0.7415, GHZ witness=0.7415
[2025-12-18 19:54:13]     block 3/4, subset 5/6, depth 4/4, instance 1/3, rolling mean P_return=0.7415
[2025-12-18 19:54:14]         P_return=0.7345, GHZ witness=0.7345
[2025-12-18 19:54:14]     block 3/4, subset 5/6, depth 4/4, instance 2/3, rolling mean P_return=0.7380
[2025-12-18 19:54:18]         P_return=0.7155, GHZ witness=0.7155
[2025-12-18 19:54:18]     block 3/4, subset 5/6, depth 4/4, instance 3/3, rolling mean P_return=0.7305
[2025-12-18 19:54:18]   Saved block 3 subset 4 depth 9 (mean_P_return=0.7305)
[2025-12-18 19:54:18]   block 3/4, subset 6/6 (id=0), depth 1/4
[2025-12-18 19:54:21]         P_return=0.8105, GHZ witness=0.8105
[2025-12-18 19:54:21]     block 3/4, subset 6/6, depth 1/4, instance 1/3, rolling mean P_return=0.8105
[2025-12-18 19:54:26]         P_return=0.8035, GHZ witness=0.8035
[2025-12-18 19:54:26]     block 3/4, subset 6/6, depth 1/4, instance 2/3, rolling mean P_return=0.8070
[2025-12-18 19:54:29]         P_return=0.8015, GHZ witness=0.8015
[2025-12-18 19:54:29]     block 3/4, subset 6/6, depth 1/4, instance 3/3, rolling mean P_return=0.8052
[2025-12-18 19:54:29]   Saved block 3 subset 0 depth 3 (mean_P_return=0.8052)
[2025-12-18 19:54:29]   block 3/4, subset 6/6 (id=0), depth 2/4
[2025-12-18 19:54:33]         P_return=0.8250, GHZ witness=0.8250
[2025-12-18 19:54:33]     block 3/4, subset 6/6, depth 2/4, instance 1/3, rolling mean P_return=0.8250
[2025-12-18 19:54:36]         P_return=0.8235, GHZ witness=0.8235
[2025-12-18 19:54:36]     block 3/4, subset 6/6, depth 2/4, instance 2/3, rolling mean P_return=0.8242
[2025-12-18 19:54:40]         P_return=0.8135, GHZ witness=0.8135
[2025-12-18 19:54:40]     block 3/4, subset 6/6, depth 2/4, instance 3/3, rolling mean P_return=0.8207
[2025-12-18 19:54:40]   Saved block 3 subset 0 depth 5 (mean_P_return=0.8207)
[2025-12-18 19:54:40]   block 3/4, subset 6/6 (id=0), depth 3/4
[2025-12-18 19:54:43]         P_return=0.8110, GHZ witness=0.8110
[2025-12-18 19:54:43]     block 3/4, subset 6/6, depth 3/4, instance 1/3, rolling mean P_return=0.8110
[2025-12-18 19:54:45]         P_return=0.8075, GHZ witness=0.8075
[2025-12-18 19:54:45]     block 3/4, subset 6/6, depth 3/4, instance 2/3, rolling mean P_return=0.8093
[2025-12-18 19:54:48]         P_return=0.8050, GHZ witness=0.8050
[2025-12-18 19:54:48]     block 3/4, subset 6/6, depth 3/4, instance 3/3, rolling mean P_return=0.8078
[2025-12-18 19:54:48]   Saved block 3 subset 0 depth 7 (mean_P_return=0.8078)
[2025-12-18 19:54:48]   block 3/4, subset 6/6 (id=0), depth 4/4
[2025-12-18 19:54:52]         P_return=0.8130, GHZ witness=0.8130
[2025-12-18 19:54:52]     block 3/4, subset 6/6, depth 4/4, instance 1/3, rolling mean P_return=0.8130
[2025-12-18 19:54:56]         P_return=0.8190, GHZ witness=0.8190
[2025-12-18 19:54:56]     block 3/4, subset 6/6, depth 4/4, instance 2/3, rolling mean P_return=0.8160
[2025-12-18 19:55:00]         P_return=0.8005, GHZ witness=0.8005
[2025-12-18 19:55:00]     block 3/4, subset 6/6, depth 4/4, instance 3/3, rolling mean P_return=0.8108
[2025-12-18 19:55:00]   Saved block 3 subset 0 depth 9 (mean_P_return=0.8108)
[2025-12-18 19:55:00] 
Block 4/4 order: [4, 0, 2, 3, 1, 5]
[2025-12-18 19:55:00]   block 4/4, subset 1/6 (id=4), depth 1/4
[2025-12-18 19:55:03]         P_return=0.7320, GHZ witness=0.7320
[2025-12-18 19:55:03]     block 4/4, subset 1/6, depth 1/4, instance 1/3, rolling mean P_return=0.7320
[2025-12-18 19:55:08]         P_return=0.7260, GHZ witness=0.7260
[2025-12-18 19:55:08]     block 4/4, subset 1/6, depth 1/4, instance 2/3, rolling mean P_return=0.7290
[2025-12-18 19:55:12]         P_return=0.7250, GHZ witness=0.7250
[2025-12-18 19:55:12]     block 4/4, subset 1/6, depth 1/4, instance 3/3, rolling mean P_return=0.7277
[2025-12-18 19:55:12]   Saved block 4 subset 4 depth 3 (mean_P_return=0.7277)
[2025-12-18 19:55:12]   block 4/4, subset 1/6 (id=4), depth 2/4
[2025-12-18 19:55:15]         P_return=0.6965, GHZ witness=0.6965
[2025-12-18 19:55:15]     block 4/4, subset 1/6, depth 2/4, instance 1/3, rolling mean P_return=0.6965
[2025-12-18 19:55:16]         P_return=0.7375, GHZ witness=0.7375
[2025-12-18 19:55:16]     block 4/4, subset 1/6, depth 2/4, instance 2/3, rolling mean P_return=0.7170
[2025-12-18 19:55:21]         P_return=0.7225, GHZ witness=0.7225
[2025-12-18 19:55:21]     block 4/4, subset 1/6, depth 2/4, instance 3/3, rolling mean P_return=0.7188
[2025-12-18 19:55:21]   Saved block 4 subset 4 depth 5 (mean_P_return=0.7188)
[2025-12-18 19:55:21]   block 4/4, subset 1/6 (id=4), depth 3/4
[2025-12-18 19:55:24]         P_return=0.7360, GHZ witness=0.7360
[2025-12-18 19:55:24]     block 4/4, subset 1/6, depth 3/4, instance 1/3, rolling mean P_return=0.7360
[2025-12-18 19:55:28]         P_return=0.7195, GHZ witness=0.7195
[2025-12-18 19:55:28]     block 4/4, subset 1/6, depth 3/4, instance 2/3, rolling mean P_return=0.7278
[2025-12-18 19:55:31]         P_return=0.7135, GHZ witness=0.7135
[2025-12-18 19:55:31]     block 4/4, subset 1/6, depth 3/4, instance 3/3, rolling mean P_return=0.7230
[2025-12-18 19:55:31]   Saved block 4 subset 4 depth 7 (mean_P_return=0.7230)
[2025-12-18 19:55:31]   block 4/4, subset 1/6 (id=4), depth 4/4
[2025-12-18 19:55:35]         P_return=0.7105, GHZ witness=0.7105
[2025-12-18 19:55:35]     block 4/4, subset 1/6, depth 4/4, instance 1/3, rolling mean P_return=0.7105
[2025-12-18 19:55:39]         P_return=0.7185, GHZ witness=0.7185
[2025-12-18 19:55:39]     block 4/4, subset 1/6, depth 4/4, instance 2/3, rolling mean P_return=0.7145
[2025-12-18 19:55:43]         P_return=0.7045, GHZ witness=0.7045
[2025-12-18 19:55:43]     block 4/4, subset 1/6, depth 4/4, instance 3/3, rolling mean P_return=0.7112
[2025-12-18 19:55:43]   Saved block 4 subset 4 depth 9 (mean_P_return=0.7112)
[2025-12-18 19:55:43]   block 4/4, subset 2/6 (id=0), depth 1/4
[2025-12-18 19:55:43]         P_return=0.8035, GHZ witness=0.8035
[2025-12-18 19:55:43]     block 4/4, subset 2/6, depth 1/4, instance 1/3, rolling mean P_return=0.8035
[2025-12-18 19:55:47]         P_return=0.8185, GHZ witness=0.8185
[2025-12-18 19:55:47]     block 4/4, subset 2/6, depth 1/4, instance 2/3, rolling mean P_return=0.8110
[2025-12-18 19:55:50]         P_return=0.8010, GHZ witness=0.8010
[2025-12-18 19:55:50]     block 4/4, subset 2/6, depth 1/4, instance 3/3, rolling mean P_return=0.8077
[2025-12-18 19:55:50]   Saved block 4 subset 0 depth 3 (mean_P_return=0.8077)
[2025-12-18 19:55:50]   block 4/4, subset 2/6 (id=0), depth 2/4
[2025-12-18 19:55:54]         P_return=0.8070, GHZ witness=0.8070
[2025-12-18 19:55:54]     block 4/4, subset 2/6, depth 2/4, instance 1/3, rolling mean P_return=0.8070
[2025-12-18 19:55:58]         P_return=0.8320, GHZ witness=0.8320
[2025-12-18 19:55:58]     block 4/4, subset 2/6, depth 2/4, instance 2/3, rolling mean P_return=0.8195
[2025-12-18 19:56:01]         P_return=0.7975, GHZ witness=0.7975
[2025-12-18 19:56:01]     block 4/4, subset 2/6, depth 2/4, instance 3/3, rolling mean P_return=0.8122
[2025-12-18 19:56:01]   Saved block 4 subset 0 depth 5 (mean_P_return=0.8122)
[2025-12-18 19:56:01]   block 4/4, subset 2/6 (id=0), depth 3/4
[2025-12-18 19:56:05]         P_return=0.8240, GHZ witness=0.8240
[2025-12-18 19:56:05]     block 4/4, subset 2/6, depth 3/4, instance 1/3, rolling mean P_return=0.8240
[2025-12-18 19:56:10]         P_return=0.7995, GHZ witness=0.7995
[2025-12-18 19:56:10]     block 4/4, subset 2/6, depth 3/4, instance 2/3, rolling mean P_return=0.8117
[2025-12-18 19:56:14]         P_return=0.8125, GHZ witness=0.8125
[2025-12-18 19:56:14]     block 4/4, subset 2/6, depth 3/4, instance 3/3, rolling mean P_return=0.8120
[2025-12-18 19:56:14]   Saved block 4 subset 0 depth 7 (mean_P_return=0.8120)
[2025-12-18 19:56:14]   block 4/4, subset 2/6 (id=0), depth 4/4
[2025-12-18 19:56:16]         P_return=0.8185, GHZ witness=0.8185
[2025-12-18 19:56:16]     block 4/4, subset 2/6, depth 4/4, instance 1/3, rolling mean P_return=0.8185
[2025-12-18 19:56:20]         P_return=0.8125, GHZ witness=0.8125
[2025-12-18 19:56:20]     block 4/4, subset 2/6, depth 4/4, instance 2/3, rolling mean P_return=0.8155
[2025-12-18 19:56:24]         P_return=0.8075, GHZ witness=0.8075
[2025-12-18 19:56:24]     block 4/4, subset 2/6, depth 4/4, instance 3/3, rolling mean P_return=0.8128
[2025-12-18 19:56:24]   Saved block 4 subset 0 depth 9 (mean_P_return=0.8128)
[2025-12-18 19:56:24]   block 4/4, subset 3/6 (id=2), depth 1/4
[2025-12-18 19:56:27]         P_return=0.2925, GHZ witness=0.2925
[2025-12-18 19:56:27]     block 4/4, subset 3/6, depth 1/4, instance 1/3, rolling mean P_return=0.2925
[2025-12-18 19:56:30]         P_return=0.2850, GHZ witness=0.2850
[2025-12-18 19:56:30]     block 4/4, subset 3/6, depth 1/4, instance 2/3, rolling mean P_return=0.2887
[2025-12-18 19:56:33]         P_return=0.2665, GHZ witness=0.2665
[2025-12-18 19:56:33]     block 4/4, subset 3/6, depth 1/4, instance 3/3, rolling mean P_return=0.2813
[2025-12-18 19:56:33]   Saved block 4 subset 2 depth 3 (mean_P_return=0.2813)
[2025-12-18 19:56:33]   block 4/4, subset 3/6 (id=2), depth 2/4
[2025-12-18 19:56:38]         P_return=0.2705, GHZ witness=0.2705
[2025-12-18 19:56:38]     block 4/4, subset 3/6, depth 2/4, instance 1/3, rolling mean P_return=0.2705
[2025-12-18 19:56:41]         P_return=0.2730, GHZ witness=0.2730
[2025-12-18 19:56:41]     block 4/4, subset 3/6, depth 2/4, instance 2/3, rolling mean P_return=0.2718
[2025-12-18 19:56:43]         P_return=0.2950, GHZ witness=0.2950
[2025-12-18 19:56:43]     block 4/4, subset 3/6, depth 2/4, instance 3/3, rolling mean P_return=0.2795
[2025-12-18 19:56:43]   Saved block 4 subset 2 depth 5 (mean_P_return=0.2795)
[2025-12-18 19:56:43]   block 4/4, subset 3/6 (id=2), depth 3/4
[2025-12-18 19:56:46]         P_return=0.2765, GHZ witness=0.2765
[2025-12-18 19:56:46]     block 4/4, subset 3/6, depth 3/4, instance 1/3, rolling mean P_return=0.2765
[2025-12-18 19:56:50]         P_return=0.3020, GHZ witness=0.3020
[2025-12-18 19:56:50]     block 4/4, subset 3/6, depth 3/4, instance 2/3, rolling mean P_return=0.2893
[2025-12-18 19:56:53]         P_return=0.3180, GHZ witness=0.3180
[2025-12-18 19:56:53]     block 4/4, subset 3/6, depth 3/4, instance 3/3, rolling mean P_return=0.2988
[2025-12-18 19:56:53]   Saved block 4 subset 2 depth 7 (mean_P_return=0.2988)
[2025-12-18 19:56:53]   block 4/4, subset 3/6 (id=2), depth 4/4
[2025-12-18 19:56:57]         P_return=0.2965, GHZ witness=0.2965
[2025-12-18 19:56:57]     block 4/4, subset 3/6, depth 4/4, instance 1/3, rolling mean P_return=0.2965
[2025-12-18 19:57:01]         P_return=0.3190, GHZ witness=0.3190
[2025-12-18 19:57:01]     block 4/4, subset 3/6, depth 4/4, instance 2/3, rolling mean P_return=0.3077
[2025-12-18 19:57:05]         P_return=0.3170, GHZ witness=0.3170
[2025-12-18 19:57:05]     block 4/4, subset 3/6, depth 4/4, instance 3/3, rolling mean P_return=0.3108
[2025-12-18 19:57:05]   Saved block 4 subset 2 depth 9 (mean_P_return=0.3108)
[2025-12-18 19:57:05]   block 4/4, subset 4/6 (id=3), depth 1/4
[2025-12-18 19:57:08]         P_return=0.8190, GHZ witness=0.8190
[2025-12-18 19:57:08]     block 4/4, subset 4/6, depth 1/4, instance 1/3, rolling mean P_return=0.8190
[2025-12-18 19:57:13]         P_return=0.8180, GHZ witness=0.8180
[2025-12-18 19:57:13]     block 4/4, subset 4/6, depth 1/4, instance 2/3, rolling mean P_return=0.8185
[2025-12-18 19:57:15]         P_return=0.8030, GHZ witness=0.8030
[2025-12-18 19:57:15]     block 4/4, subset 4/6, depth 1/4, instance 3/3, rolling mean P_return=0.8133
[2025-12-18 19:57:15]   Saved block 4 subset 3 depth 3 (mean_P_return=0.8133)
[2025-12-18 19:57:15]   block 4/4, subset 4/6 (id=3), depth 2/4
[2025-12-18 19:57:19]         P_return=0.8075, GHZ witness=0.8075
[2025-12-18 19:57:19]     block 4/4, subset 4/6, depth 2/4, instance 1/3, rolling mean P_return=0.8075
[2025-12-18 19:57:22]         P_return=0.8210, GHZ witness=0.8210
[2025-12-18 19:57:22]     block 4/4, subset 4/6, depth 2/4, instance 2/3, rolling mean P_return=0.8142
[2025-12-18 19:57:25]         P_return=0.8050, GHZ witness=0.8050
[2025-12-18 19:57:25]     block 4/4, subset 4/6, depth 2/4, instance 3/3, rolling mean P_return=0.8112
[2025-12-18 19:57:25]   Saved block 4 subset 3 depth 5 (mean_P_return=0.8112)
[2025-12-18 19:57:25]   block 4/4, subset 4/6 (id=3), depth 3/4
[2025-12-18 19:57:29]         P_return=0.7995, GHZ witness=0.7995
[2025-12-18 19:57:29]     block 4/4, subset 4/6, depth 3/4, instance 1/3, rolling mean P_return=0.7995
[2025-12-18 19:57:33]         P_return=0.7965, GHZ witness=0.7965
[2025-12-18 19:57:33]     block 4/4, subset 4/6, depth 3/4, instance 2/3, rolling mean P_return=0.7980
[2025-12-18 19:57:36]         P_return=0.8055, GHZ witness=0.8055
[2025-12-18 19:57:36]     block 4/4, subset 4/6, depth 3/4, instance 3/3, rolling mean P_return=0.8005
[2025-12-18 19:57:36]   Saved block 4 subset 3 depth 7 (mean_P_return=0.8005)
[2025-12-18 19:57:36]   block 4/4, subset 4/6 (id=3), depth 4/4
[2025-12-18 19:57:41]         P_return=0.8125, GHZ witness=0.8125
[2025-12-18 19:57:41]     block 4/4, subset 4/6, depth 4/4, instance 1/3, rolling mean P_return=0.8125
[2025-12-18 19:57:45]         P_return=0.8055, GHZ witness=0.8055
[2025-12-18 19:57:45]     block 4/4, subset 4/6, depth 4/4, instance 2/3, rolling mean P_return=0.8090
[2025-12-18 19:57:47]         P_return=0.8130, GHZ witness=0.8130
[2025-12-18 19:57:47]     block 4/4, subset 4/6, depth 4/4, instance 3/3, rolling mean P_return=0.8103
[2025-12-18 19:57:47]   Saved block 4 subset 3 depth 9 (mean_P_return=0.8103)
[2025-12-18 19:57:47]   block 4/4, subset 5/6 (id=1), depth 1/4
[2025-12-18 19:57:50]         P_return=0.7935, GHZ witness=0.7935
[2025-12-18 19:57:50]     block 4/4, subset 5/6, depth 1/4, instance 1/3, rolling mean P_return=0.7935
[2025-12-18 19:57:53]         P_return=0.7710, GHZ witness=0.7710
[2025-12-18 19:57:53]     block 4/4, subset 5/6, depth 1/4, instance 2/3, rolling mean P_return=0.7823
[2025-12-18 19:57:57]         P_return=0.7545, GHZ witness=0.7545
[2025-12-18 19:57:57]     block 4/4, subset 5/6, depth 1/4, instance 3/3, rolling mean P_return=0.7730
[2025-12-18 19:57:57]   Saved block 4 subset 1 depth 3 (mean_P_return=0.7730)
[2025-12-18 19:57:57]   block 4/4, subset 5/6 (id=1), depth 2/4
[2025-12-18 19:58:00]         P_return=0.7995, GHZ witness=0.7995
[2025-12-18 19:58:00]     block 4/4, subset 5/6, depth 2/4, instance 1/3, rolling mean P_return=0.7995
[2025-12-18 19:58:03]         P_return=0.7805, GHZ witness=0.7805
[2025-12-18 19:58:03]     block 4/4, subset 5/6, depth 2/4, instance 2/3, rolling mean P_return=0.7900
[2025-12-18 19:58:07]         P_return=0.7525, GHZ witness=0.7525
[2025-12-18 19:58:07]     block 4/4, subset 5/6, depth 2/4, instance 3/3, rolling mean P_return=0.7775
[2025-12-18 19:58:07]   Saved block 4 subset 1 depth 5 (mean_P_return=0.7775)
[2025-12-18 19:58:07]   block 4/4, subset 5/6 (id=1), depth 3/4
[2025-12-18 19:58:11]         P_return=0.7500, GHZ witness=0.7500
[2025-12-18 19:58:11]     block 4/4, subset 5/6, depth 3/4, instance 1/3, rolling mean P_return=0.7500
[2025-12-18 19:58:13]         P_return=0.8225, GHZ witness=0.8225
[2025-12-18 19:58:13]     block 4/4, subset 5/6, depth 3/4, instance 2/3, rolling mean P_return=0.7863
[2025-12-18 19:58:16]         P_return=0.8655, GHZ witness=0.8655
[2025-12-18 19:58:16]     block 4/4, subset 5/6, depth 3/4, instance 3/3, rolling mean P_return=0.8127
[2025-12-18 19:58:16]   Saved block 4 subset 1 depth 7 (mean_P_return=0.8127)
[2025-12-18 19:58:16]   block 4/4, subset 5/6 (id=1), depth 4/4
[2025-12-18 19:58:21]         P_return=0.8560, GHZ witness=0.8560
[2025-12-18 19:58:21]     block 4/4, subset 5/6, depth 4/4, instance 1/3, rolling mean P_return=0.8560
[2025-12-18 19:58:25]         P_return=0.8515, GHZ witness=0.8515
[2025-12-18 19:58:25]     block 4/4, subset 5/6, depth 4/4, instance 2/3, rolling mean P_return=0.8538
[2025-12-18 19:58:29]         P_return=0.8635, GHZ witness=0.8635
[2025-12-18 19:58:29]     block 4/4, subset 5/6, depth 4/4, instance 3/3, rolling mean P_return=0.8570
[2025-12-18 19:58:29]   Saved block 4 subset 1 depth 9 (mean_P_return=0.8570)
[2025-12-18 19:58:29]   block 4/4, subset 6/6 (id=5), depth 1/4
[2025-12-18 19:58:32]         P_return=0.8200, GHZ witness=0.8200
[2025-12-18 19:58:32]     block 4/4, subset 6/6, depth 1/4, instance 1/3, rolling mean P_return=0.8200
[2025-12-18 19:58:36]         P_return=0.8380, GHZ witness=0.8380
[2025-12-18 19:58:36]     block 4/4, subset 6/6, depth 1/4, instance 2/3, rolling mean P_return=0.8290
[2025-12-18 19:58:39]         P_return=0.8085, GHZ witness=0.8085
[2025-12-18 19:58:39]     block 4/4, subset 6/6, depth 1/4, instance 3/3, rolling mean P_return=0.8222
[2025-12-18 19:58:39]   Saved block 4 subset 5 depth 3 (mean_P_return=0.8222)
[2025-12-18 19:58:39]   block 4/4, subset 6/6 (id=5), depth 2/4
[2025-12-18 19:58:42]         P_return=0.8345, GHZ witness=0.8345
[2025-12-18 19:58:42]     block 4/4, subset 6/6, depth 2/4, instance 1/3, rolling mean P_return=0.8345
[2025-12-18 19:58:43]         P_return=0.8215, GHZ witness=0.8215
[2025-12-18 19:58:43]     block 4/4, subset 6/6, depth 2/4, instance 2/3, rolling mean P_return=0.8280
[2025-12-18 19:58:47]         P_return=0.8365, GHZ witness=0.8365
[2025-12-18 19:58:47]     block 4/4, subset 6/6, depth 2/4, instance 3/3, rolling mean P_return=0.8308
[2025-12-18 19:58:47]   Saved block 4 subset 5 depth 5 (mean_P_return=0.8308)
[2025-12-18 19:58:47]   block 4/4, subset 6/6 (id=5), depth 3/4
[2025-12-18 19:58:50]         P_return=0.8230, GHZ witness=0.8230
[2025-12-18 19:58:50]     block 4/4, subset 6/6, depth 3/4, instance 1/3, rolling mean P_return=0.8230
[2025-12-18 19:58:54]         P_return=0.8180, GHZ witness=0.8180
[2025-12-18 19:58:54]     block 4/4, subset 6/6, depth 3/4, instance 2/3, rolling mean P_return=0.8205
[2025-12-18 19:58:58]         P_return=0.8350, GHZ witness=0.8350
[2025-12-18 19:58:58]     block 4/4, subset 6/6, depth 3/4, instance 3/3, rolling mean P_return=0.8253
[2025-12-18 19:58:58]   Saved block 4 subset 5 depth 7 (mean_P_return=0.8253)
[2025-12-18 19:58:58]   block 4/4, subset 6/6 (id=5), depth 4/4
[2025-12-18 19:59:02]         P_return=0.8240, GHZ witness=0.8240
[2025-12-18 19:59:02]     block 4/4, subset 6/6, depth 4/4, instance 1/3, rolling mean P_return=0.8240
[2025-12-18 19:59:06]         P_return=0.8275, GHZ witness=0.8275
[2025-12-18 19:59:06]     block 4/4, subset 6/6, depth 4/4, instance 2/3, rolling mean P_return=0.8257
[2025-12-18 19:59:10]         P_return=0.8335, GHZ witness=0.8335
[2025-12-18 19:59:10]     block 4/4, subset 6/6, depth 4/4, instance 3/3, rolling mean P_return=0.8283
[2025-12-18 19:59:10]   Saved block 4 subset 5 depth 9 (mean_P_return=0.8283)
[2025-12-18 19:59:10] 
============================================================
[2025-12-18 19:59:10] LOSCHMIDT ECHO INTERLEAVED COMPLETE in 16.7 minutes
[2025-12-18 19:59:10] Results saved to results/echo_interleaved/global/echo_interleaved.csv
