[2025-12-18 16:19:13] ============================================================
[2025-12-18 16:19:13] AWS Braket Experiment Runner
[2025-12-18 16:19:13] ============================================================
[2025-12-18 16:19:13] Device: arn:aws:braket:us-west-1::device/qpu/rigetti/Ankaa-3
[2025-12-18 16:19:13] Subset size N: 7
[2025-12-18 16:19:13] Num subsets: 12
[2025-12-18 16:19:13] Experiment: logical_code
[2025-12-18 16:19:13] Rounds: 3
[2025-12-18 16:19:13] Shots: 1000
[2025-12-18 16:19:13] Seed: 42
[2025-12-18 16:19:13] Output CSV: results/logical_code_sweep.csv
[2025-12-18 16:19:13] Resume: True
[2025-12-18 16:19:13] Simulator: False
[2025-12-18 16:19:13] ============================================================
[2025-12-18 16:19:15] Device: Ankaa-3, Status: ONLINE
[2025-12-18 16:19:15] Graph: 80 nodes, 136 edges
[2025-12-18 16:19:15] Generated 12 subsets
[2025-12-18 16:19:15] 
============================================================
[2025-12-18 16:19:15] STARTING LOGICAL CODE SWEEP
[2025-12-18 16:19:15] ============================================================
[2025-12-18 16:19:15] 
[1/12] Subset 0 (elapsed: 0.0 min)
[2025-12-18 16:19:15]   Qubits: (7, 14, 15, 16, 21, 22, 28)
[2025-12-18 16:19:15]   lambda2=0.4226, C=2.9585
[2025-12-18 16:19:15]   FAILED logical run: Subset (7, 14, 15, 16, 21, 22, 28) does not have enough ancilla qubits for 3 rounds
[2025-12-18 16:19:15] 
[2/12] Subset 1 (elapsed: 0.0 min)
[2025-12-18 16:19:15]   Qubits: (64, 70, 71, 72, 77, 78, 79)
[2025-12-18 16:19:15]   lambda2=0.5000, C=3.5000
[2025-12-18 16:19:15]   FAILED logical run: Subset (64, 70, 71, 72, 77, 78, 79) does not have enough ancilla qubits for 3 rounds
[2025-12-18 16:19:15] 
[3/12] Subset 2 (elapsed: 0.0 min)
[2025-12-18 16:19:15]   Qubits: (4, 5, 6, 12, 13, 20, 27)
[2025-12-18 16:19:15]   lambda2=0.2457, C=1.7196
[2025-12-18 16:19:15]   FAILED logical run: Subset (4, 5, 6, 12, 13, 20, 27) does not have enough ancilla qubits for 3 rounds
[2025-12-18 16:19:15] 
[4/12] Subset 3 (elapsed: 0.0 min)
[2025-12-18 16:19:15]   Qubits: (59, 65, 66, 72, 73, 74, 80)
[2025-12-18 16:19:15]   lambda2=0.4226, C=2.9585
[2025-12-18 16:19:15]   FAILED logical run: Subset (59, 65, 66, 72, 73, 74, 80) does not have enough ancilla qubits for 3 rounds
[2025-12-18 16:19:15] 
[5/12] Subset 4 (elapsed: 0.0 min)
[2025-12-18 16:19:15]   Qubits: (50, 56, 57, 58, 64, 65, 71)
[2025-12-18 16:19:15]   lambda2=0.4226, C=2.9585
[2025-12-18 16:19:15]   FAILED logical run: Subset (50, 56, 57, 58, 64, 65, 71) does not have enough ancilla qubits for 3 rounds
[2025-12-18 16:19:15] 
[6/12] Subset 5 (elapsed: 0.0 min)
[2025-12-18 16:19:15]   Qubits: (38, 39, 40, 45, 46, 47, 53)
[2025-12-18 16:19:15]   lambda2=0.5000, C=3.5000
[2025-12-18 16:19:15]   FAILED logical run: Subset (38, 39, 40, 45, 46, 47, 53) does not have enough ancilla qubits for 3 rounds
[2025-12-18 16:19:15] 
[7/12] Subset 6 (elapsed: 0.0 min)
[2025-12-18 16:19:15]   Qubits: (67, 73, 74, 75, 79, 80, 81)
[2025-12-18 16:19:15]   lambda2=0.3545, C=2.4815
[2025-12-18 16:19:15]   FAILED logical run: Subset (67, 73, 74, 75, 79, 80, 81) does not have enough ancilla qubits for 3 rounds
[2025-12-18 16:19:15] 
[8/12] Subset 7 (elapsed: 0.0 min)
[2025-12-18 16:19:15]   Qubits: (21, 22, 28, 29, 30, 35, 36)
[2025-12-18 16:19:15]   lambda2=0.5000, C=3.5000
[2025-12-18 16:19:15]   FAILED logical run: Subset (21, 22, 28, 29, 30, 35, 36) does not have enough ancilla qubits for 3 rounds
[2025-12-18 16:19:15] 
[9/12] Subset 8 (elapsed: 0.0 min)
[2025-12-18 16:19:15]   Qubits: (47, 53, 54, 55, 61, 62, 69)
[2025-12-18 16:19:15]   lambda2=0.3545, C=2.4815
[2025-12-18 16:19:15]   FAILED logical run: Subset (47, 53, 54, 55, 61, 62, 69) does not have enough ancilla qubits for 3 rounds
[2025-12-18 16:19:15] 
[10/12] Subset 9 (elapsed: 0.0 min)
[2025-12-18 16:19:15]   Qubits: (21, 28, 29, 35, 36, 37, 43)
[2025-12-18 16:19:15]   lambda2=0.3545, C=2.4815
[2025-12-18 16:19:15]   FAILED logical run: Subset (21, 28, 29, 35, 36, 37, 43) does not have enough ancilla qubits for 3 rounds
[2025-12-18 16:19:15] 
[11/12] Subset 10 (elapsed: 0.0 min)
[2025-12-18 16:19:15]   Qubits: (6, 12, 13, 19, 20, 26, 27)
[2025-12-18 16:19:15]   lambda2=0.3649, C=2.5543
[2025-12-18 16:19:15]   FAILED logical run: Subset (6, 12, 13, 19, 20, 26, 27) does not have enough ancilla qubits for 3 rounds
[2025-12-18 16:19:15] 
[12/12] Subset 11 (elapsed: 0.0 min)
[2025-12-18 16:19:15]   Qubits: (32, 33, 34, 39, 40, 41, 47)
[2025-12-18 16:19:15]   lambda2=0.5000, C=3.5000
[2025-12-18 16:19:15]   FAILED logical run: Subset (32, 33, 34, 39, 40, 41, 47) does not have enough ancilla qubits for 3 rounds
[2025-12-18 16:19:15] 
============================================================
[2025-12-18 16:19:15] LOGICAL CODE SWEEP COMPLETE in 0.0 minutes
[2025-12-18 16:19:15] Results saved to results/logical_code_sweep.csv
[2025-12-18 16:19:30] ============================================================
[2025-12-18 16:19:30] AWS Braket Experiment Runner
[2025-12-18 16:19:30] ============================================================
[2025-12-18 16:19:30] Device: arn:aws:braket:us-west-1::device/qpu/rigetti/Ankaa-3
[2025-12-18 16:19:30] Subset size N: 7
[2025-12-18 16:19:30] Num subsets: 12
[2025-12-18 16:19:30] Experiment: logical_code
[2025-12-18 16:19:30] Rounds: 2
[2025-12-18 16:19:30] Shots: 1000
[2025-12-18 16:19:30] Seed: 42
[2025-12-18 16:19:30] Output CSV: results/logical_code_sweep.csv
[2025-12-18 16:19:30] Resume: True
[2025-12-18 16:19:30] Simulator: False
[2025-12-18 16:19:30] ============================================================
[2025-12-18 16:19:31] Device: Ankaa-3, Status: ONLINE
[2025-12-18 16:19:31] Graph: 80 nodes, 136 edges
[2025-12-18 16:19:31] Generated 12 subsets
[2025-12-18 16:19:31] 
============================================================
[2025-12-18 16:19:31] STARTING LOGICAL CODE SWEEP
[2025-12-18 16:19:31] ============================================================
[2025-12-18 16:19:31] 
[1/12] Subset 0 (elapsed: 0.0 min)
[2025-12-18 16:19:31]   Qubits: (7, 14, 15, 16, 21, 22, 28)
[2025-12-18 16:19:31]   lambda2=0.4226, C=2.9585
[2025-12-18 16:19:35]     Logical success probability: 0.9980
[2025-12-18 16:19:35]   Logical result saved to CSV
[2025-12-18 16:19:35] 
[2/12] Subset 1 (elapsed: 0.1 min)
[2025-12-18 16:19:35]   Qubits: (64, 70, 71, 72, 77, 78, 79)
[2025-12-18 16:19:35]   lambda2=0.5000, C=3.5000
[2025-12-18 16:19:38]     Logical success probability: 0.9970
[2025-12-18 16:19:38]   Logical result saved to CSV
[2025-12-18 16:19:38] 
[3/12] Subset 2 (elapsed: 0.1 min)
[2025-12-18 16:19:38]   Qubits: (4, 5, 6, 12, 13, 20, 27)
[2025-12-18 16:19:38]   lambda2=0.2457, C=1.7196
[2025-12-18 16:19:41]     Logical success probability: 0.9990
[2025-12-18 16:19:41]   Logical result saved to CSV
[2025-12-18 16:19:41] 
[4/12] Subset 3 (elapsed: 0.2 min)
[2025-12-18 16:19:41]   Qubits: (59, 65, 66, 72, 73, 74, 80)
[2025-12-18 16:19:41]   lambda2=0.4226, C=2.9585
[2025-12-18 16:19:44]     Logical success probability: 0.9920
[2025-12-18 16:19:44]   Logical result saved to CSV
[2025-12-18 16:19:44] 
[5/12] Subset 4 (elapsed: 0.2 min)
[2025-12-18 16:19:44]   Qubits: (50, 56, 57, 58, 64, 65, 71)
[2025-12-18 16:19:44]   lambda2=0.4226, C=2.9585
[2025-12-18 16:19:46]     Logical success probability: 1.0000
[2025-12-18 16:19:46]   Logical result saved to CSV
[2025-12-18 16:19:46] 
[6/12] Subset 5 (elapsed: 0.2 min)
[2025-12-18 16:19:46]   Qubits: (38, 39, 40, 45, 46, 47, 53)
[2025-12-18 16:19:46]   lambda2=0.5000, C=3.5000
[2025-12-18 16:19:49]     Logical success probability: 0.9990
[2025-12-18 16:19:49]   Logical result saved to CSV
[2025-12-18 16:19:49] 
[7/12] Subset 6 (elapsed: 0.3 min)
[2025-12-18 16:19:49]   Qubits: (67, 73, 74, 75, 79, 80, 81)
[2025-12-18 16:19:49]   lambda2=0.3545, C=2.4815
[2025-12-18 16:19:52]     Logical success probability: 0.9880
[2025-12-18 16:19:52]   Logical result saved to CSV
[2025-12-18 16:19:52] 
[8/12] Subset 7 (elapsed: 0.3 min)
[2025-12-18 16:19:52]   Qubits: (21, 22, 28, 29, 30, 35, 36)
[2025-12-18 16:19:52]   lambda2=0.5000, C=3.5000
[2025-12-18 16:19:54]     Logical success probability: 1.0000
[2025-12-18 16:19:54]   Logical result saved to CSV
[2025-12-18 16:19:54] 
[9/12] Subset 8 (elapsed: 0.4 min)
[2025-12-18 16:19:54]   Qubits: (47, 53, 54, 55, 61, 62, 69)
[2025-12-18 16:19:54]   lambda2=0.3545, C=2.4815
[2025-12-18 16:19:57]     Logical success probability: 1.0000
[2025-12-18 16:19:57]   Logical result saved to CSV
[2025-12-18 16:19:57] 
[10/12] Subset 9 (elapsed: 0.4 min)
[2025-12-18 16:19:57]   Qubits: (21, 28, 29, 35, 36, 37, 43)
[2025-12-18 16:19:57]   lambda2=0.3545, C=2.4815
[2025-12-18 16:19:59]     Logical success probability: 0.9990
[2025-12-18 16:19:59]   Logical result saved to CSV
[2025-12-18 16:19:59] 
[11/12] Subset 10 (elapsed: 0.5 min)
[2025-12-18 16:19:59]   Qubits: (6, 12, 13, 19, 20, 26, 27)
[2025-12-18 16:19:59]   lambda2=0.3649, C=2.5543
[2025-12-18 16:20:03]     Logical success probability: 0.9990
[2025-12-18 16:20:03]   Logical result saved to CSV
[2025-12-18 16:20:03] 
[12/12] Subset 11 (elapsed: 0.5 min)
[2025-12-18 16:20:03]   Qubits: (32, 33, 34, 39, 40, 41, 47)
[2025-12-18 16:20:03]   lambda2=0.5000, C=3.5000
[2025-12-18 16:20:05]     Logical success probability: 1.0000
[2025-12-18 16:20:05]   Logical result saved to CSV
[2025-12-18 16:20:05] 
============================================================
[2025-12-18 16:20:05] LOGICAL CODE SWEEP COMPLETE in 0.6 minutes
[2025-12-18 16:20:05] Results saved to results/logical_code_sweep.csv
