[2025-12-18 17:19:27] ============================================================
[2025-12-18 17:19:27] AWS Braket Experiment Runner
[2025-12-18 17:19:27] ============================================================
[2025-12-18 17:19:27] Device: arn:aws:braket:us-west-1::device/qpu/rigetti/Ankaa-3
[2025-12-18 17:19:27] Subset size N: 7
[2025-12-18 17:19:27] Num subsets: 12
[2025-12-18 17:19:27] Experiment: loschmidt_echo
[2025-12-18 17:19:27] Depths: [5, 10, 20, 30]
[2025-12-18 17:19:27] K (instances per depth): 5
[2025-12-18 17:19:27] Fit eps: 0.001
[2025-12-18 17:19:27] Shots: 1000
[2025-12-18 17:19:27] Seed: 42
[2025-12-18 17:19:27] Output CSV: results/loschmidt_echo_sweep_N7.csv
[2025-12-18 17:19:27] Alpha CSV: results/loschmidt_echo_alpha_N7.csv
[2025-12-18 17:19:27] Resume: True
[2025-12-18 17:19:27] Simulator: False
[2025-12-18 17:19:27] ============================================================
[2025-12-18 17:19:28] Device: Ankaa-3, Status: ONLINE
[2025-12-18 17:19:28] Graph: 80 nodes, 136 edges
[2025-12-18 17:19:28] Generated 12 subsets
[2025-12-18 17:19:28] 
============================================================
[2025-12-18 17:19:28] STARTING LOSCHMIDT ECHO SWEEP
[2025-12-18 17:19:28] ============================================================
[2025-12-18 17:19:28] 
[1/12] Subset 0 (elapsed: 0.0 min)
[2025-12-18 17:19:28]   Qubits: (7, 14, 15, 16, 21, 22, 28)
[2025-12-18 17:19:28]   lambda2=0.4226, C=2.9585
[2025-12-18 17:19:28]   Depth 5: running 5 instances
[2025-12-18 17:19:28]     Instance 1/5
[2025-12-18 17:19:32]         P_return=0.8400, GHZ witness=0.8400
[2025-12-18 17:19:32]       Running mean P_return=0.8400
[2025-12-18 17:19:32]     Instance 2/5
[2025-12-18 17:19:34]         P_return=0.8410, GHZ witness=0.8410
[2025-12-18 17:19:34]       Running mean P_return=0.8405
[2025-12-18 17:19:34]     Instance 3/5
[2025-12-18 17:19:37]         P_return=0.8470, GHZ witness=0.8470
[2025-12-18 17:19:37]       Running mean P_return=0.8427
[2025-12-18 17:19:37]     Instance 4/5
[2025-12-18 17:19:40]         P_return=0.8550, GHZ witness=0.8550
[2025-12-18 17:19:40]       Running mean P_return=0.8458
[2025-12-18 17:19:40]     Instance 5/5
[2025-12-18 17:19:43]         P_return=0.8200, GHZ witness=0.8200
[2025-12-18 17:19:43]       Running mean P_return=0.8406
[2025-12-18 17:19:43]   Saved depth 5 result (mean_P_return=0.8406)
[2025-12-18 17:19:43]   Depth 10: running 5 instances
[2025-12-18 17:19:43]     Instance 1/5
[2025-12-18 17:19:46]         P_return=0.8400, GHZ witness=0.8400
[2025-12-18 17:19:46]       Running mean P_return=0.8400
[2025-12-18 17:19:46]     Instance 2/5
[2025-12-18 17:19:48]         P_return=0.8340, GHZ witness=0.8340
[2025-12-18 17:19:48]       Running mean P_return=0.8370
[2025-12-18 17:19:48]     Instance 3/5
[2025-12-18 17:19:52]         P_return=0.8450, GHZ witness=0.8450
[2025-12-18 17:19:52]       Running mean P_return=0.8397
[2025-12-18 17:19:52]     Instance 4/5
[2025-12-18 17:19:56]         P_return=0.8220, GHZ witness=0.8220
[2025-12-18 17:19:56]       Running mean P_return=0.8353
[2025-12-18 17:19:56]     Instance 5/5
[2025-12-18 17:19:59]         P_return=0.8620, GHZ witness=0.8620
[2025-12-18 17:19:59]       Running mean P_return=0.8406
[2025-12-18 17:19:59]   Saved depth 10 result (mean_P_return=0.8406)
[2025-12-18 17:19:59]   Depth 20: running 5 instances
[2025-12-18 17:19:59]     Instance 1/5
[2025-12-18 17:20:03]         P_return=0.8440, GHZ witness=0.8440
[2025-12-18 17:20:03]       Running mean P_return=0.8440
[2025-12-18 17:20:03]     Instance 2/5
[2025-12-18 17:20:07]         P_return=0.8680, GHZ witness=0.8680
[2025-12-18 17:20:07]       Running mean P_return=0.8560
[2025-12-18 17:20:07]     Instance 3/5
[2025-12-18 17:20:10]         P_return=0.8530, GHZ witness=0.8530
[2025-12-18 17:20:10]       Running mean P_return=0.8550
[2025-12-18 17:20:10]     Instance 4/5
[2025-12-18 17:20:14]         P_return=0.8340, GHZ witness=0.8340
[2025-12-18 17:20:14]       Running mean P_return=0.8498
[2025-12-18 17:20:14]     Instance 5/5
[2025-12-18 17:20:16]         P_return=0.8550, GHZ witness=0.8550
[2025-12-18 17:20:16]       Running mean P_return=0.8508
[2025-12-18 17:20:16]   Saved depth 20 result (mean_P_return=0.8508)
[2025-12-18 17:20:16]   Depth 30: running 5 instances
[2025-12-18 17:20:16]     Instance 1/5
[2025-12-18 17:20:20]         P_return=0.8540, GHZ witness=0.8540
[2025-12-18 17:20:20]       Running mean P_return=0.8540
[2025-12-18 17:20:20]     Instance 2/5
[2025-12-18 17:20:24]         P_return=0.8520, GHZ witness=0.8520
[2025-12-18 17:20:24]       Running mean P_return=0.8530
[2025-12-18 17:20:24]     Instance 3/5
[2025-12-18 17:20:28]         P_return=0.8510, GHZ witness=0.8510
[2025-12-18 17:20:28]       Running mean P_return=0.8523
[2025-12-18 17:20:28]     Instance 4/5
[2025-12-18 17:20:32]         P_return=0.8420, GHZ witness=0.8420
[2025-12-18 17:20:32]       Running mean P_return=0.8498
[2025-12-18 17:20:32]     Instance 5/5
[2025-12-18 17:20:36]         P_return=0.8450, GHZ witness=0.8450
[2025-12-18 17:20:36]       Running mean P_return=0.8488
[2025-12-18 17:20:36]   Saved depth 30 result (mean_P_return=0.8488)
[2025-12-18 17:20:36]   Alpha fit saved (alpha=-0.0005, points=4)
[2025-12-18 17:20:36] 
[2/12] Subset 1 (elapsed: 1.1 min)
[2025-12-18 17:20:36]   Qubits: (64, 70, 71, 72, 77, 78, 79)
[2025-12-18 17:20:36]   lambda2=0.5000, C=3.5000
[2025-12-18 17:20:36]   Depth 5: running 5 instances
[2025-12-18 17:20:36]     Instance 1/5
[2025-12-18 17:20:39]         P_return=0.5770, GHZ witness=0.5770
[2025-12-18 17:20:39]       Running mean P_return=0.5770
[2025-12-18 17:20:39]     Instance 2/5
[2025-12-18 17:20:42]         P_return=0.5770, GHZ witness=0.5770
[2025-12-18 17:20:42]       Running mean P_return=0.5770
[2025-12-18 17:20:42]     Instance 3/5
[2025-12-18 17:20:45]         P_return=0.6020, GHZ witness=0.6020
[2025-12-18 17:20:45]       Running mean P_return=0.5853
[2025-12-18 17:20:45]     Instance 4/5
[2025-12-18 17:20:48]         P_return=0.6000, GHZ witness=0.6000
[2025-12-18 17:20:48]       Running mean P_return=0.5890
[2025-12-18 17:20:48]     Instance 5/5
[2025-12-18 17:20:50]         P_return=0.5620, GHZ witness=0.5620
[2025-12-18 17:20:50]       Running mean P_return=0.5836
[2025-12-18 17:20:50]   Saved depth 5 result (mean_P_return=0.5836)
[2025-12-18 17:20:50]   Depth 10: running 5 instances
[2025-12-18 17:20:50]     Instance 1/5
[2025-12-18 17:20:53]         P_return=0.5780, GHZ witness=0.5780
[2025-12-18 17:20:53]       Running mean P_return=0.5780
[2025-12-18 17:20:53]     Instance 2/5
[2025-12-18 17:20:57]         P_return=0.5830, GHZ witness=0.5830
[2025-12-18 17:20:57]       Running mean P_return=0.5805
[2025-12-18 17:20:57]     Instance 3/5
[2025-12-18 17:21:00]         P_return=0.5760, GHZ witness=0.5760
[2025-12-18 17:21:00]       Running mean P_return=0.5790
[2025-12-18 17:21:00]     Instance 4/5
[2025-12-18 17:21:03]         P_return=0.5710, GHZ witness=0.5710
[2025-12-18 17:21:03]       Running mean P_return=0.5770
[2025-12-18 17:21:03]     Instance 5/5
[2025-12-18 17:21:06]         P_return=0.5920, GHZ witness=0.5920
[2025-12-18 17:21:06]       Running mean P_return=0.5800
[2025-12-18 17:21:06]   Saved depth 10 result (mean_P_return=0.5800)
[2025-12-18 17:21:06]   Depth 20: running 5 instances
[2025-12-18 17:21:06]     Instance 1/5
[2025-12-18 17:21:10]         P_return=0.5970, GHZ witness=0.5970
[2025-12-18 17:21:10]       Running mean P_return=0.5970
[2025-12-18 17:21:10]     Instance 2/5
[2025-12-18 17:21:13]         P_return=0.5870, GHZ witness=0.5870
[2025-12-18 17:21:13]       Running mean P_return=0.5920
[2025-12-18 17:21:13]     Instance 3/5
[2025-12-18 17:21:17]         P_return=0.6110, GHZ witness=0.6110
[2025-12-18 17:21:17]       Running mean P_return=0.5983
[2025-12-18 17:21:17]     Instance 4/5
[2025-12-18 17:21:18]         P_return=0.5700, GHZ witness=0.5700
[2025-12-18 17:21:18]       Running mean P_return=0.5912
[2025-12-18 17:21:18]     Instance 5/5
[2025-12-18 17:21:22]         P_return=0.5810, GHZ witness=0.5810
[2025-12-18 17:21:22]       Running mean P_return=0.5892
[2025-12-18 17:21:22]   Saved depth 20 result (mean_P_return=0.5892)
[2025-12-18 17:21:22]   Depth 30: running 5 instances
[2025-12-18 17:21:22]     Instance 1/5
[2025-12-18 17:21:26]         P_return=0.5740, GHZ witness=0.5740
[2025-12-18 17:21:26]       Running mean P_return=0.5740
[2025-12-18 17:21:26]     Instance 2/5
[2025-12-18 17:21:30]         P_return=0.5700, GHZ witness=0.5700
[2025-12-18 17:21:30]       Running mean P_return=0.5720
[2025-12-18 17:21:30]     Instance 3/5
[2025-12-18 17:21:34]         P_return=0.6080, GHZ witness=0.6080
[2025-12-18 17:21:34]       Running mean P_return=0.5840
[2025-12-18 17:21:34]     Instance 4/5
[2025-12-18 17:21:38]         P_return=0.5870, GHZ witness=0.5870
[2025-12-18 17:21:38]       Running mean P_return=0.5847
[2025-12-18 17:21:38]     Instance 5/5
[2025-12-18 17:21:42]         P_return=0.5760, GHZ witness=0.5760
[2025-12-18 17:21:42]       Running mean P_return=0.5830
[2025-12-18 17:21:42]   Saved depth 30 result (mean_P_return=0.5830)
[2025-12-18 17:21:42]   Alpha fit saved (alpha=-0.0002, points=4)
[2025-12-18 17:21:42] 
[3/12] Subset 2 (elapsed: 2.2 min)
[2025-12-18 17:21:42]   Qubits: (4, 5, 6, 12, 13, 20, 27)
[2025-12-18 17:21:42]   lambda2=0.2457, C=1.7196
[2025-12-18 17:21:42]   Depth 5: running 5 instances
[2025-12-18 17:21:42]     Instance 1/5
[2025-12-18 17:21:45]         P_return=0.9160, GHZ witness=0.9160
[2025-12-18 17:21:45]       Running mean P_return=0.9160
[2025-12-18 17:21:45]     Instance 2/5
[2025-12-18 17:21:48]         P_return=0.9160, GHZ witness=0.9160
[2025-12-18 17:21:48]       Running mean P_return=0.9160
[2025-12-18 17:21:48]     Instance 3/5
[2025-12-18 17:21:50]         P_return=0.9180, GHZ witness=0.9180
[2025-12-18 17:21:50]       Running mean P_return=0.9167
[2025-12-18 17:21:50]     Instance 4/5
[2025-12-18 17:21:53]         P_return=0.9390, GHZ witness=0.9390
[2025-12-18 17:21:53]       Running mean P_return=0.9223
[2025-12-18 17:21:53]     Instance 5/5
[2025-12-18 17:21:57]         P_return=0.9140, GHZ witness=0.9140
[2025-12-18 17:21:57]       Running mean P_return=0.9206
[2025-12-18 17:21:57]   Saved depth 5 result (mean_P_return=0.9206)
[2025-12-18 17:21:57]   Depth 10: running 5 instances
[2025-12-18 17:21:57]     Instance 1/5
[2025-12-18 17:22:00]         P_return=0.9360, GHZ witness=0.9360
[2025-12-18 17:22:00]       Running mean P_return=0.9360
[2025-12-18 17:22:00]     Instance 2/5
[2025-12-18 17:22:04]         P_return=0.9210, GHZ witness=0.9210
[2025-12-18 17:22:04]       Running mean P_return=0.9285
[2025-12-18 17:22:04]     Instance 3/5
[2025-12-18 17:22:07]         P_return=0.9200, GHZ witness=0.9200
[2025-12-18 17:22:07]       Running mean P_return=0.9257
[2025-12-18 17:22:07]     Instance 4/5
[2025-12-18 17:22:10]         P_return=0.9190, GHZ witness=0.9190
[2025-12-18 17:22:10]       Running mean P_return=0.9240
[2025-12-18 17:22:10]     Instance 5/5
[2025-12-18 17:22:13]         P_return=0.9190, GHZ witness=0.9190
[2025-12-18 17:22:13]       Running mean P_return=0.9230
[2025-12-18 17:22:13]   Saved depth 10 result (mean_P_return=0.9230)
[2025-12-18 17:22:13]   Depth 20: running 5 instances
[2025-12-18 17:22:13]     Instance 1/5
[2025-12-18 17:22:17]         P_return=0.9340, GHZ witness=0.9340
[2025-12-18 17:22:17]       Running mean P_return=0.9340
[2025-12-18 17:22:17]     Instance 2/5
[2025-12-18 17:22:18]         P_return=0.9010, GHZ witness=0.9010
[2025-12-18 17:22:18]       Running mean P_return=0.9175
[2025-12-18 17:22:18]     Instance 3/5
[2025-12-18 17:22:22]         P_return=0.9220, GHZ witness=0.9220
[2025-12-18 17:22:22]       Running mean P_return=0.9190
[2025-12-18 17:22:22]     Instance 4/5
[2025-12-18 17:22:26]         P_return=0.9260, GHZ witness=0.9260
[2025-12-18 17:22:26]       Running mean P_return=0.9208
[2025-12-18 17:22:26]     Instance 5/5
[2025-12-18 17:22:30]         P_return=0.9050, GHZ witness=0.9050
[2025-12-18 17:22:30]       Running mean P_return=0.9176
[2025-12-18 17:22:30]   Saved depth 20 result (mean_P_return=0.9176)
[2025-12-18 17:22:30]   Depth 30: running 5 instances
[2025-12-18 17:22:30]     Instance 1/5
[2025-12-18 17:22:34]         P_return=0.9230, GHZ witness=0.9230
[2025-12-18 17:22:34]       Running mean P_return=0.9230
[2025-12-18 17:22:34]     Instance 2/5
[2025-12-18 17:22:38]         P_return=0.9210, GHZ witness=0.9210
[2025-12-18 17:22:38]       Running mean P_return=0.9220
[2025-12-18 17:22:38]     Instance 3/5
[2025-12-18 17:22:42]         P_return=0.9210, GHZ witness=0.9210
[2025-12-18 17:22:42]       Running mean P_return=0.9217
[2025-12-18 17:22:42]     Instance 4/5
[2025-12-18 17:22:46]         P_return=0.9180, GHZ witness=0.9180
[2025-12-18 17:22:46]       Running mean P_return=0.9208
[2025-12-18 17:22:46]     Instance 5/5
[2025-12-18 17:22:48]         P_return=0.9230, GHZ witness=0.9230
[2025-12-18 17:22:48]       Running mean P_return=0.9212
[2025-12-18 17:22:48]   Saved depth 30 result (mean_P_return=0.9212)
[2025-12-18 17:22:48]   Alpha fit saved (alpha=0.0001, points=4)
[2025-12-18 17:22:48] 
[4/12] Subset 3 (elapsed: 3.3 min)
[2025-12-18 17:22:48]   Qubits: (59, 65, 66, 72, 73, 74, 80)
[2025-12-18 17:22:48]   lambda2=0.4226, C=2.9585
[2025-12-18 17:22:48]   Depth 5: running 5 instances
[2025-12-18 17:22:48]     Instance 1/5
[2025-12-18 17:22:51]         P_return=0.5650, GHZ witness=0.5650
[2025-12-18 17:22:51]       Running mean P_return=0.5650
[2025-12-18 17:22:51]     Instance 2/5
[2025-12-18 17:22:54]         P_return=0.5750, GHZ witness=0.5750
[2025-12-18 17:22:54]       Running mean P_return=0.5700
[2025-12-18 17:22:54]     Instance 3/5
[2025-12-18 17:22:59]         P_return=0.5800, GHZ witness=0.5800
[2025-12-18 17:22:59]       Running mean P_return=0.5733
[2025-12-18 17:22:59]     Instance 4/5
[2025-12-18 17:23:02]         P_return=0.5990, GHZ witness=0.5990
[2025-12-18 17:23:02]       Running mean P_return=0.5797
[2025-12-18 17:23:02]     Instance 5/5
[2025-12-18 17:23:05]         P_return=0.5850, GHZ witness=0.5850
[2025-12-18 17:23:05]       Running mean P_return=0.5808
[2025-12-18 17:23:05]   Saved depth 5 result (mean_P_return=0.5808)
[2025-12-18 17:23:05]   Depth 10: running 5 instances
[2025-12-18 17:23:05]     Instance 1/5
[2025-12-18 17:23:08]         P_return=0.6030, GHZ witness=0.6030
[2025-12-18 17:23:08]       Running mean P_return=0.6030
[2025-12-18 17:23:08]     Instance 2/5
[2025-12-18 17:23:11]         P_return=0.5920, GHZ witness=0.5920
[2025-12-18 17:23:11]       Running mean P_return=0.5975
[2025-12-18 17:23:11]     Instance 3/5
[2025-12-18 17:23:14]         P_return=0.5910, GHZ witness=0.5910
[2025-12-18 17:23:14]       Running mean P_return=0.5953
[2025-12-18 17:23:14]     Instance 4/5
[2025-12-18 17:23:20]         P_return=0.5890, GHZ witness=0.5890
[2025-12-18 17:23:20]       Running mean P_return=0.5938
[2025-12-18 17:23:20]     Instance 5/5
[2025-12-18 17:23:21]         P_return=0.5980, GHZ witness=0.5980
[2025-12-18 17:23:21]       Running mean P_return=0.5946
[2025-12-18 17:23:21]   Saved depth 10 result (mean_P_return=0.5946)
[2025-12-18 17:23:21]   Depth 20: running 5 instances
[2025-12-18 17:23:21]     Instance 1/5
[2025-12-18 17:23:24]         P_return=0.5930, GHZ witness=0.5930
[2025-12-18 17:23:24]       Running mean P_return=0.5930
[2025-12-18 17:23:24]     Instance 2/5
[2025-12-18 17:23:29]         P_return=0.5840, GHZ witness=0.5840
[2025-12-18 17:23:29]       Running mean P_return=0.5885
[2025-12-18 17:23:29]     Instance 3/5
[2025-12-18 17:23:32]         P_return=0.5800, GHZ witness=0.5800
[2025-12-18 17:23:32]       Running mean P_return=0.5857
[2025-12-18 17:23:32]     Instance 4/5
[2025-12-18 17:23:36]         P_return=0.5730, GHZ witness=0.5730
[2025-12-18 17:23:36]       Running mean P_return=0.5825
[2025-12-18 17:23:36]     Instance 5/5
[2025-12-18 17:23:39]         P_return=0.6050, GHZ witness=0.6050
[2025-12-18 17:23:39]       Running mean P_return=0.5870
[2025-12-18 17:23:39]   Saved depth 20 result (mean_P_return=0.5870)
[2025-12-18 17:23:39]   Depth 30: running 5 instances
[2025-12-18 17:23:39]     Instance 1/5
[2025-12-18 17:23:43]         P_return=0.5840, GHZ witness=0.5840
[2025-12-18 17:23:43]       Running mean P_return=0.5840
[2025-12-18 17:23:43]     Instance 2/5
[2025-12-18 17:23:47]         P_return=0.5830, GHZ witness=0.5830
[2025-12-18 17:23:47]       Running mean P_return=0.5835
[2025-12-18 17:23:47]     Instance 3/5
[2025-12-18 17:23:50]         P_return=0.5920, GHZ witness=0.5920
[2025-12-18 17:23:50]       Running mean P_return=0.5863
[2025-12-18 17:23:50]     Instance 4/5
[2025-12-18 17:23:54]         P_return=0.5840, GHZ witness=0.5840
[2025-12-18 17:23:54]       Running mean P_return=0.5857
[2025-12-18 17:23:54]     Instance 5/5
[2025-12-18 17:23:58]         P_return=0.5800, GHZ witness=0.5800
[2025-12-18 17:23:58]       Running mean P_return=0.5846
[2025-12-18 17:23:58]   Saved depth 30 result (mean_P_return=0.5846)
[2025-12-18 17:23:58]   Alpha fit saved (alpha=0.0000, points=4)
[2025-12-18 17:23:58] 
[5/12] Subset 4 (elapsed: 4.5 min)
[2025-12-18 17:23:58]   Qubits: (50, 56, 57, 58, 64, 65, 71)
[2025-12-18 17:23:58]   lambda2=0.4226, C=2.9585
[2025-12-18 17:23:58]   Depth 5: running 5 instances
[2025-12-18 17:23:58]     Instance 1/5
[2025-12-18 17:24:02]         P_return=0.8300, GHZ witness=0.8300
[2025-12-18 17:24:02]       Running mean P_return=0.8300
[2025-12-18 17:24:02]     Instance 2/5
[2025-12-18 17:24:05]         P_return=0.8290, GHZ witness=0.8290
[2025-12-18 17:24:05]       Running mean P_return=0.8295
[2025-12-18 17:24:05]     Instance 3/5
[2025-12-18 17:24:08]         P_return=0.8500, GHZ witness=0.8500
[2025-12-18 17:24:08]       Running mean P_return=0.8363
[2025-12-18 17:24:08]     Instance 4/5
[2025-12-18 17:24:11]         P_return=0.8680, GHZ witness=0.8680
[2025-12-18 17:24:11]       Running mean P_return=0.8442
[2025-12-18 17:24:11]     Instance 5/5
[2025-12-18 17:24:14]         P_return=0.8300, GHZ witness=0.8300
[2025-12-18 17:24:14]       Running mean P_return=0.8414
[2025-12-18 17:24:14]   Saved depth 5 result (mean_P_return=0.8414)
[2025-12-18 17:24:14]   Depth 10: running 5 instances
[2025-12-18 17:24:14]     Instance 1/5
[2025-12-18 17:24:17]         P_return=0.8460, GHZ witness=0.8460
[2025-12-18 17:24:17]       Running mean P_return=0.8460
[2025-12-18 17:24:17]     Instance 2/5
[2025-12-18 17:24:20]         P_return=0.8810, GHZ witness=0.8810
[2025-12-18 17:24:20]       Running mean P_return=0.8635
[2025-12-18 17:24:20]     Instance 3/5
[2025-12-18 17:24:21]         P_return=0.8430, GHZ witness=0.8430
[2025-12-18 17:24:21]       Running mean P_return=0.8567
[2025-12-18 17:24:21]     Instance 4/5
[2025-12-18 17:24:24]         P_return=0.8600, GHZ witness=0.8600
[2025-12-18 17:24:24]       Running mean P_return=0.8575
[2025-12-18 17:24:24]     Instance 5/5
[2025-12-18 17:24:27]         P_return=0.8400, GHZ witness=0.8400
[2025-12-18 17:24:27]       Running mean P_return=0.8540
[2025-12-18 17:24:27]   Saved depth 10 result (mean_P_return=0.8540)
[2025-12-18 17:24:27]   Depth 20: running 5 instances
[2025-12-18 17:24:27]     Instance 1/5
[2025-12-18 17:24:31]         P_return=0.8320, GHZ witness=0.8320
[2025-12-18 17:24:31]       Running mean P_return=0.8320
[2025-12-18 17:24:31]     Instance 2/5
[2025-12-18 17:24:34]         P_return=0.8380, GHZ witness=0.8380
[2025-12-18 17:24:34]       Running mean P_return=0.8350
[2025-12-18 17:24:34]     Instance 3/5
[2025-12-18 17:24:39]         P_return=0.8280, GHZ witness=0.8280
[2025-12-18 17:24:39]       Running mean P_return=0.8327
[2025-12-18 17:24:39]     Instance 4/5
[2025-12-18 17:24:42]         P_return=0.8600, GHZ witness=0.8600
[2025-12-18 17:24:42]       Running mean P_return=0.8395
[2025-12-18 17:24:42]     Instance 5/5
[2025-12-18 17:24:46]         P_return=0.8510, GHZ witness=0.8510
[2025-12-18 17:24:46]       Running mean P_return=0.8418
[2025-12-18 17:24:46]   Saved depth 20 result (mean_P_return=0.8418)
[2025-12-18 17:24:46]   Depth 30: running 5 instances
[2025-12-18 17:24:46]     Instance 1/5
[2025-12-18 17:24:50]         P_return=0.8680, GHZ witness=0.8680
[2025-12-18 17:24:50]       Running mean P_return=0.8680
[2025-12-18 17:24:50]     Instance 2/5
[2025-12-18 17:24:52]         P_return=0.8390, GHZ witness=0.8390
[2025-12-18 17:24:52]       Running mean P_return=0.8535
[2025-12-18 17:24:52]     Instance 3/5
[2025-12-18 17:24:56]         P_return=0.8400, GHZ witness=0.8400
[2025-12-18 17:24:56]       Running mean P_return=0.8490
[2025-12-18 17:24:56]     Instance 4/5
[2025-12-18 17:25:00]         P_return=0.8460, GHZ witness=0.8460
[2025-12-18 17:25:00]       Running mean P_return=0.8482
[2025-12-18 17:25:00]     Instance 5/5
[2025-12-18 17:25:05]         P_return=0.8480, GHZ witness=0.8480
[2025-12-18 17:25:05]       Running mean P_return=0.8482
[2025-12-18 17:25:05]   Saved depth 30 result (mean_P_return=0.8482)
[2025-12-18 17:25:05]   Alpha fit saved (alpha=-0.0001, points=4)
[2025-12-18 17:25:05] 
[6/12] Subset 5 (elapsed: 5.6 min)
[2025-12-18 17:25:05]   Qubits: (38, 39, 40, 45, 46, 47, 53)
[2025-12-18 17:25:05]   lambda2=0.5000, C=3.5000
[2025-12-18 17:25:05]   Depth 5: running 5 instances
[2025-12-18 17:25:05]     Instance 1/5
[2025-12-18 17:25:07]         P_return=0.8260, GHZ witness=0.8260
[2025-12-18 17:25:07]       Running mean P_return=0.8260
[2025-12-18 17:25:07]     Instance 2/5
[2025-12-18 17:25:11]         P_return=0.8340, GHZ witness=0.8340
[2025-12-18 17:25:11]       Running mean P_return=0.8300
[2025-12-18 17:25:11]     Instance 3/5
[2025-12-18 17:25:14]         P_return=0.8670, GHZ witness=0.8670
[2025-12-18 17:25:14]       Running mean P_return=0.8423
[2025-12-18 17:25:14]     Instance 4/5
[2025-12-18 17:25:17]         P_return=0.8520, GHZ witness=0.8520
[2025-12-18 17:25:17]       Running mean P_return=0.8448
[2025-12-18 17:25:17]     Instance 5/5
[2025-12-18 17:25:19]         P_return=0.8380, GHZ witness=0.8380
[2025-12-18 17:25:19]       Running mean P_return=0.8434
[2025-12-18 17:25:19]   Saved depth 5 result (mean_P_return=0.8434)
[2025-12-18 17:25:19]   Depth 10: running 5 instances
[2025-12-18 17:25:19]     Instance 1/5
[2025-12-18 17:25:21]         P_return=0.8540, GHZ witness=0.8540
[2025-12-18 17:25:21]       Running mean P_return=0.8540
[2025-12-18 17:25:21]     Instance 2/5
[2025-12-18 17:25:24]         P_return=0.8610, GHZ witness=0.8610
[2025-12-18 17:25:24]       Running mean P_return=0.8575
[2025-12-18 17:25:24]     Instance 3/5
[2025-12-18 17:25:27]         P_return=0.8320, GHZ witness=0.8320
[2025-12-18 17:25:27]       Running mean P_return=0.8490
[2025-12-18 17:25:27]     Instance 4/5
[2025-12-18 17:25:30]         P_return=0.8320, GHZ witness=0.8320
[2025-12-18 17:25:30]       Running mean P_return=0.8447
[2025-12-18 17:25:30]     Instance 5/5
[2025-12-18 17:25:33]         P_return=0.8390, GHZ witness=0.8390
[2025-12-18 17:25:33]       Running mean P_return=0.8436
[2025-12-18 17:25:33]   Saved depth 10 result (mean_P_return=0.8436)
[2025-12-18 17:25:33]   Depth 20: running 5 instances
[2025-12-18 17:25:33]     Instance 1/5
[2025-12-18 17:25:37]         P_return=0.8440, GHZ witness=0.8440
[2025-12-18 17:25:37]       Running mean P_return=0.8440
[2025-12-18 17:25:37]     Instance 2/5
[2025-12-18 17:25:40]         P_return=0.8520, GHZ witness=0.8520
[2025-12-18 17:25:40]       Running mean P_return=0.8480
[2025-12-18 17:25:40]     Instance 3/5
[2025-12-18 17:25:44]         P_return=0.8260, GHZ witness=0.8260
[2025-12-18 17:25:44]       Running mean P_return=0.8407
[2025-12-18 17:25:44]     Instance 4/5
[2025-12-18 17:25:47]         P_return=0.8400, GHZ witness=0.8400
[2025-12-18 17:25:47]       Running mean P_return=0.8405
[2025-12-18 17:25:47]     Instance 5/5
[2025-12-18 17:25:51]         P_return=0.8670, GHZ witness=0.8670
[2025-12-18 17:25:51]       Running mean P_return=0.8458
[2025-12-18 17:25:51]   Saved depth 20 result (mean_P_return=0.8458)
[2025-12-18 17:25:51]   Depth 30: running 5 instances
[2025-12-18 17:25:51]     Instance 1/5
[2025-12-18 17:25:53]         P_return=0.8430, GHZ witness=0.8430
[2025-12-18 17:25:53]       Running mean P_return=0.8430
[2025-12-18 17:25:53]     Instance 2/5
[2025-12-18 17:25:57]         P_return=0.8420, GHZ witness=0.8420
[2025-12-18 17:25:57]       Running mean P_return=0.8425
[2025-12-18 17:25:57]     Instance 3/5
[2025-12-18 17:26:01]         P_return=0.8410, GHZ witness=0.8410
[2025-12-18 17:26:01]       Running mean P_return=0.8420
[2025-12-18 17:26:01]     Instance 4/5
[2025-12-18 17:26:05]         P_return=0.8390, GHZ witness=0.8390
[2025-12-18 17:26:05]       Running mean P_return=0.8412
[2025-12-18 17:26:05]     Instance 5/5
[2025-12-18 17:26:10]         P_return=0.8540, GHZ witness=0.8540
[2025-12-18 17:26:10]       Running mean P_return=0.8438
[2025-12-18 17:26:10]   Saved depth 30 result (mean_P_return=0.8438)
[2025-12-18 17:26:10]   Alpha fit saved (alpha=-0.0000, points=4)
[2025-12-18 17:26:10] 
[7/12] Subset 6 (elapsed: 6.7 min)
[2025-12-18 17:26:10]   Qubits: (67, 73, 74, 75, 79, 80, 81)
[2025-12-18 17:26:10]   lambda2=0.3545, C=2.4815
[2025-12-18 17:26:10]   Depth 5: running 5 instances
[2025-12-18 17:26:10]     Instance 1/5
[2025-12-18 17:26:13]         P_return=0.5680, GHZ witness=0.5680
[2025-12-18 17:26:13]       Running mean P_return=0.5680
[2025-12-18 17:26:13]     Instance 2/5
[2025-12-18 17:26:16]         P_return=0.5870, GHZ witness=0.5870
[2025-12-18 17:26:16]       Running mean P_return=0.5775
[2025-12-18 17:26:16]     Instance 3/5
[2025-12-18 17:26:19]         P_return=0.5920, GHZ witness=0.5920
[2025-12-18 17:26:19]       Running mean P_return=0.5823
[2025-12-18 17:26:19]     Instance 4/5
[2025-12-18 17:26:22]         P_return=0.5640, GHZ witness=0.5640
[2025-12-18 17:26:22]       Running mean P_return=0.5777
[2025-12-18 17:26:22]     Instance 5/5
[2025-12-18 17:26:23]         P_return=0.5710, GHZ witness=0.5710
[2025-12-18 17:26:23]       Running mean P_return=0.5764
[2025-12-18 17:26:23]   Saved depth 5 result (mean_P_return=0.5764)
[2025-12-18 17:26:23]   Depth 10: running 5 instances
[2025-12-18 17:26:23]     Instance 1/5
[2025-12-18 17:26:26]         P_return=0.5550, GHZ witness=0.5550
[2025-12-18 17:26:26]       Running mean P_return=0.5550
[2025-12-18 17:26:26]     Instance 2/5
[2025-12-18 17:26:29]         P_return=0.5720, GHZ witness=0.5720
[2025-12-18 17:26:29]       Running mean P_return=0.5635
[2025-12-18 17:26:29]     Instance 3/5
[2025-12-18 17:26:32]         P_return=0.5600, GHZ witness=0.5600
[2025-12-18 17:26:32]       Running mean P_return=0.5623
[2025-12-18 17:26:32]     Instance 4/5
[2025-12-18 17:26:35]         P_return=0.5520, GHZ witness=0.5520
[2025-12-18 17:26:35]       Running mean P_return=0.5597
[2025-12-18 17:26:35]     Instance 5/5
[2025-12-18 17:26:38]         P_return=0.5480, GHZ witness=0.5480
[2025-12-18 17:26:38]       Running mean P_return=0.5574
[2025-12-18 17:26:38]   Saved depth 10 result (mean_P_return=0.5574)
[2025-12-18 17:26:38]   Depth 20: running 5 instances
[2025-12-18 17:26:38]     Instance 1/5
[2025-12-18 17:26:42]         P_return=0.5340, GHZ witness=0.5340
[2025-12-18 17:26:42]       Running mean P_return=0.5340
[2025-12-18 17:26:42]     Instance 2/5
[2025-12-18 17:26:45]         P_return=0.5490, GHZ witness=0.5490
[2025-12-18 17:26:45]       Running mean P_return=0.5415
[2025-12-18 17:26:45]     Instance 3/5
[2025-12-18 17:26:49]         P_return=0.5270, GHZ witness=0.5270
[2025-12-18 17:26:49]       Running mean P_return=0.5367
[2025-12-18 17:26:49]     Instance 4/5
[2025-12-18 17:26:51]         P_return=0.5350, GHZ witness=0.5350
[2025-12-18 17:26:51]       Running mean P_return=0.5363
[2025-12-18 17:26:51]     Instance 5/5
[2025-12-18 17:26:55]         P_return=0.5340, GHZ witness=0.5340
[2025-12-18 17:26:55]       Running mean P_return=0.5358
[2025-12-18 17:26:55]   Saved depth 20 result (mean_P_return=0.5358)
[2025-12-18 17:26:55]   Depth 30: running 5 instances
[2025-12-18 17:26:55]     Instance 1/5
[2025-12-18 17:26:58]         P_return=0.5370, GHZ witness=0.5370
[2025-12-18 17:26:58]       Running mean P_return=0.5370
[2025-12-18 17:26:58]     Instance 2/5
[2025-12-18 17:27:03]         P_return=0.5170, GHZ witness=0.5170
[2025-12-18 17:27:03]       Running mean P_return=0.5270
[2025-12-18 17:27:03]     Instance 3/5
[2025-12-18 17:27:07]         P_return=0.5640, GHZ witness=0.5640
[2025-12-18 17:27:07]       Running mean P_return=0.5393
[2025-12-18 17:27:07]     Instance 4/5
[2025-12-18 17:27:11]         P_return=0.5030, GHZ witness=0.5030
[2025-12-18 17:27:11]       Running mean P_return=0.5302
[2025-12-18 17:27:11]     Instance 5/5
[2025-12-18 17:27:15]         P_return=0.5620, GHZ witness=0.5620
[2025-12-18 17:27:15]       Running mean P_return=0.5366
[2025-12-18 17:27:15]   Saved depth 30 result (mean_P_return=0.5366)
[2025-12-18 17:27:15]   Alpha fit saved (alpha=0.0028, points=4)
[2025-12-18 17:27:15] 
[8/12] Subset 7 (elapsed: 7.8 min)
[2025-12-18 17:27:15]   Qubits: (21, 22, 28, 29, 30, 35, 36)
[2025-12-18 17:27:15]   lambda2=0.5000, C=3.5000
[2025-12-18 17:27:15]   Depth 5: running 5 instances
[2025-12-18 17:27:15]     Instance 1/5
[2025-12-18 17:27:18]         P_return=0.8670, GHZ witness=0.8670
[2025-12-18 17:27:18]       Running mean P_return=0.8670
[2025-12-18 17:27:18]     Instance 2/5
[2025-12-18 17:27:21]         P_return=0.8690, GHZ witness=0.8690
[2025-12-18 17:27:21]       Running mean P_return=0.8680
[2025-12-18 17:27:21]     Instance 3/5
[2025-12-18 17:27:24]         P_return=0.8610, GHZ witness=0.8610
[2025-12-18 17:27:24]       Running mean P_return=0.8657
[2025-12-18 17:27:24]     Instance 4/5
[2025-12-18 17:27:27]         P_return=0.8720, GHZ witness=0.8720
[2025-12-18 17:27:27]       Running mean P_return=0.8672
[2025-12-18 17:27:27]     Instance 5/5
[2025-12-18 17:27:30]         P_return=0.8710, GHZ witness=0.8710
[2025-12-18 17:27:30]       Running mean P_return=0.8680
[2025-12-18 17:27:30]   Saved depth 5 result (mean_P_return=0.8680)
[2025-12-18 17:27:30]   Depth 10: running 5 instances
[2025-12-18 17:27:30]     Instance 1/5
[2025-12-18 17:27:33]         P_return=0.8660, GHZ witness=0.8660
[2025-12-18 17:27:33]       Running mean P_return=0.8660
[2025-12-18 17:27:33]     Instance 2/5
[2025-12-18 17:27:36]         P_return=0.8680, GHZ witness=0.8680
[2025-12-18 17:27:36]       Running mean P_return=0.8670
[2025-12-18 17:27:36]     Instance 3/5
[2025-12-18 17:27:39]         P_return=0.8620, GHZ witness=0.8620
[2025-12-18 17:27:39]       Running mean P_return=0.8653
[2025-12-18 17:27:39]     Instance 4/5
[2025-12-18 17:27:42]         P_return=0.8670, GHZ witness=0.8670
[2025-12-18 17:27:42]       Running mean P_return=0.8658
[2025-12-18 17:27:42]     Instance 5/5
[2025-12-18 17:27:45]         P_return=0.8610, GHZ witness=0.8610
[2025-12-18 17:27:45]       Running mean P_return=0.8648
[2025-12-18 17:27:45]   Saved depth 10 result (mean_P_return=0.8648)
[2025-12-18 17:27:45]   Depth 20: running 5 instances
[2025-12-18 17:27:45]     Instance 1/5
[2025-12-18 17:27:49]         P_return=0.8640, GHZ witness=0.8640
[2025-12-18 17:27:49]       Running mean P_return=0.8640
[2025-12-18 17:27:49]     Instance 2/5
[2025-12-18 17:27:53]         P_return=0.8740, GHZ witness=0.8740
[2025-12-18 17:27:53]       Running mean P_return=0.8690
[2025-12-18 17:27:53]     Instance 3/5
[2025-12-18 17:27:55]         P_return=0.8560, GHZ witness=0.8560
[2025-12-18 17:27:55]       Running mean P_return=0.8647
[2025-12-18 17:27:55]     Instance 4/5
[2025-12-18 17:27:59]         P_return=0.8580, GHZ witness=0.8580
[2025-12-18 17:27:59]       Running mean P_return=0.8630
[2025-12-18 17:27:59]     Instance 5/5
[2025-12-18 17:28:02]         P_return=0.8590, GHZ witness=0.8590
[2025-12-18 17:28:02]       Running mean P_return=0.8622
[2025-12-18 17:28:02]   Saved depth 20 result (mean_P_return=0.8622)
[2025-12-18 17:28:02]   Depth 30: running 5 instances
[2025-12-18 17:28:02]     Instance 1/5
[2025-12-18 17:28:06]         P_return=0.8600, GHZ witness=0.8600
[2025-12-18 17:28:06]       Running mean P_return=0.8600
[2025-12-18 17:28:06]     Instance 2/5
[2025-12-18 17:28:11]         P_return=0.8670, GHZ witness=0.8670
[2025-12-18 17:28:11]       Running mean P_return=0.8635
[2025-12-18 17:28:11]     Instance 3/5
[2025-12-18 17:28:15]         P_return=0.8800, GHZ witness=0.8800
[2025-12-18 17:28:15]       Running mean P_return=0.8690
[2025-12-18 17:28:15]     Instance 4/5
[2025-12-18 17:28:19]         P_return=0.8580, GHZ witness=0.8580
[2025-12-18 17:28:19]       Running mean P_return=0.8662
[2025-12-18 17:28:19]     Instance 5/5
[2025-12-18 17:28:22]         P_return=0.8500, GHZ witness=0.8500
[2025-12-18 17:28:22]       Running mean P_return=0.8630
[2025-12-18 17:28:22]   Saved depth 30 result (mean_P_return=0.8630)
[2025-12-18 17:28:22]   Alpha fit saved (alpha=0.0002, points=4)
[2025-12-18 17:28:22] 
[9/12] Subset 8 (elapsed: 8.9 min)
[2025-12-18 17:28:22]   Qubits: (47, 53, 54, 55, 61, 62, 69)
[2025-12-18 17:28:22]   lambda2=0.3545, C=2.4815
[2025-12-18 17:28:22]   Depth 5: running 5 instances
[2025-12-18 17:28:22]     Instance 1/5
[2025-12-18 17:28:25]         P_return=0.6270, GHZ witness=0.6270
[2025-12-18 17:28:25]       Running mean P_return=0.6270
[2025-12-18 17:28:25]     Instance 2/5
[2025-12-18 17:28:28]         P_return=0.6180, GHZ witness=0.6180
[2025-12-18 17:28:28]       Running mean P_return=0.6225
[2025-12-18 17:28:28]     Instance 3/5
[2025-12-18 17:28:31]         P_return=0.6270, GHZ witness=0.6270
[2025-12-18 17:28:31]       Running mean P_return=0.6240
[2025-12-18 17:28:31]     Instance 4/5
[2025-12-18 17:28:34]         P_return=0.6200, GHZ witness=0.6200
[2025-12-18 17:28:34]       Running mean P_return=0.6230
[2025-12-18 17:28:34]     Instance 5/5
[2025-12-18 17:28:37]         P_return=0.6270, GHZ witness=0.6270
[2025-12-18 17:28:37]       Running mean P_return=0.6238
[2025-12-18 17:28:37]   Saved depth 5 result (mean_P_return=0.6238)
[2025-12-18 17:28:37]   Depth 10: running 5 instances
[2025-12-18 17:28:37]     Instance 1/5
[2025-12-18 17:28:40]         P_return=0.6230, GHZ witness=0.6230
[2025-12-18 17:28:40]       Running mean P_return=0.6230
[2025-12-18 17:28:40]     Instance 2/5
[2025-12-18 17:28:43]         P_return=0.6370, GHZ witness=0.6370
[2025-12-18 17:28:43]       Running mean P_return=0.6300
[2025-12-18 17:28:43]     Instance 3/5
[2025-12-18 17:28:46]         P_return=0.6170, GHZ witness=0.6170
[2025-12-18 17:28:46]       Running mean P_return=0.6257
[2025-12-18 17:28:46]     Instance 4/5
[2025-12-18 17:28:50]         P_return=0.6130, GHZ witness=0.6130
[2025-12-18 17:28:50]       Running mean P_return=0.6225
[2025-12-18 17:28:50]     Instance 5/5
[2025-12-18 17:28:53]         P_return=0.6250, GHZ witness=0.6250
[2025-12-18 17:28:53]       Running mean P_return=0.6230
[2025-12-18 17:28:53]   Saved depth 10 result (mean_P_return=0.6230)
[2025-12-18 17:28:53]   Depth 20: running 5 instances
[2025-12-18 17:28:53]     Instance 1/5
[2025-12-18 17:28:55]         P_return=0.6400, GHZ witness=0.6400
[2025-12-18 17:28:55]       Running mean P_return=0.6400
[2025-12-18 17:28:55]     Instance 2/5
[2025-12-18 17:28:58]         P_return=0.6410, GHZ witness=0.6410
[2025-12-18 17:28:58]       Running mean P_return=0.6405
[2025-12-18 17:28:58]     Instance 3/5
[2025-12-18 17:29:03]         P_return=0.6510, GHZ witness=0.6510
[2025-12-18 17:29:03]       Running mean P_return=0.6440
[2025-12-18 17:29:03]     Instance 4/5
[2025-12-18 17:29:07]         P_return=0.6160, GHZ witness=0.6160
[2025-12-18 17:29:07]       Running mean P_return=0.6370
[2025-12-18 17:29:07]     Instance 5/5
[2025-12-18 17:29:10]         P_return=0.5920, GHZ witness=0.5920
[2025-12-18 17:29:10]       Running mean P_return=0.6280
[2025-12-18 17:29:10]   Saved depth 20 result (mean_P_return=0.6280)
[2025-12-18 17:29:10]   Depth 30: running 5 instances
[2025-12-18 17:29:10]     Instance 1/5
[2025-12-18 17:29:14]         P_return=0.6200, GHZ witness=0.6200
[2025-12-18 17:29:14]       Running mean P_return=0.6200
[2025-12-18 17:29:14]     Instance 2/5
[2025-12-18 17:29:18]         P_return=0.6610, GHZ witness=0.6610
[2025-12-18 17:29:18]       Running mean P_return=0.6405
[2025-12-18 17:29:18]     Instance 3/5
[2025-12-18 17:29:22]         P_return=0.6330, GHZ witness=0.6330
[2025-12-18 17:29:22]       Running mean P_return=0.6380
[2025-12-18 17:29:22]     Instance 4/5
[2025-12-18 17:29:25]         P_return=0.6150, GHZ witness=0.6150
[2025-12-18 17:29:25]       Running mean P_return=0.6322
[2025-12-18 17:29:25]     Instance 5/5
[2025-12-18 17:29:29]         P_return=0.6230, GHZ witness=0.6230
[2025-12-18 17:29:29]       Running mean P_return=0.6304
[2025-12-18 17:29:29]   Saved depth 30 result (mean_P_return=0.6304)
[2025-12-18 17:29:29]   Alpha fit saved (alpha=-0.0005, points=4)
[2025-12-18 17:29:29] 
[10/12] Subset 9 (elapsed: 10.0 min)
[2025-12-18 17:29:29]   Qubits: (21, 28, 29, 35, 36, 37, 43)
[2025-12-18 17:29:29]   lambda2=0.3545, C=2.4815
[2025-12-18 17:29:29]   Depth 5: running 5 instances
[2025-12-18 17:29:29]     Instance 1/5
[2025-12-18 17:29:32]         P_return=0.8780, GHZ witness=0.8780
[2025-12-18 17:29:32]       Running mean P_return=0.8780
[2025-12-18 17:29:32]     Instance 2/5
[2025-12-18 17:29:36]         P_return=0.8790, GHZ witness=0.8790
[2025-12-18 17:29:36]       Running mean P_return=0.8785
[2025-12-18 17:29:36]     Instance 3/5
[2025-12-18 17:29:38]         P_return=0.8660, GHZ witness=0.8660
[2025-12-18 17:29:38]       Running mean P_return=0.8743
[2025-12-18 17:29:38]     Instance 4/5
[2025-12-18 17:29:41]         P_return=0.8690, GHZ witness=0.8690
[2025-12-18 17:29:41]       Running mean P_return=0.8730
[2025-12-18 17:29:41]     Instance 5/5
[2025-12-18 17:29:44]         P_return=0.8590, GHZ witness=0.8590
[2025-12-18 17:29:44]       Running mean P_return=0.8702
[2025-12-18 17:29:44]   Saved depth 5 result (mean_P_return=0.8702)
[2025-12-18 17:29:44]   Depth 10: running 5 instances
[2025-12-18 17:29:44]     Instance 1/5
[2025-12-18 17:29:47]         P_return=0.8490, GHZ witness=0.8490
[2025-12-18 17:29:47]       Running mean P_return=0.8490
[2025-12-18 17:29:47]     Instance 2/5
[2025-12-18 17:29:50]         P_return=0.9060, GHZ witness=0.9060
[2025-12-18 17:29:50]       Running mean P_return=0.8775
[2025-12-18 17:29:50]     Instance 3/5
[2025-12-18 17:29:54]         P_return=0.8540, GHZ witness=0.8540
[2025-12-18 17:29:54]       Running mean P_return=0.8697
[2025-12-18 17:29:54]     Instance 4/5
[2025-12-18 17:29:55]         P_return=0.8640, GHZ witness=0.8640
[2025-12-18 17:29:55]       Running mean P_return=0.8682
[2025-12-18 17:29:55]     Instance 5/5
[2025-12-18 17:29:58]         P_return=0.8800, GHZ witness=0.8800
[2025-12-18 17:29:58]       Running mean P_return=0.8706
[2025-12-18 17:29:58]   Saved depth 10 result (mean_P_return=0.8706)
[2025-12-18 17:29:58]   Depth 20: running 5 instances
[2025-12-18 17:29:58]     Instance 1/5
[2025-12-18 17:30:02]         P_return=0.8780, GHZ witness=0.8780
[2025-12-18 17:30:02]       Running mean P_return=0.8780
[2025-12-18 17:30:02]     Instance 2/5
[2025-12-18 17:30:06]         P_return=0.8730, GHZ witness=0.8730
[2025-12-18 17:30:06]       Running mean P_return=0.8755
[2025-12-18 17:30:06]     Instance 3/5
[2025-12-18 17:30:09]         P_return=0.8710, GHZ witness=0.8710
[2025-12-18 17:30:09]       Running mean P_return=0.8740
[2025-12-18 17:30:09]     Instance 4/5
[2025-12-18 17:30:13]         P_return=0.8770, GHZ witness=0.8770
[2025-12-18 17:30:13]       Running mean P_return=0.8747
[2025-12-18 17:30:13]     Instance 5/5
[2025-12-18 17:30:16]         P_return=0.8640, GHZ witness=0.8640
[2025-12-18 17:30:16]       Running mean P_return=0.8726
[2025-12-18 17:30:16]   Saved depth 20 result (mean_P_return=0.8726)
[2025-12-18 17:30:16]   Depth 30: running 5 instances
[2025-12-18 17:30:16]     Instance 1/5
[2025-12-18 17:30:21]         P_return=0.8870, GHZ witness=0.8870
[2025-12-18 17:30:21]       Running mean P_return=0.8870
[2025-12-18 17:30:21]     Instance 2/5
[2025-12-18 17:30:24]         P_return=0.8750, GHZ witness=0.8750
[2025-12-18 17:30:24]       Running mean P_return=0.8810
[2025-12-18 17:30:24]     Instance 3/5
[2025-12-18 17:30:28]         P_return=0.8750, GHZ witness=0.8750
[2025-12-18 17:30:28]       Running mean P_return=0.8790
[2025-12-18 17:30:28]     Instance 4/5
[2025-12-18 17:30:33]         P_return=0.8780, GHZ witness=0.8780
[2025-12-18 17:30:33]       Running mean P_return=0.8788
[2025-12-18 17:30:33]     Instance 5/5
[2025-12-18 17:30:37]         P_return=0.8880, GHZ witness=0.8880
[2025-12-18 17:30:37]       Running mean P_return=0.8806
[2025-12-18 17:30:37]   Saved depth 30 result (mean_P_return=0.8806)
[2025-12-18 17:30:37]   Alpha fit saved (alpha=-0.0005, points=4)
[2025-12-18 17:30:37] 
[11/12] Subset 10 (elapsed: 11.1 min)
[2025-12-18 17:30:37]   Qubits: (6, 12, 13, 19, 20, 26, 27)
[2025-12-18 17:30:37]   lambda2=0.3649, C=2.5543
[2025-12-18 17:30:37]   Depth 5: running 5 instances
[2025-12-18 17:30:37]     Instance 1/5
[2025-12-18 17:30:40]         P_return=0.9200, GHZ witness=0.9200
[2025-12-18 17:30:40]       Running mean P_return=0.9200
[2025-12-18 17:30:40]     Instance 2/5
[2025-12-18 17:30:43]         P_return=0.9210, GHZ witness=0.9210
[2025-12-18 17:30:43]       Running mean P_return=0.9205
[2025-12-18 17:30:43]     Instance 3/5
[2025-12-18 17:30:46]         P_return=0.9060, GHZ witness=0.9060
[2025-12-18 17:30:46]       Running mean P_return=0.9157
[2025-12-18 17:30:46]     Instance 4/5
[2025-12-18 17:30:49]         P_return=0.9160, GHZ witness=0.9160
[2025-12-18 17:30:49]       Running mean P_return=0.9158
[2025-12-18 17:30:49]     Instance 5/5
[2025-12-18 17:30:52]         P_return=0.9250, GHZ witness=0.9250
[2025-12-18 17:30:52]       Running mean P_return=0.9176
[2025-12-18 17:30:52]   Saved depth 5 result (mean_P_return=0.9176)
[2025-12-18 17:30:52]   Depth 10: running 5 instances
[2025-12-18 17:30:52]     Instance 1/5
[2025-12-18 17:30:53]         P_return=0.9300, GHZ witness=0.9300
[2025-12-18 17:30:53]       Running mean P_return=0.9300
[2025-12-18 17:30:53]     Instance 2/5
[2025-12-18 17:30:56]         P_return=0.9170, GHZ witness=0.9170
[2025-12-18 17:30:56]       Running mean P_return=0.9235
[2025-12-18 17:30:56]     Instance 3/5
[2025-12-18 17:30:59]         P_return=0.9130, GHZ witness=0.9130
[2025-12-18 17:30:59]       Running mean P_return=0.9200
[2025-12-18 17:30:59]     Instance 4/5
[2025-12-18 17:31:03]         P_return=0.9090, GHZ witness=0.9090
[2025-12-18 17:31:03]       Running mean P_return=0.9172
[2025-12-18 17:31:03]     Instance 5/5
[2025-12-18 17:31:06]         P_return=0.9220, GHZ witness=0.9220
[2025-12-18 17:31:06]       Running mean P_return=0.9182
[2025-12-18 17:31:06]   Saved depth 10 result (mean_P_return=0.9182)
[2025-12-18 17:31:06]   Depth 20: running 5 instances
[2025-12-18 17:31:06]     Instance 1/5
[2025-12-18 17:31:10]         P_return=0.9180, GHZ witness=0.9180
[2025-12-18 17:31:10]       Running mean P_return=0.9180
[2025-12-18 17:31:10]     Instance 2/5
[2025-12-18 17:31:14]         P_return=0.9190, GHZ witness=0.9190
[2025-12-18 17:31:14]       Running mean P_return=0.9185
[2025-12-18 17:31:14]     Instance 3/5
[2025-12-18 17:31:17]         P_return=0.9180, GHZ witness=0.9180
[2025-12-18 17:31:17]       Running mean P_return=0.9183
[2025-12-18 17:31:17]     Instance 4/5
[2025-12-18 17:31:20]         P_return=0.9220, GHZ witness=0.9220
[2025-12-18 17:31:20]       Running mean P_return=0.9193
[2025-12-18 17:31:20]     Instance 5/5
[2025-12-18 17:31:24]         P_return=0.9270, GHZ witness=0.9270
[2025-12-18 17:31:24]       Running mean P_return=0.9208
[2025-12-18 17:31:24]   Saved depth 20 result (mean_P_return=0.9208)
[2025-12-18 17:31:24]   Depth 30: running 5 instances
[2025-12-18 17:31:24]     Instance 1/5
[2025-12-18 17:31:27]         P_return=0.9150, GHZ witness=0.9150
[2025-12-18 17:31:27]       Running mean P_return=0.9150
[2025-12-18 17:31:27]     Instance 2/5
[2025-12-18 17:31:31]         P_return=0.9190, GHZ witness=0.9190
[2025-12-18 17:31:31]       Running mean P_return=0.9170
[2025-12-18 17:31:31]     Instance 3/5
[2025-12-18 17:31:36]         P_return=0.9170, GHZ witness=0.9170
[2025-12-18 17:31:36]       Running mean P_return=0.9170
[2025-12-18 17:31:36]     Instance 4/5
[2025-12-18 17:31:40]         P_return=0.9080, GHZ witness=0.9080
[2025-12-18 17:31:40]       Running mean P_return=0.9148
[2025-12-18 17:31:40]     Instance 5/5
[2025-12-18 17:31:44]         P_return=0.9050, GHZ witness=0.9050
[2025-12-18 17:31:44]       Running mean P_return=0.9128
[2025-12-18 17:31:44]   Saved depth 30 result (mean_P_return=0.9128)
[2025-12-18 17:31:44]   Alpha fit saved (alpha=0.0002, points=4)
[2025-12-18 17:31:44] 
[12/12] Subset 11 (elapsed: 12.3 min)
[2025-12-18 17:31:44]   Qubits: (32, 33, 34, 39, 40, 41, 47)
[2025-12-18 17:31:44]   lambda2=0.5000, C=3.5000
[2025-12-18 17:31:44]   Depth 5: running 5 instances
[2025-12-18 17:31:44]     Instance 1/5
[2025-12-18 17:31:47]         P_return=0.9110, GHZ witness=0.9110
[2025-12-18 17:31:47]       Running mean P_return=0.9110
[2025-12-18 17:31:47]     Instance 2/5
[2025-12-18 17:31:50]         P_return=0.9060, GHZ witness=0.9060
[2025-12-18 17:31:50]       Running mean P_return=0.9085
[2025-12-18 17:31:50]     Instance 3/5
[2025-12-18 17:31:53]         P_return=0.9160, GHZ witness=0.9160
[2025-12-18 17:31:53]       Running mean P_return=0.9110
[2025-12-18 17:31:53]     Instance 4/5
[2025-12-18 17:31:54]         P_return=0.9290, GHZ witness=0.9290
[2025-12-18 17:31:54]       Running mean P_return=0.9155
[2025-12-18 17:31:54]     Instance 5/5
[2025-12-18 17:31:57]         P_return=0.9020, GHZ witness=0.9020
[2025-12-18 17:31:57]       Running mean P_return=0.9128
[2025-12-18 17:31:57]   Saved depth 5 result (mean_P_return=0.9128)
[2025-12-18 17:31:57]   Depth 10: running 5 instances
[2025-12-18 17:31:57]     Instance 1/5
[2025-12-18 17:32:00]         P_return=0.9210, GHZ witness=0.9210
[2025-12-18 17:32:00]       Running mean P_return=0.9210
[2025-12-18 17:32:00]     Instance 2/5
[2025-12-18 17:32:04]         P_return=0.9130, GHZ witness=0.9130
[2025-12-18 17:32:04]       Running mean P_return=0.9170
[2025-12-18 17:32:04]     Instance 3/5
[2025-12-18 17:32:08]         P_return=0.9130, GHZ witness=0.9130
[2025-12-18 17:32:08]       Running mean P_return=0.9157
[2025-12-18 17:32:08]     Instance 4/5
[2025-12-18 17:32:11]         P_return=0.9160, GHZ witness=0.9160
[2025-12-18 17:32:11]       Running mean P_return=0.9157
[2025-12-18 17:32:11]     Instance 5/5
[2025-12-18 17:32:14]         P_return=0.9120, GHZ witness=0.9120
[2025-12-18 17:32:14]       Running mean P_return=0.9150
[2025-12-18 17:32:14]   Saved depth 10 result (mean_P_return=0.9150)
[2025-12-18 17:32:14]   Depth 20: running 5 instances
[2025-12-18 17:32:14]     Instance 1/5
[2025-12-18 17:32:18]         P_return=0.9110, GHZ witness=0.9110
[2025-12-18 17:32:18]       Running mean P_return=0.9110
[2025-12-18 17:32:18]     Instance 2/5
[2025-12-18 17:32:21]         P_return=0.8960, GHZ witness=0.8960
[2025-12-18 17:32:21]       Running mean P_return=0.9035
[2025-12-18 17:32:21]     Instance 3/5
[2025-12-18 17:32:25]         P_return=0.9100, GHZ witness=0.9100
[2025-12-18 17:32:25]       Running mean P_return=0.9057
[2025-12-18 17:32:25]     Instance 4/5
[2025-12-18 17:32:26]         P_return=0.9190, GHZ witness=0.9190
[2025-12-18 17:32:26]       Running mean P_return=0.9090
[2025-12-18 17:32:26]     Instance 5/5
[2025-12-18 17:32:30]         P_return=0.9100, GHZ witness=0.9100
[2025-12-18 17:32:30]       Running mean P_return=0.9092
[2025-12-18 17:32:30]   Saved depth 20 result (mean_P_return=0.9092)
[2025-12-18 17:32:30]   Depth 30: running 5 instances
[2025-12-18 17:32:30]     Instance 1/5
[2025-12-18 17:32:35]         P_return=0.9200, GHZ witness=0.9200
[2025-12-18 17:32:35]       Running mean P_return=0.9200
[2025-12-18 17:32:35]     Instance 2/5
[2025-12-18 17:32:38]         P_return=0.9130, GHZ witness=0.9130
[2025-12-18 17:32:38]       Running mean P_return=0.9165
[2025-12-18 17:32:38]     Instance 3/5
[2025-12-18 17:32:42]         P_return=0.9040, GHZ witness=0.9040
[2025-12-18 17:32:42]       Running mean P_return=0.9123
[2025-12-18 17:32:42]     Instance 4/5
[2025-12-18 17:32:46]         P_return=0.8920, GHZ witness=0.8920
[2025-12-18 17:32:46]       Running mean P_return=0.9073
[2025-12-18 17:32:46]     Instance 5/5
[2025-12-18 17:32:51]         P_return=0.9030, GHZ witness=0.9030
[2025-12-18 17:32:51]       Running mean P_return=0.9064
[2025-12-18 17:32:51]   Saved depth 30 result (mean_P_return=0.9064)
[2025-12-18 17:32:51]   Alpha fit saved (alpha=0.0003, points=4)
[2025-12-18 17:32:51] 
============================================================
[2025-12-18 17:32:51] LOSCHMIDT ECHO SWEEP COMPLETE in 13.4 minutes
[2025-12-18 17:32:51] Results saved to results/loschmidt_echo_sweep_N7.csv
[2025-12-18 18:30:26] ============================================================
[2025-12-18 18:30:26] AWS Braket Experiment Runner
[2025-12-18 18:30:26] ============================================================
[2025-12-18 18:30:26] Device: arn:aws:braket:us-west-1::device/qpu/rigetti/Ankaa-3
[2025-12-18 18:30:26] Subset size N: 7
[2025-12-18 18:30:26] Num subsets: 12
[2025-12-18 18:30:26] Experiment: loschmidt_echo
[2025-12-18 18:30:26] Depths: [5, 10, 20, 30]
[2025-12-18 18:30:26] K (instances per depth): 5
[2025-12-18 18:30:26] Fit eps: 0.001
[2025-12-18 18:30:26] Shots: 1000
[2025-12-18 18:30:26] Seed: 42
[2025-12-18 18:30:26] Output CSV: results/loschmidt_echo_sweep_N7.csv
[2025-12-18 18:30:26] Alpha CSV: results/loschmidt_echo_alpha_N7.csv
[2025-12-18 18:30:26] Resume: True
[2025-12-18 18:30:26] Simulator: False
[2025-12-18 18:30:26] ============================================================
[2025-12-18 18:30:25] Device: Ankaa-3, Status: ONLINE
[2025-12-18 18:30:25] Graph: 80 nodes, 136 edges
[2025-12-18 18:30:25] Generated 12 subsets
[2025-12-18 18:30:25] 
============================================================
[2025-12-18 18:30:25] STARTING LOSCHMIDT ECHO SWEEP
[2025-12-18 18:30:25] ============================================================
[2025-12-18 18:30:25] 
[1/12] Subset 0 (elapsed: 0.0 min)
[2025-12-18 18:30:25]   Qubits: (7, 14, 15, 16, 21, 22, 28)
[2025-12-18 18:30:25]   lambda2=0.4226, C=2.9585
[2025-12-18 18:30:25]   Depth 5 (1/4): running 5 instances
[2025-12-18 18:30:25]     Instance 1/5
[2025-12-18 18:30:29]         P_return=0.8680, GHZ witness=0.8680
[2025-12-18 18:30:29]       Running mean P_return=0.8680
[2025-12-18 18:30:29]     Instance 2/5
[2025-12-18 18:30:31]         P_return=0.8720, GHZ witness=0.8720
[2025-12-18 18:30:31]       Running mean P_return=0.8700
[2025-12-18 18:30:31]     Instance 3/5
[2025-12-18 18:30:33]         P_return=0.9030, GHZ witness=0.9030
[2025-12-18 18:30:33]       Running mean P_return=0.8810
[2025-12-18 18:30:33]     Instance 4/5
[2025-12-18 18:30:36]         P_return=0.8720, GHZ witness=0.8720
[2025-12-18 18:30:36]       Running mean P_return=0.8787
[2025-12-18 18:30:36]     Instance 5/5
[2025-12-18 18:30:38]         P_return=0.8900, GHZ witness=0.8900
[2025-12-18 18:30:38]       Running mean P_return=0.8810
[2025-12-18 18:30:38]   Saved depth 5 result (mean_P_return=0.8810)
[2025-12-18 18:30:38]   Depth 10 (2/4): running 5 instances
[2025-12-18 18:30:38]     Instance 1/5
[2025-12-18 18:30:41]         P_return=0.8870, GHZ witness=0.8870
[2025-12-18 18:30:41]       Running mean P_return=0.8870
[2025-12-18 18:30:41]     Instance 2/5
[2025-12-18 18:30:43]         P_return=0.8630, GHZ witness=0.8630
[2025-12-18 18:30:43]       Running mean P_return=0.8750
[2025-12-18 18:30:43]     Instance 3/5
[2025-12-18 18:30:46]         P_return=0.8750, GHZ witness=0.8750
[2025-12-18 18:30:46]       Running mean P_return=0.8750
[2025-12-18 18:30:46]     Instance 4/5
[2025-12-18 18:30:48]         P_return=0.8750, GHZ witness=0.8750
[2025-12-18 18:30:48]       Running mean P_return=0.8750
[2025-12-18 18:30:48]     Instance 5/5
[2025-12-18 18:30:51]         P_return=0.8770, GHZ witness=0.8770
[2025-12-18 18:30:51]       Running mean P_return=0.8754
[2025-12-18 18:30:51]   Saved depth 10 result (mean_P_return=0.8754)
[2025-12-18 18:30:51]   Depth 20 (3/4): running 5 instances
[2025-12-18 18:30:51]     Instance 1/5
[2025-12-18 18:30:53]         P_return=0.8720, GHZ witness=0.8720
[2025-12-18 18:30:53]       Running mean P_return=0.8720
[2025-12-18 18:30:53]     Instance 2/5
[2025-12-18 18:30:55]         P_return=0.8670, GHZ witness=0.8670
[2025-12-18 18:30:55]       Running mean P_return=0.8695
[2025-12-18 18:30:55]     Instance 3/5
[2025-12-18 18:30:56]         P_return=0.8890, GHZ witness=0.8890
[2025-12-18 18:30:56]       Running mean P_return=0.8760
[2025-12-18 18:30:56]     Instance 4/5
[2025-12-18 18:30:58]         P_return=0.8710, GHZ witness=0.8710
[2025-12-18 18:30:58]       Running mean P_return=0.8748
[2025-12-18 18:30:58]     Instance 5/5
[2025-12-18 18:31:02]         P_return=0.8640, GHZ witness=0.8640
[2025-12-18 18:31:02]       Running mean P_return=0.8726
[2025-12-18 18:31:02]   Saved depth 20 result (mean_P_return=0.8726)
[2025-12-18 18:31:02]   Depth 30 (4/4): running 5 instances
[2025-12-18 18:31:02]     Instance 1/5
[2025-12-18 18:31:05]         P_return=0.8810, GHZ witness=0.8810
[2025-12-18 18:31:05]       Running mean P_return=0.8810
[2025-12-18 18:31:05]     Instance 2/5
[2025-12-18 18:31:07]         P_return=0.8740, GHZ witness=0.8740
[2025-12-18 18:31:07]       Running mean P_return=0.8775
[2025-12-18 18:31:07]     Instance 3/5
[2025-12-18 18:31:10]         P_return=0.8860, GHZ witness=0.8860
[2025-12-18 18:31:10]       Running mean P_return=0.8803
[2025-12-18 18:31:10]     Instance 4/5
[2025-12-18 18:31:13]         P_return=0.8900, GHZ witness=0.8900
[2025-12-18 18:31:13]       Running mean P_return=0.8828
[2025-12-18 18:31:13]     Instance 5/5
[2025-12-18 18:31:15]         P_return=0.8680, GHZ witness=0.8680
[2025-12-18 18:31:15]       Running mean P_return=0.8798
[2025-12-18 18:31:15]   Saved depth 30 result (mean_P_return=0.8798)
[2025-12-18 18:31:15]   Alpha fit saved (alpha=0.0000, points=4)
[2025-12-18 18:31:15] 
[2/12] Subset 1 (elapsed: 0.8 min)
[2025-12-18 18:31:15]   Qubits: (64, 70, 71, 72, 77, 78, 79)
[2025-12-18 18:31:15]   lambda2=0.5000, C=3.5000
[2025-12-18 18:31:15]   Depth 5 (1/4): running 5 instances
[2025-12-18 18:31:15]     Instance 1/5
[2025-12-18 18:31:18]         P_return=0.5850, GHZ witness=0.5850
[2025-12-18 18:31:18]       Running mean P_return=0.5850
[2025-12-18 18:31:18]     Instance 2/5
[2025-12-18 18:31:21]         P_return=0.5900, GHZ witness=0.5900
[2025-12-18 18:31:21]       Running mean P_return=0.5875
[2025-12-18 18:31:21]     Instance 3/5
[2025-12-18 18:31:23]         P_return=0.6050, GHZ witness=0.6050
[2025-12-18 18:31:23]       Running mean P_return=0.5933
[2025-12-18 18:31:23]     Instance 4/5
[2025-12-18 18:31:25]         P_return=0.5970, GHZ witness=0.5970
[2025-12-18 18:31:25]       Running mean P_return=0.5942
[2025-12-18 18:31:25]     Instance 5/5
[2025-12-18 18:31:27]         P_return=0.6000, GHZ witness=0.6000
[2025-12-18 18:31:27]       Running mean P_return=0.5954
[2025-12-18 18:31:27]   Saved depth 5 result (mean_P_return=0.5954)
[2025-12-18 18:31:27]   Depth 10 (2/4): running 5 instances
[2025-12-18 18:31:27]     Instance 1/5
[2025-12-18 18:31:27]         P_return=0.6080, GHZ witness=0.6080
[2025-12-18 18:31:27]       Running mean P_return=0.6080
[2025-12-18 18:31:27]     Instance 2/5
[2025-12-18 18:31:29]         P_return=0.5930, GHZ witness=0.5930
[2025-12-18 18:31:29]       Running mean P_return=0.6005
[2025-12-18 18:31:29]     Instance 3/5
[2025-12-18 18:31:32]         P_return=0.5990, GHZ witness=0.5990
[2025-12-18 18:31:32]       Running mean P_return=0.6000
[2025-12-18 18:31:32]     Instance 4/5
[2025-12-18 18:31:34]         P_return=0.6160, GHZ witness=0.6160
[2025-12-18 18:31:34]       Running mean P_return=0.6040
[2025-12-18 18:31:34]     Instance 5/5
[2025-12-18 18:31:37]         P_return=0.5920, GHZ witness=0.5920
[2025-12-18 18:31:37]       Running mean P_return=0.6016
[2025-12-18 18:31:37]   Saved depth 10 result (mean_P_return=0.6016)
[2025-12-18 18:31:37]   Depth 20 (3/4): running 5 instances
[2025-12-18 18:31:37]     Instance 1/5
[2025-12-18 18:31:39]         P_return=0.5670, GHZ witness=0.5670
[2025-12-18 18:31:39]       Running mean P_return=0.5670
[2025-12-18 18:31:39]     Instance 2/5
[2025-12-18 18:31:42]         P_return=0.6140, GHZ witness=0.6140
[2025-12-18 18:31:42]       Running mean P_return=0.5905
[2025-12-18 18:31:42]     Instance 3/5
[2025-12-18 18:31:44]         P_return=0.5840, GHZ witness=0.5840
[2025-12-18 18:31:44]       Running mean P_return=0.5883
[2025-12-18 18:31:44]     Instance 4/5
[2025-12-18 18:31:47]         P_return=0.5780, GHZ witness=0.5780
[2025-12-18 18:31:47]       Running mean P_return=0.5857
[2025-12-18 18:31:47]     Instance 5/5
[2025-12-18 18:31:49]         P_return=0.5990, GHZ witness=0.5990
[2025-12-18 18:31:49]       Running mean P_return=0.5884
[2025-12-18 18:31:49]   Saved depth 20 result (mean_P_return=0.5884)
[2025-12-18 18:31:49]   Depth 30 (4/4): running 5 instances
[2025-12-18 18:31:49]     Instance 1/5
[2025-12-18 18:31:52]         P_return=0.6170, GHZ witness=0.6170
[2025-12-18 18:31:52]       Running mean P_return=0.6170
[2025-12-18 18:31:52]     Instance 2/5
[2025-12-18 18:31:54]         P_return=0.5820, GHZ witness=0.5820
[2025-12-18 18:31:54]       Running mean P_return=0.5995
[2025-12-18 18:31:54]     Instance 3/5
[2025-12-18 18:31:57]         P_return=0.5920, GHZ witness=0.5920
[2025-12-18 18:31:57]       Running mean P_return=0.5970
[2025-12-18 18:31:57]     Instance 4/5
[2025-12-18 18:31:57]         P_return=0.5770, GHZ witness=0.5770
[2025-12-18 18:31:57]       Running mean P_return=0.5920
[2025-12-18 18:31:57]     Instance 5/5
[2025-12-18 18:32:00]         P_return=0.5820, GHZ witness=0.5820
[2025-12-18 18:32:00]       Running mean P_return=0.5900
[2025-12-18 18:32:00]   Saved depth 30 result (mean_P_return=0.5900)
[2025-12-18 18:32:00]   Alpha fit saved (alpha=0.0006, points=4)
[2025-12-18 18:32:00] 
[3/12] Subset 2 (elapsed: 1.6 min)
[2025-12-18 18:32:00]   Qubits: (4, 5, 6, 12, 13, 20, 27)
[2025-12-18 18:32:00]   lambda2=0.2457, C=1.7196
[2025-12-18 18:32:00]   Depth 5 (1/4): running 5 instances
[2025-12-18 18:32:00]     Instance 1/5
[2025-12-18 18:32:02]         P_return=0.9100, GHZ witness=0.9100
[2025-12-18 18:32:02]       Running mean P_return=0.9100
[2025-12-18 18:32:02]     Instance 2/5
[2025-12-18 18:32:06]         P_return=0.8890, GHZ witness=0.8890
[2025-12-18 18:32:06]       Running mean P_return=0.8995
[2025-12-18 18:32:06]     Instance 3/5
[2025-12-18 18:32:08]         P_return=0.9120, GHZ witness=0.9120
[2025-12-18 18:32:08]       Running mean P_return=0.9037
[2025-12-18 18:32:08]     Instance 4/5
[2025-12-18 18:32:10]         P_return=0.9060, GHZ witness=0.9060
[2025-12-18 18:32:10]       Running mean P_return=0.9042
[2025-12-18 18:32:10]     Instance 5/5
[2025-12-18 18:32:12]         P_return=0.9160, GHZ witness=0.9160
[2025-12-18 18:32:12]       Running mean P_return=0.9066
[2025-12-18 18:32:12]   Saved depth 5 result (mean_P_return=0.9066)
[2025-12-18 18:32:12]   Depth 10 (2/4): running 5 instances
[2025-12-18 18:32:12]     Instance 1/5
[2025-12-18 18:32:15]         P_return=0.9110, GHZ witness=0.9110
[2025-12-18 18:32:15]       Running mean P_return=0.9110
[2025-12-18 18:32:15]     Instance 2/5
[2025-12-18 18:32:17]         P_return=0.8860, GHZ witness=0.8860
[2025-12-18 18:32:17]       Running mean P_return=0.8985
[2025-12-18 18:32:17]     Instance 3/5
[2025-12-18 18:32:19]         P_return=0.9050, GHZ witness=0.9050
[2025-12-18 18:32:19]       Running mean P_return=0.9007
[2025-12-18 18:32:19]     Instance 4/5
[2025-12-18 18:32:22]         P_return=0.9110, GHZ witness=0.9110
[2025-12-18 18:32:22]       Running mean P_return=0.9032
[2025-12-18 18:32:22]     Instance 5/5
[2025-12-18 18:32:25]         P_return=0.9040, GHZ witness=0.9040
[2025-12-18 18:32:25]       Running mean P_return=0.9034
[2025-12-18 18:32:25]   Saved depth 10 result (mean_P_return=0.9034)
[2025-12-18 18:32:25]   Depth 20 (3/4): running 5 instances
[2025-12-18 18:32:25]     Instance 1/5
[2025-12-18 18:32:27]         P_return=0.9050, GHZ witness=0.9050
[2025-12-18 18:32:27]       Running mean P_return=0.9050
[2025-12-18 18:32:27]     Instance 2/5
[2025-12-18 18:32:28]         P_return=0.9210, GHZ witness=0.9210
[2025-12-18 18:32:28]       Running mean P_return=0.9130
[2025-12-18 18:32:28]     Instance 3/5
[2025-12-18 18:32:30]         P_return=0.9070, GHZ witness=0.9070
[2025-12-18 18:32:30]       Running mean P_return=0.9110
[2025-12-18 18:32:30]     Instance 4/5
[2025-12-18 18:32:33]         P_return=0.9270, GHZ witness=0.9270
[2025-12-18 18:32:33]       Running mean P_return=0.9150
[2025-12-18 18:32:33]     Instance 5/5
[2025-12-18 18:32:35]         P_return=0.9070, GHZ witness=0.9070
[2025-12-18 18:32:35]       Running mean P_return=0.9134
[2025-12-18 18:32:35]   Saved depth 20 result (mean_P_return=0.9134)
[2025-12-18 18:32:35]   Depth 30 (4/4): running 5 instances
[2025-12-18 18:32:35]     Instance 1/5
[2025-12-18 18:32:38]         P_return=0.9150, GHZ witness=0.9150
[2025-12-18 18:32:38]       Running mean P_return=0.9150
[2025-12-18 18:32:38]     Instance 2/5
[2025-12-18 18:32:40]         P_return=0.9210, GHZ witness=0.9210
[2025-12-18 18:32:40]       Running mean P_return=0.9180
[2025-12-18 18:32:40]     Instance 3/5
[2025-12-18 18:32:43]         P_return=0.9140, GHZ witness=0.9140
[2025-12-18 18:32:43]       Running mean P_return=0.9167
[2025-12-18 18:32:43]     Instance 4/5
[2025-12-18 18:32:45]         P_return=0.8820, GHZ witness=0.8820
[2025-12-18 18:32:45]       Running mean P_return=0.9080
[2025-12-18 18:32:45]     Instance 5/5
[2025-12-18 18:32:48]         P_return=0.8990, GHZ witness=0.8990
[2025-12-18 18:32:48]       Running mean P_return=0.9062
[2025-12-18 18:32:48]   Saved depth 30 result (mean_P_return=0.9062)
[2025-12-18 18:32:48]   Alpha fit saved (alpha=-0.0001, points=4)
[2025-12-18 18:32:48] 
[4/12] Subset 3 (elapsed: 2.4 min)
[2025-12-18 18:32:48]   Qubits: (59, 65, 66, 72, 73, 74, 80)
[2025-12-18 18:32:48]   lambda2=0.4226, C=2.9585
[2025-12-18 18:32:48]   Depth 5 (1/4): running 5 instances
[2025-12-18 18:32:48]     Instance 1/5
[2025-12-18 18:32:50]         P_return=0.6650, GHZ witness=0.6650
[2025-12-18 18:32:50]       Running mean P_return=0.6650
[2025-12-18 18:32:50]     Instance 2/5
[2025-12-18 18:32:52]         P_return=0.6340, GHZ witness=0.6340
[2025-12-18 18:32:52]       Running mean P_return=0.6495
[2025-12-18 18:32:52]     Instance 3/5
[2025-12-18 18:32:54]         P_return=0.6550, GHZ witness=0.6550
[2025-12-18 18:32:54]       Running mean P_return=0.6513
[2025-12-18 18:32:54]     Instance 4/5
[2025-12-18 18:32:56]         P_return=0.6670, GHZ witness=0.6670
[2025-12-18 18:32:56]       Running mean P_return=0.6552
[2025-12-18 18:32:56]     Instance 5/5
[2025-12-18 18:32:57]         P_return=0.6400, GHZ witness=0.6400
[2025-12-18 18:32:57]       Running mean P_return=0.6522
[2025-12-18 18:32:57]   Saved depth 5 result (mean_P_return=0.6522)
[2025-12-18 18:32:57]   Depth 10 (2/4): running 5 instances
[2025-12-18 18:32:57]     Instance 1/5
[2025-12-18 18:32:59]         P_return=0.6900, GHZ witness=0.6900
[2025-12-18 18:32:59]       Running mean P_return=0.6900
[2025-12-18 18:32:59]     Instance 2/5
[2025-12-18 18:33:02]         P_return=0.6300, GHZ witness=0.6300
[2025-12-18 18:33:02]       Running mean P_return=0.6600
[2025-12-18 18:33:02]     Instance 3/5
[2025-12-18 18:33:04]         P_return=0.6530, GHZ witness=0.6530
[2025-12-18 18:33:04]       Running mean P_return=0.6577
[2025-12-18 18:33:04]     Instance 4/5
[2025-12-18 18:33:07]         P_return=0.6530, GHZ witness=0.6530
[2025-12-18 18:33:07]       Running mean P_return=0.6565
[2025-12-18 18:33:07]     Instance 5/5
[2025-12-18 18:33:09]         P_return=0.6580, GHZ witness=0.6580
[2025-12-18 18:33:09]       Running mean P_return=0.6568
[2025-12-18 18:33:09]   Saved depth 10 result (mean_P_return=0.6568)
[2025-12-18 18:33:09]   Depth 20 (3/4): running 5 instances
[2025-12-18 18:33:09]     Instance 1/5
[2025-12-18 18:33:12]         P_return=0.6380, GHZ witness=0.6380
[2025-12-18 18:33:12]       Running mean P_return=0.6380
[2025-12-18 18:33:12]     Instance 2/5
[2025-12-18 18:33:15]         P_return=0.6520, GHZ witness=0.6520
[2025-12-18 18:33:15]       Running mean P_return=0.6450
[2025-12-18 18:33:15]     Instance 3/5
[2025-12-18 18:33:17]         P_return=0.6630, GHZ witness=0.6630
[2025-12-18 18:33:17]       Running mean P_return=0.6510
[2025-12-18 18:33:17]     Instance 4/5
[2025-12-18 18:33:24]         P_return=0.6560, GHZ witness=0.6560
[2025-12-18 18:33:24]       Running mean P_return=0.6522
[2025-12-18 18:33:24]     Instance 5/5
[2025-12-18 18:33:26]         P_return=0.6520, GHZ witness=0.6520
[2025-12-18 18:33:26]       Running mean P_return=0.6522
[2025-12-18 18:33:26]   Saved depth 20 result (mean_P_return=0.6522)
[2025-12-18 18:33:26]   Depth 30 (4/4): running 5 instances
[2025-12-18 18:33:26]     Instance 1/5
[2025-12-18 18:33:27]         P_return=0.6340, GHZ witness=0.6340
[2025-12-18 18:33:27]       Running mean P_return=0.6340
[2025-12-18 18:33:27]     Instance 2/5
[2025-12-18 18:33:30]         P_return=0.6250, GHZ witness=0.6250
[2025-12-18 18:33:30]       Running mean P_return=0.6295
[2025-12-18 18:33:30]     Instance 3/5
[2025-12-18 18:33:33]         P_return=0.6560, GHZ witness=0.6560
[2025-12-18 18:33:33]       Running mean P_return=0.6383
[2025-12-18 18:33:33]     Instance 4/5
[2025-12-18 18:33:36]         P_return=0.6520, GHZ witness=0.6520
[2025-12-18 18:33:36]       Running mean P_return=0.6418
[2025-12-18 18:33:36]     Instance 5/5
[2025-12-18 18:33:38]         P_return=0.6340, GHZ witness=0.6340
[2025-12-18 18:33:38]       Running mean P_return=0.6402
[2025-12-18 18:33:38]   Saved depth 30 result (mean_P_return=0.6402)
[2025-12-18 18:33:38]   Alpha fit saved (alpha=0.0008, points=4)
[2025-12-18 18:33:38] 
[5/12] Subset 4 (elapsed: 3.2 min)
[2025-12-18 18:33:38]   Qubits: (50, 56, 57, 58, 64, 65, 71)
[2025-12-18 18:33:38]   lambda2=0.4226, C=2.9585
[2025-12-18 18:33:38]   Depth 5 (1/4): running 5 instances
[2025-12-18 18:33:38]     Instance 1/5
[2025-12-18 18:33:40]         P_return=0.8090, GHZ witness=0.8090
[2025-12-18 18:33:40]       Running mean P_return=0.8090
[2025-12-18 18:33:40]     Instance 2/5
[2025-12-18 18:33:43]         P_return=0.8290, GHZ witness=0.8290
[2025-12-18 18:33:43]       Running mean P_return=0.8190
[2025-12-18 18:33:43]     Instance 3/5
[2025-12-18 18:33:46]         P_return=0.8310, GHZ witness=0.8310
[2025-12-18 18:33:46]       Running mean P_return=0.8230
[2025-12-18 18:33:46]     Instance 4/5
[2025-12-18 18:33:49]         P_return=0.8240, GHZ witness=0.8240
[2025-12-18 18:33:49]       Running mean P_return=0.8232
[2025-12-18 18:33:49]     Instance 5/5
[2025-12-18 18:33:51]         P_return=0.8170, GHZ witness=0.8170
[2025-12-18 18:33:51]       Running mean P_return=0.8220
[2025-12-18 18:33:51]   Saved depth 5 result (mean_P_return=0.8220)
[2025-12-18 18:33:51]   Depth 10 (2/4): running 5 instances
[2025-12-18 18:33:51]     Instance 1/5
[2025-12-18 18:33:54]         P_return=0.8140, GHZ witness=0.8140
[2025-12-18 18:33:54]       Running mean P_return=0.8140
[2025-12-18 18:33:54]     Instance 2/5
[2025-12-18 18:33:56]         P_return=0.8170, GHZ witness=0.8170
[2025-12-18 18:33:56]       Running mean P_return=0.8155
[2025-12-18 18:33:56]     Instance 3/5
[2025-12-18 18:33:56]         P_return=0.8100, GHZ witness=0.8100
[2025-12-18 18:33:56]       Running mean P_return=0.8137
[2025-12-18 18:33:56]     Instance 4/5
[2025-12-18 18:33:59]         P_return=0.7990, GHZ witness=0.7990
[2025-12-18 18:33:59]       Running mean P_return=0.8100
[2025-12-18 18:33:59]     Instance 5/5
[2025-12-18 18:34:01]         P_return=0.8430, GHZ witness=0.8430
[2025-12-18 18:34:01]       Running mean P_return=0.8166
[2025-12-18 18:34:01]   Saved depth 10 result (mean_P_return=0.8166)
[2025-12-18 18:34:01]   Depth 20 (3/4): running 5 instances
[2025-12-18 18:34:01]     Instance 1/5
[2025-12-18 18:34:03]         P_return=0.8140, GHZ witness=0.8140
[2025-12-18 18:34:03]       Running mean P_return=0.8140
[2025-12-18 18:34:03]     Instance 2/5
[2025-12-18 18:34:06]         P_return=0.8080, GHZ witness=0.8080
[2025-12-18 18:34:06]       Running mean P_return=0.8110
[2025-12-18 18:34:06]     Instance 3/5
[2025-12-18 18:34:08]         P_return=0.8130, GHZ witness=0.8130
[2025-12-18 18:34:08]       Running mean P_return=0.8117
[2025-12-18 18:34:08]     Instance 4/5
[2025-12-18 18:34:11]         P_return=0.8190, GHZ witness=0.8190
[2025-12-18 18:34:11]       Running mean P_return=0.8135
[2025-12-18 18:34:11]     Instance 5/5
[2025-12-18 18:34:13]         P_return=0.8240, GHZ witness=0.8240
[2025-12-18 18:34:13]       Running mean P_return=0.8156
[2025-12-18 18:34:13]   Saved depth 20 result (mean_P_return=0.8156)
[2025-12-18 18:34:13]   Depth 30 (4/4): running 5 instances
[2025-12-18 18:34:13]     Instance 1/5
[2025-12-18 18:34:16]         P_return=0.8210, GHZ witness=0.8210
[2025-12-18 18:34:16]       Running mean P_return=0.8210
[2025-12-18 18:34:16]     Instance 2/5
[2025-12-18 18:34:18]         P_return=0.8090, GHZ witness=0.8090
[2025-12-18 18:34:18]       Running mean P_return=0.8150
[2025-12-18 18:34:18]     Instance 3/5
[2025-12-18 18:34:21]         P_return=0.8160, GHZ witness=0.8160
[2025-12-18 18:34:21]       Running mean P_return=0.8153
[2025-12-18 18:34:21]     Instance 4/5
[2025-12-18 18:34:23]         P_return=0.8230, GHZ witness=0.8230
[2025-12-18 18:34:23]       Running mean P_return=0.8172
[2025-12-18 18:34:23]     Instance 5/5
[2025-12-18 18:34:25]         P_return=0.8070, GHZ witness=0.8070
[2025-12-18 18:34:25]       Running mean P_return=0.8152
[2025-12-18 18:34:25]   Saved depth 30 result (mean_P_return=0.8152)
[2025-12-18 18:34:25]   Alpha fit saved (alpha=0.0003, points=4)
[2025-12-18 18:34:25] 
[6/12] Subset 5 (elapsed: 4.0 min)
[2025-12-18 18:34:25]   Qubits: (38, 39, 40, 45, 46, 47, 53)
[2025-12-18 18:34:25]   lambda2=0.5000, C=3.5000
[2025-12-18 18:34:25]   Depth 5 (1/4): running 5 instances
[2025-12-18 18:34:25]     Instance 1/5
[2025-12-18 18:34:27]         P_return=0.8100, GHZ witness=0.8100
[2025-12-18 18:34:27]       Running mean P_return=0.8100
[2025-12-18 18:34:27]     Instance 2/5
[2025-12-18 18:34:28]         P_return=0.8090, GHZ witness=0.8090
[2025-12-18 18:34:28]       Running mean P_return=0.8095
[2025-12-18 18:34:28]     Instance 3/5
[2025-12-18 18:34:31]         P_return=0.8120, GHZ witness=0.8120
[2025-12-18 18:34:31]       Running mean P_return=0.8103
[2025-12-18 18:34:31]     Instance 4/5
[2025-12-18 18:34:33]         P_return=0.8380, GHZ witness=0.8380
[2025-12-18 18:34:33]       Running mean P_return=0.8173
[2025-12-18 18:34:33]     Instance 5/5
[2025-12-18 18:34:35]         P_return=0.8130, GHZ witness=0.8130
[2025-12-18 18:34:35]       Running mean P_return=0.8164
[2025-12-18 18:34:35]   Saved depth 5 result (mean_P_return=0.8164)
[2025-12-18 18:34:35]   Depth 10 (2/4): running 5 instances
[2025-12-18 18:34:35]     Instance 1/5
[2025-12-18 18:34:38]         P_return=0.8380, GHZ witness=0.8380
[2025-12-18 18:34:38]       Running mean P_return=0.8380
[2025-12-18 18:34:38]     Instance 2/5
[2025-12-18 18:34:40]         P_return=0.8250, GHZ witness=0.8250
[2025-12-18 18:34:40]       Running mean P_return=0.8315
[2025-12-18 18:34:40]     Instance 3/5
[2025-12-18 18:34:42]         P_return=0.8350, GHZ witness=0.8350
[2025-12-18 18:34:42]       Running mean P_return=0.8327
[2025-12-18 18:34:42]     Instance 4/5
[2025-12-18 18:34:44]         P_return=0.8270, GHZ witness=0.8270
[2025-12-18 18:34:44]       Running mean P_return=0.8312
[2025-12-18 18:34:44]     Instance 5/5
[2025-12-18 18:34:46]         P_return=0.8410, GHZ witness=0.8410
[2025-12-18 18:34:46]       Running mean P_return=0.8332
[2025-12-18 18:34:46]   Saved depth 10 result (mean_P_return=0.8332)
[2025-12-18 18:34:46]   Depth 20 (3/4): running 5 instances
[2025-12-18 18:34:46]     Instance 1/5
[2025-12-18 18:34:49]         P_return=0.8570, GHZ witness=0.8570
[2025-12-18 18:34:49]       Running mean P_return=0.8570
[2025-12-18 18:34:49]     Instance 2/5
[2025-12-18 18:34:51]         P_return=0.8280, GHZ witness=0.8280
[2025-12-18 18:34:51]       Running mean P_return=0.8425
[2025-12-18 18:34:51]     Instance 3/5
[2025-12-18 18:34:54]         P_return=0.8260, GHZ witness=0.8260
[2025-12-18 18:34:54]       Running mean P_return=0.8370
[2025-12-18 18:34:54]     Instance 4/5
[2025-12-18 18:34:56]         P_return=0.8220, GHZ witness=0.8220
[2025-12-18 18:34:56]       Running mean P_return=0.8333
[2025-12-18 18:34:56]     Instance 5/5
[2025-12-18 18:34:59]         P_return=0.8130, GHZ witness=0.8130
[2025-12-18 18:34:59]       Running mean P_return=0.8292
[2025-12-18 18:34:59]   Saved depth 20 result (mean_P_return=0.8292)
[2025-12-18 18:34:59]   Depth 30 (4/4): running 5 instances
[2025-12-18 18:34:59]     Instance 1/5
[2025-12-18 18:34:59]         P_return=0.8170, GHZ witness=0.8170
[2025-12-18 18:34:59]       Running mean P_return=0.8170
[2025-12-18 18:34:59]     Instance 2/5
[2025-12-18 18:35:02]         P_return=0.8410, GHZ witness=0.8410
[2025-12-18 18:35:02]       Running mean P_return=0.8290
[2025-12-18 18:35:02]     Instance 3/5
[2025-12-18 18:35:05]         P_return=0.8360, GHZ witness=0.8360
[2025-12-18 18:35:05]       Running mean P_return=0.8313
[2025-12-18 18:35:05]     Instance 4/5
[2025-12-18 18:35:07]         P_return=0.8180, GHZ witness=0.8180
[2025-12-18 18:35:07]       Running mean P_return=0.8280
[2025-12-18 18:35:07]     Instance 5/5
[2025-12-18 18:35:10]         P_return=0.8210, GHZ witness=0.8210
[2025-12-18 18:35:10]       Running mean P_return=0.8266
[2025-12-18 18:35:10]   Saved depth 30 result (mean_P_return=0.8266)
[2025-12-18 18:35:10]   Alpha fit saved (alpha=-0.0003, points=4)
[2025-12-18 18:35:10] 
[7/12] Subset 6 (elapsed: 4.7 min)
[2025-12-18 18:35:10]   Qubits: (67, 73, 74, 75, 79, 80, 81)
[2025-12-18 18:35:10]   lambda2=0.3545, C=2.4815
[2025-12-18 18:35:10]   Depth 5 (1/4): running 5 instances
[2025-12-18 18:35:10]     Instance 1/5
[2025-12-18 18:35:12]         P_return=0.6760, GHZ witness=0.6760
[2025-12-18 18:35:12]       Running mean P_return=0.6760
[2025-12-18 18:35:12]     Instance 2/5
[2025-12-18 18:35:14]         P_return=0.6230, GHZ witness=0.6230
[2025-12-18 18:35:14]       Running mean P_return=0.6495
[2025-12-18 18:35:14]     Instance 3/5
[2025-12-18 18:35:17]         P_return=0.6510, GHZ witness=0.6510
[2025-12-18 18:35:17]       Running mean P_return=0.6500
[2025-12-18 18:35:17]     Instance 4/5
[2025-12-18 18:35:19]         P_return=0.6040, GHZ witness=0.6040
[2025-12-18 18:35:19]       Running mean P_return=0.6385
[2025-12-18 18:35:19]     Instance 5/5
[2025-12-18 18:35:22]         P_return=0.6500, GHZ witness=0.6500
[2025-12-18 18:35:22]       Running mean P_return=0.6408
[2025-12-18 18:35:22]   Saved depth 5 result (mean_P_return=0.6408)
[2025-12-18 18:35:22]   Depth 10 (2/4): running 5 instances
[2025-12-18 18:35:22]     Instance 1/5
[2025-12-18 18:35:24]         P_return=0.6400, GHZ witness=0.6400
[2025-12-18 18:35:24]       Running mean P_return=0.6400
[2025-12-18 18:35:24]     Instance 2/5
[2025-12-18 18:35:27]         P_return=0.6540, GHZ witness=0.6540
[2025-12-18 18:35:27]       Running mean P_return=0.6470
[2025-12-18 18:35:27]     Instance 3/5
[2025-12-18 18:35:27]         P_return=0.6730, GHZ witness=0.6730
[2025-12-18 18:35:27]       Running mean P_return=0.6557
[2025-12-18 18:35:27]     Instance 4/5
[2025-12-18 18:35:30]         P_return=0.6370, GHZ witness=0.6370
[2025-12-18 18:35:30]       Running mean P_return=0.6510
[2025-12-18 18:35:30]     Instance 5/5
[2025-12-18 18:35:32]         P_return=0.6460, GHZ witness=0.6460
[2025-12-18 18:35:32]       Running mean P_return=0.6500
[2025-12-18 18:35:32]   Saved depth 10 result (mean_P_return=0.6500)
[2025-12-18 18:35:32]   Depth 20 (3/4): running 5 instances
[2025-12-18 18:35:32]     Instance 1/5
[2025-12-18 18:35:34]         P_return=0.6560, GHZ witness=0.6560
[2025-12-18 18:35:34]       Running mean P_return=0.6560
[2025-12-18 18:35:34]     Instance 2/5
[2025-12-18 18:35:38]         P_return=0.6240, GHZ witness=0.6240
[2025-12-18 18:35:38]       Running mean P_return=0.6400
[2025-12-18 18:35:38]     Instance 3/5
[2025-12-18 18:35:40]         P_return=0.6430, GHZ witness=0.6430
[2025-12-18 18:35:40]       Running mean P_return=0.6410
[2025-12-18 18:35:40]     Instance 4/5
[2025-12-18 18:35:43]         P_return=0.6490, GHZ witness=0.6490
[2025-12-18 18:35:43]       Running mean P_return=0.6430
[2025-12-18 18:35:43]     Instance 5/5
[2025-12-18 18:35:46]         P_return=0.6280, GHZ witness=0.6280
[2025-12-18 18:35:46]       Running mean P_return=0.6400
[2025-12-18 18:35:46]   Saved depth 20 result (mean_P_return=0.6400)
[2025-12-18 18:35:46]   Depth 30 (4/4): running 5 instances
[2025-12-18 18:35:46]     Instance 1/5
[2025-12-18 18:35:48]         P_return=0.6190, GHZ witness=0.6190
[2025-12-18 18:35:48]       Running mean P_return=0.6190
[2025-12-18 18:35:48]     Instance 2/5
[2025-12-18 18:35:51]         P_return=0.6570, GHZ witness=0.6570
[2025-12-18 18:35:51]       Running mean P_return=0.6380
[2025-12-18 18:35:51]     Instance 3/5
[2025-12-18 18:35:53]         P_return=0.6700, GHZ witness=0.6700
[2025-12-18 18:35:53]       Running mean P_return=0.6487
[2025-12-18 18:35:53]     Instance 4/5
[2025-12-18 18:35:56]         P_return=0.6740, GHZ witness=0.6740
[2025-12-18 18:35:56]       Running mean P_return=0.6550
[2025-12-18 18:35:56]     Instance 5/5
[2025-12-18 18:35:58]         P_return=0.6330, GHZ witness=0.6330
[2025-12-18 18:35:58]       Running mean P_return=0.6506
[2025-12-18 18:35:58]   Saved depth 30 result (mean_P_return=0.6506)
[2025-12-18 18:35:58]   Alpha fit saved (alpha=-0.0003, points=4)
[2025-12-18 18:35:58] 
[8/12] Subset 7 (elapsed: 5.6 min)
[2025-12-18 18:35:58]   Qubits: (21, 22, 28, 29, 30, 35, 36)
[2025-12-18 18:35:58]   lambda2=0.5000, C=3.5000
[2025-12-18 18:35:58]   Depth 5 (1/4): running 5 instances
[2025-12-18 18:35:58]     Instance 1/5
[2025-12-18 18:35:59]         P_return=0.9040, GHZ witness=0.9040
[2025-12-18 18:35:59]       Running mean P_return=0.9040
[2025-12-18 18:35:59]     Instance 2/5
[2025-12-18 18:36:01]         P_return=0.8950, GHZ witness=0.8950
[2025-12-18 18:36:01]       Running mean P_return=0.8995
[2025-12-18 18:36:01]     Instance 3/5
[2025-12-18 18:36:04]         P_return=0.8980, GHZ witness=0.8980
[2025-12-18 18:36:04]       Running mean P_return=0.8990
[2025-12-18 18:36:04]     Instance 4/5
[2025-12-18 18:36:06]         P_return=0.9040, GHZ witness=0.9040
[2025-12-18 18:36:06]       Running mean P_return=0.9002
[2025-12-18 18:36:06]     Instance 5/5
[2025-12-18 18:36:08]         P_return=0.8930, GHZ witness=0.8930
[2025-12-18 18:36:08]       Running mean P_return=0.8988
[2025-12-18 18:36:08]   Saved depth 5 result (mean_P_return=0.8988)
[2025-12-18 18:36:08]   Depth 10 (2/4): running 5 instances
[2025-12-18 18:36:08]     Instance 1/5
[2025-12-18 18:36:10]         P_return=0.8800, GHZ witness=0.8800
[2025-12-18 18:36:10]       Running mean P_return=0.8800
[2025-12-18 18:36:10]     Instance 2/5
[2025-12-18 18:36:12]         P_return=0.9010, GHZ witness=0.9010
[2025-12-18 18:36:12]       Running mean P_return=0.8905
[2025-12-18 18:36:12]     Instance 3/5
[2025-12-18 18:36:15]         P_return=0.8950, GHZ witness=0.8950
[2025-12-18 18:36:15]       Running mean P_return=0.8920
[2025-12-18 18:36:15]     Instance 4/5
[2025-12-18 18:36:17]         P_return=0.8960, GHZ witness=0.8960
[2025-12-18 18:36:17]       Running mean P_return=0.8930
[2025-12-18 18:36:17]     Instance 5/5
[2025-12-18 18:36:20]         P_return=0.9060, GHZ witness=0.9060
[2025-12-18 18:36:20]       Running mean P_return=0.8956
[2025-12-18 18:36:20]   Saved depth 10 result (mean_P_return=0.8956)
[2025-12-18 18:36:20]   Depth 20 (3/4): running 5 instances
[2025-12-18 18:36:20]     Instance 1/5
[2025-12-18 18:36:22]         P_return=0.9060, GHZ witness=0.9060
[2025-12-18 18:36:22]       Running mean P_return=0.9060
[2025-12-18 18:36:22]     Instance 2/5
[2025-12-18 18:36:25]         P_return=0.9170, GHZ witness=0.9170
[2025-12-18 18:36:25]       Running mean P_return=0.9115
[2025-12-18 18:36:25]     Instance 3/5
[2025-12-18 18:36:27]         P_return=0.8980, GHZ witness=0.8980
[2025-12-18 18:36:27]       Running mean P_return=0.9070
[2025-12-18 18:36:27]     Instance 4/5
[2025-12-18 18:36:28]         P_return=0.9000, GHZ witness=0.9000
[2025-12-18 18:36:28]       Running mean P_return=0.9052
[2025-12-18 18:36:28]     Instance 5/5
[2025-12-18 18:36:30]         P_return=0.9060, GHZ witness=0.9060
[2025-12-18 18:36:30]       Running mean P_return=0.9054
[2025-12-18 18:36:30]   Saved depth 20 result (mean_P_return=0.9054)
[2025-12-18 18:36:30]   Depth 30 (4/4): running 5 instances
[2025-12-18 18:36:30]     Instance 1/5
[2025-12-18 18:36:33]         P_return=0.8950, GHZ witness=0.8950
[2025-12-18 18:36:33]       Running mean P_return=0.8950
[2025-12-18 18:36:33]     Instance 2/5
[2025-12-18 18:36:35]         P_return=0.8990, GHZ witness=0.8990
[2025-12-18 18:36:35]       Running mean P_return=0.8970
[2025-12-18 18:36:35]     Instance 3/5
[2025-12-18 18:36:39]         P_return=0.9170, GHZ witness=0.9170
[2025-12-18 18:36:39]       Running mean P_return=0.9037
[2025-12-18 18:36:39]     Instance 4/5
[2025-12-18 18:36:41]         P_return=0.8910, GHZ witness=0.8910
[2025-12-18 18:36:41]       Running mean P_return=0.9005
[2025-12-18 18:36:41]     Instance 5/5
[2025-12-18 18:36:44]         P_return=0.8910, GHZ witness=0.8910
[2025-12-18 18:36:44]       Running mean P_return=0.8986
[2025-12-18 18:36:44]   Saved depth 30 result (mean_P_return=0.8986)
[2025-12-18 18:36:44]   Alpha fit saved (alpha=-0.0001, points=4)
[2025-12-18 18:36:44] 
[9/12] Subset 8 (elapsed: 6.3 min)
[2025-12-18 18:36:44]   Qubits: (47, 53, 54, 55, 61, 62, 69)
[2025-12-18 18:36:44]   lambda2=0.3545, C=2.4815
[2025-12-18 18:36:44]   Depth 5 (1/4): running 5 instances
[2025-12-18 18:36:44]     Instance 1/5
[2025-12-18 18:36:46]         P_return=0.6770, GHZ witness=0.6770
[2025-12-18 18:36:46]       Running mean P_return=0.6770
[2025-12-18 18:36:46]     Instance 2/5
[2025-12-18 18:36:49]         P_return=0.6610, GHZ witness=0.6610
[2025-12-18 18:36:49]       Running mean P_return=0.6690
[2025-12-18 18:36:49]     Instance 3/5
[2025-12-18 18:36:51]         P_return=0.6680, GHZ witness=0.6680
[2025-12-18 18:36:51]       Running mean P_return=0.6687
[2025-12-18 18:36:51]     Instance 4/5
[2025-12-18 18:36:54]         P_return=0.6360, GHZ witness=0.6360
[2025-12-18 18:36:54]       Running mean P_return=0.6605
[2025-12-18 18:36:54]     Instance 5/5
[2025-12-18 18:36:56]         P_return=0.6810, GHZ witness=0.6810
[2025-12-18 18:36:56]       Running mean P_return=0.6646
[2025-12-18 18:36:56]   Saved depth 5 result (mean_P_return=0.6646)
[2025-12-18 18:36:56]   Depth 10 (2/4): running 5 instances
[2025-12-18 18:36:56]     Instance 1/5
[2025-12-18 18:36:58]         P_return=0.6880, GHZ witness=0.6880
[2025-12-18 18:36:58]       Running mean P_return=0.6880
[2025-12-18 18:36:58]     Instance 2/5
[2025-12-18 18:36:58]         P_return=0.6870, GHZ witness=0.6870
[2025-12-18 18:36:58]       Running mean P_return=0.6875
[2025-12-18 18:36:58]     Instance 3/5
[2025-12-18 18:37:00]         P_return=0.6610, GHZ witness=0.6610
[2025-12-18 18:37:00]       Running mean P_return=0.6787
[2025-12-18 18:37:00]     Instance 4/5
[2025-12-18 18:37:02]         P_return=0.6800, GHZ witness=0.6800
[2025-12-18 18:37:02]       Running mean P_return=0.6790
[2025-12-18 18:37:02]     Instance 5/5
[2025-12-18 18:37:05]         P_return=0.6840, GHZ witness=0.6840
[2025-12-18 18:37:05]       Running mean P_return=0.6800
[2025-12-18 18:37:05]   Saved depth 10 result (mean_P_return=0.6800)
[2025-12-18 18:37:05]   Depth 20 (3/4): running 5 instances
[2025-12-18 18:37:05]     Instance 1/5
[2025-12-18 18:37:07]         P_return=0.6800, GHZ witness=0.6800
[2025-12-18 18:37:07]       Running mean P_return=0.6800
[2025-12-18 18:37:07]     Instance 2/5
[2025-12-18 18:37:10]         P_return=0.6780, GHZ witness=0.6780
[2025-12-18 18:37:10]       Running mean P_return=0.6790
[2025-12-18 18:37:10]     Instance 3/5
[2025-12-18 18:37:12]         P_return=0.6680, GHZ witness=0.6680
[2025-12-18 18:37:12]       Running mean P_return=0.6753
[2025-12-18 18:37:12]     Instance 4/5
[2025-12-18 18:37:14]         P_return=0.6490, GHZ witness=0.6490
[2025-12-18 18:37:14]       Running mean P_return=0.6688
[2025-12-18 18:37:14]     Instance 5/5
[2025-12-18 18:37:17]         P_return=0.6550, GHZ witness=0.6550
[2025-12-18 18:37:17]       Running mean P_return=0.6660
[2025-12-18 18:37:17]   Saved depth 20 result (mean_P_return=0.6660)
[2025-12-18 18:37:17]   Depth 30 (4/4): running 5 instances
[2025-12-18 18:37:17]     Instance 1/5
[2025-12-18 18:37:19]         P_return=0.6780, GHZ witness=0.6780
[2025-12-18 18:37:19]       Running mean P_return=0.6780
[2025-12-18 18:37:19]     Instance 2/5
[2025-12-18 18:37:22]         P_return=0.6650, GHZ witness=0.6650
[2025-12-18 18:37:22]       Running mean P_return=0.6715
[2025-12-18 18:37:22]     Instance 3/5
[2025-12-18 18:37:25]         P_return=0.6760, GHZ witness=0.6760
[2025-12-18 18:37:25]       Running mean P_return=0.6730
[2025-12-18 18:37:25]     Instance 4/5
[2025-12-18 18:37:27]         P_return=0.6850, GHZ witness=0.6850
[2025-12-18 18:37:27]       Running mean P_return=0.6760
[2025-12-18 18:37:27]     Instance 5/5
[2025-12-18 18:37:30]         P_return=0.6680, GHZ witness=0.6680
[2025-12-18 18:37:30]       Running mean P_return=0.6744
[2025-12-18 18:37:30]   Saved depth 30 result (mean_P_return=0.6744)
[2025-12-18 18:37:30]   Alpha fit saved (alpha=-0.0002, points=4)
[2025-12-18 18:37:30] 
[10/12] Subset 9 (elapsed: 7.1 min)
[2025-12-18 18:37:30]   Qubits: (21, 28, 29, 35, 36, 37, 43)
[2025-12-18 18:37:30]   lambda2=0.3545, C=2.4815
[2025-12-18 18:37:30]   Depth 5 (1/4): running 5 instances
[2025-12-18 18:37:30]     Instance 1/5
[2025-12-18 18:37:30]         P_return=0.9010, GHZ witness=0.9010
[2025-12-18 18:37:30]       Running mean P_return=0.9010
[2025-12-18 18:37:30]     Instance 2/5
[2025-12-18 18:37:32]         P_return=0.8910, GHZ witness=0.8910
[2025-12-18 18:37:32]       Running mean P_return=0.8960
[2025-12-18 18:37:32]     Instance 3/5
[2025-12-18 18:37:34]         P_return=0.8820, GHZ witness=0.8820
[2025-12-18 18:37:34]       Running mean P_return=0.8913
[2025-12-18 18:37:34]     Instance 4/5
[2025-12-18 18:37:36]         P_return=0.8940, GHZ witness=0.8940
[2025-12-18 18:37:36]       Running mean P_return=0.8920
[2025-12-18 18:37:36]     Instance 5/5
[2025-12-18 18:37:40]         P_return=0.8810, GHZ witness=0.8810
[2025-12-18 18:37:40]       Running mean P_return=0.8898
[2025-12-18 18:37:40]   Saved depth 5 result (mean_P_return=0.8898)
[2025-12-18 18:37:40]   Depth 10 (2/4): running 5 instances
[2025-12-18 18:37:40]     Instance 1/5
[2025-12-18 18:37:42]         P_return=0.8860, GHZ witness=0.8860
[2025-12-18 18:37:42]       Running mean P_return=0.8860
[2025-12-18 18:37:42]     Instance 2/5
[2025-12-18 18:37:44]         P_return=0.8960, GHZ witness=0.8960
[2025-12-18 18:37:44]       Running mean P_return=0.8910
[2025-12-18 18:37:44]     Instance 3/5
[2025-12-18 18:37:47]         P_return=0.9080, GHZ witness=0.9080
[2025-12-18 18:37:47]       Running mean P_return=0.8967
[2025-12-18 18:37:47]     Instance 4/5
[2025-12-18 18:37:50]         P_return=0.8900, GHZ witness=0.8900
[2025-12-18 18:37:50]       Running mean P_return=0.8950
[2025-12-18 18:37:50]     Instance 5/5
[2025-12-18 18:37:52]         P_return=0.8990, GHZ witness=0.8990
[2025-12-18 18:37:52]       Running mean P_return=0.8958
[2025-12-18 18:37:52]   Saved depth 10 result (mean_P_return=0.8958)
[2025-12-18 18:37:52]   Depth 20 (3/4): running 5 instances
[2025-12-18 18:37:52]     Instance 1/5
[2025-12-18 18:37:55]         P_return=0.8960, GHZ witness=0.8960
[2025-12-18 18:37:55]       Running mean P_return=0.8960
[2025-12-18 18:37:55]     Instance 2/5
[2025-12-18 18:37:57]         P_return=0.8810, GHZ witness=0.8810
[2025-12-18 18:37:57]       Running mean P_return=0.8885
[2025-12-18 18:37:57]     Instance 3/5
[2025-12-18 18:38:00]         P_return=0.9020, GHZ witness=0.9020
[2025-12-18 18:38:00]       Running mean P_return=0.8930
[2025-12-18 18:38:00]     Instance 4/5
[2025-12-18 18:38:00]         P_return=0.8870, GHZ witness=0.8870
[2025-12-18 18:38:00]       Running mean P_return=0.8915
[2025-12-18 18:38:00]     Instance 5/5
[2025-12-18 18:38:03]         P_return=0.9000, GHZ witness=0.9000
[2025-12-18 18:38:03]       Running mean P_return=0.8932
[2025-12-18 18:38:03]   Saved depth 20 result (mean_P_return=0.8932)
[2025-12-18 18:38:03]   Depth 30 (4/4): running 5 instances
[2025-12-18 18:38:03]     Instance 1/5
[2025-12-18 18:38:06]         P_return=0.8930, GHZ witness=0.8930
[2025-12-18 18:38:06]       Running mean P_return=0.8930
[2025-12-18 18:38:06]     Instance 2/5
[2025-12-18 18:38:08]         P_return=0.8930, GHZ witness=0.8930
[2025-12-18 18:38:08]       Running mean P_return=0.8930
[2025-12-18 18:38:08]     Instance 3/5
[2025-12-18 18:38:10]         P_return=0.8890, GHZ witness=0.8890
[2025-12-18 18:38:10]       Running mean P_return=0.8917
[2025-12-18 18:38:10]     Instance 4/5
[2025-12-18 18:38:13]         P_return=0.8840, GHZ witness=0.8840
[2025-12-18 18:38:13]       Running mean P_return=0.8897
[2025-12-18 18:38:13]     Instance 5/5
[2025-12-18 18:38:15]         P_return=0.8920, GHZ witness=0.8920
[2025-12-18 18:38:15]       Running mean P_return=0.8902
[2025-12-18 18:38:15]   Saved depth 30 result (mean_P_return=0.8902)
[2025-12-18 18:38:15]   Alpha fit saved (alpha=0.0001, points=4)
[2025-12-18 18:38:15] 
[11/12] Subset 10 (elapsed: 7.8 min)
[2025-12-18 18:38:15]   Qubits: (6, 12, 13, 19, 20, 26, 27)
[2025-12-18 18:38:15]   lambda2=0.3649, C=2.5543
[2025-12-18 18:38:15]   Depth 5 (1/4): running 5 instances
[2025-12-18 18:38:15]     Instance 1/5
[2025-12-18 18:38:18]         P_return=0.9160, GHZ witness=0.9160
[2025-12-18 18:38:18]       Running mean P_return=0.9160
[2025-12-18 18:38:18]     Instance 2/5
[2025-12-18 18:38:20]         P_return=0.9240, GHZ witness=0.9240
[2025-12-18 18:38:20]       Running mean P_return=0.9200
[2025-12-18 18:38:20]     Instance 3/5
[2025-12-18 18:38:22]         P_return=0.9190, GHZ witness=0.9190
[2025-12-18 18:38:22]       Running mean P_return=0.9197
[2025-12-18 18:38:22]     Instance 4/5
[2025-12-18 18:38:25]         P_return=0.9230, GHZ witness=0.9230
[2025-12-18 18:38:25]       Running mean P_return=0.9205
[2025-12-18 18:38:25]     Instance 5/5
[2025-12-18 18:38:27]         P_return=0.9160, GHZ witness=0.9160
[2025-12-18 18:38:27]       Running mean P_return=0.9196
[2025-12-18 18:38:27]   Saved depth 5 result (mean_P_return=0.9196)
[2025-12-18 18:38:27]   Depth 10 (2/4): running 5 instances
[2025-12-18 18:38:27]     Instance 1/5
[2025-12-18 18:38:30]         P_return=0.9150, GHZ witness=0.9150
[2025-12-18 18:38:30]       Running mean P_return=0.9150
[2025-12-18 18:38:30]     Instance 2/5
[2025-12-18 18:38:30]         P_return=0.9220, GHZ witness=0.9220
[2025-12-18 18:38:30]       Running mean P_return=0.9185
[2025-12-18 18:38:30]     Instance 3/5
[2025-12-18 18:38:32]         P_return=0.9230, GHZ witness=0.9230
[2025-12-18 18:38:32]       Running mean P_return=0.9200
[2025-12-18 18:38:32]     Instance 4/5
[2025-12-18 18:38:34]         P_return=0.9100, GHZ witness=0.9100
[2025-12-18 18:38:34]       Running mean P_return=0.9175
[2025-12-18 18:38:34]     Instance 5/5
[2025-12-18 18:38:37]         P_return=0.9240, GHZ witness=0.9240
[2025-12-18 18:38:37]       Running mean P_return=0.9188
[2025-12-18 18:38:37]   Saved depth 10 result (mean_P_return=0.9188)
[2025-12-18 18:38:37]   Depth 20 (3/4): running 5 instances
[2025-12-18 18:38:37]     Instance 1/5
[2025-12-18 18:38:39]         P_return=0.9320, GHZ witness=0.9320
[2025-12-18 18:38:39]       Running mean P_return=0.9320
[2025-12-18 18:38:39]     Instance 2/5
[2025-12-18 18:38:42]         P_return=0.9230, GHZ witness=0.9230
[2025-12-18 18:38:42]       Running mean P_return=0.9275
[2025-12-18 18:38:42]     Instance 3/5
[2025-12-18 18:38:44]         P_return=0.9110, GHZ witness=0.9110
[2025-12-18 18:38:44]       Running mean P_return=0.9220
[2025-12-18 18:38:44]     Instance 4/5
[2025-12-18 18:38:47]         P_return=0.9250, GHZ witness=0.9250
[2025-12-18 18:38:47]       Running mean P_return=0.9227
[2025-12-18 18:38:47]     Instance 5/5
[2025-12-18 18:38:50]         P_return=0.9240, GHZ witness=0.9240
[2025-12-18 18:38:50]       Running mean P_return=0.9230
[2025-12-18 18:38:50]   Saved depth 20 result (mean_P_return=0.9230)
[2025-12-18 18:38:50]   Depth 30 (4/4): running 5 instances
[2025-12-18 18:38:50]     Instance 1/5
[2025-12-18 18:38:53]         P_return=0.9130, GHZ witness=0.9130
[2025-12-18 18:38:53]       Running mean P_return=0.9130
[2025-12-18 18:38:53]     Instance 2/5
[2025-12-18 18:38:55]         P_return=0.9260, GHZ witness=0.9260
[2025-12-18 18:38:55]       Running mean P_return=0.9195
[2025-12-18 18:38:55]     Instance 3/5
[2025-12-18 18:38:58]         P_return=0.9200, GHZ witness=0.9200
[2025-12-18 18:38:58]       Running mean P_return=0.9197
[2025-12-18 18:38:58]     Instance 4/5
[2025-12-18 18:39:00]         P_return=0.9100, GHZ witness=0.9100
[2025-12-18 18:39:00]       Running mean P_return=0.9173
[2025-12-18 18:39:00]     Instance 5/5
[2025-12-18 18:39:02]         P_return=0.9290, GHZ witness=0.9290
[2025-12-18 18:39:02]       Running mean P_return=0.9196
[2025-12-18 18:39:02]   Saved depth 30 result (mean_P_return=0.9196)
[2025-12-18 18:39:02]   Alpha fit saved (alpha=-0.0001, points=4)
[2025-12-18 18:39:02] 
[12/12] Subset 11 (elapsed: 8.6 min)
[2025-12-18 18:39:02]   Qubits: (32, 33, 34, 39, 40, 41, 47)
[2025-12-18 18:39:02]   lambda2=0.5000, C=3.5000
[2025-12-18 18:39:02]   Depth 5 (1/4): running 5 instances
[2025-12-18 18:39:02]     Instance 1/5
[2025-12-18 18:39:07]         P_return=0.8980, GHZ witness=0.8980
[2025-12-18 18:39:07]       Running mean P_return=0.8980
[2025-12-18 18:39:07]     Instance 2/5
[2025-12-18 18:39:09]         P_return=0.8940, GHZ witness=0.8940
[2025-12-18 18:39:09]       Running mean P_return=0.8960
[2025-12-18 18:39:09]     Instance 3/5
[2025-12-18 18:39:11]         P_return=0.9060, GHZ witness=0.9060
[2025-12-18 18:39:11]       Running mean P_return=0.8993
[2025-12-18 18:39:11]     Instance 4/5
[2025-12-18 18:39:14]         P_return=0.8810, GHZ witness=0.8810
[2025-12-18 18:39:14]       Running mean P_return=0.8947
[2025-12-18 18:39:14]     Instance 5/5
[2025-12-18 18:39:17]         P_return=0.9020, GHZ witness=0.9020
[2025-12-18 18:39:17]       Running mean P_return=0.8962
[2025-12-18 18:39:17]   Saved depth 5 result (mean_P_return=0.8962)
[2025-12-18 18:39:17]   Depth 10 (2/4): running 5 instances
[2025-12-18 18:39:17]     Instance 1/5
[2025-12-18 18:39:20]         P_return=0.8990, GHZ witness=0.8990
[2025-12-18 18:39:20]       Running mean P_return=0.8990
[2025-12-18 18:39:20]     Instance 2/5
[2025-12-18 18:39:22]         P_return=0.9000, GHZ witness=0.9000
[2025-12-18 18:39:22]       Running mean P_return=0.8995
[2025-12-18 18:39:22]     Instance 3/5
[2025-12-18 18:39:24]         P_return=0.9220, GHZ witness=0.9220
[2025-12-18 18:39:24]       Running mean P_return=0.9070
[2025-12-18 18:39:24]     Instance 4/5
[2025-12-18 18:39:26]         P_return=0.9040, GHZ witness=0.9040
[2025-12-18 18:39:26]       Running mean P_return=0.9062
[2025-12-18 18:39:26]     Instance 5/5
[2025-12-18 18:39:28]         P_return=0.8970, GHZ witness=0.8970
[2025-12-18 18:39:28]       Running mean P_return=0.9044
[2025-12-18 18:39:28]   Saved depth 10 result (mean_P_return=0.9044)
[2025-12-18 18:39:28]   Depth 20 (3/4): running 5 instances
[2025-12-18 18:39:28]     Instance 1/5
[2025-12-18 18:39:31]         P_return=0.8940, GHZ witness=0.8940
[2025-12-18 18:39:31]       Running mean P_return=0.8940
[2025-12-18 18:39:31]     Instance 2/5
[2025-12-18 18:39:31]         P_return=0.9130, GHZ witness=0.9130
[2025-12-18 18:39:31]       Running mean P_return=0.9035
[2025-12-18 18:39:31]     Instance 3/5
[2025-12-18 18:39:33]         P_return=0.8980, GHZ witness=0.8980
[2025-12-18 18:39:33]       Running mean P_return=0.9017
[2025-12-18 18:39:33]     Instance 4/5
[2025-12-18 18:39:36]         P_return=0.9070, GHZ witness=0.9070
[2025-12-18 18:39:36]       Running mean P_return=0.9030
[2025-12-18 18:39:36]     Instance 5/5
[2025-12-18 18:39:38]         P_return=0.8850, GHZ witness=0.8850
[2025-12-18 18:39:38]       Running mean P_return=0.8994
[2025-12-18 18:39:38]   Saved depth 20 result (mean_P_return=0.8994)
[2025-12-18 18:39:38]   Depth 30 (4/4): running 5 instances
[2025-12-18 18:39:38]     Instance 1/5
[2025-12-18 18:39:41]         P_return=0.9090, GHZ witness=0.9090
[2025-12-18 18:39:41]       Running mean P_return=0.9090
[2025-12-18 18:39:41]     Instance 2/5
[2025-12-18 18:39:43]         P_return=0.8890, GHZ witness=0.8890
[2025-12-18 18:39:43]       Running mean P_return=0.8990
[2025-12-18 18:39:43]     Instance 3/5
[2025-12-18 18:39:45]         P_return=0.8850, GHZ witness=0.8850
[2025-12-18 18:39:45]       Running mean P_return=0.8943
[2025-12-18 18:39:45]     Instance 4/5
[2025-12-18 18:39:48]         P_return=0.9060, GHZ witness=0.9060
[2025-12-18 18:39:48]       Running mean P_return=0.8972
[2025-12-18 18:39:48]     Instance 5/5
[2025-12-18 18:39:51]         P_return=0.8990, GHZ witness=0.8990
[2025-12-18 18:39:51]       Running mean P_return=0.8976
[2025-12-18 18:39:51]   Saved depth 30 result (mean_P_return=0.8976)
[2025-12-18 18:39:51]   Alpha fit saved (alpha=0.0001, points=4)
[2025-12-18 18:39:51] 
============================================================
[2025-12-18 18:39:51] LOSCHMIDT ECHO SWEEP COMPLETE in 9.4 minutes
[2025-12-18 18:39:51] Results saved to results/loschmidt_echo_sweep_N7.csv
