[2025-12-18 17:33:25] ============================================================
[2025-12-18 17:33:25] AWS Braket Experiment Runner
[2025-12-18 17:33:25] ============================================================
[2025-12-18 17:33:25] Device: arn:aws:braket:us-west-1::device/qpu/rigetti/Ankaa-3
[2025-12-18 17:33:25] Subset size N: 9
[2025-12-18 17:33:25] Num subsets: 12
[2025-12-18 17:33:25] Experiment: loschmidt_echo
[2025-12-18 17:33:25] Depths: [5, 10, 20, 30]
[2025-12-18 17:33:25] K (instances per depth): 5
[2025-12-18 17:33:25] Fit eps: 0.001
[2025-12-18 17:33:25] Shots: 1000
[2025-12-18 17:33:25] Seed: 42
[2025-12-18 17:33:25] Output CSV: results/loschmidt_echo_sweep_N9.csv
[2025-12-18 17:33:25] Alpha CSV: results/loschmidt_echo_alpha_N9.csv
[2025-12-18 17:33:25] Resume: True
[2025-12-18 17:33:25] Simulator: False
[2025-12-18 17:33:25] ============================================================
[2025-12-18 17:33:27] Device: Ankaa-3, Status: ONLINE
[2025-12-18 17:33:27] Graph: 80 nodes, 136 edges
[2025-12-18 17:33:27] Generated 12 subsets
[2025-12-18 17:33:27] 
============================================================
[2025-12-18 17:33:27] STARTING LOSCHMIDT ECHO SWEEP
[2025-12-18 17:33:27] ============================================================
[2025-12-18 17:33:27] 
[1/12] Subset 0 (elapsed: 0.0 min)
[2025-12-18 17:33:27]   Qubits: (0, 7, 8, 14, 15, 16, 21, 22, 28)
[2025-12-18 17:33:27]   lambda2=0.2929, C=2.6360
[2025-12-18 17:33:27]   Depth 5: running 5 instances
[2025-12-18 17:33:27]     Instance 1/5
[2025-12-18 17:33:33]         P_return=0.8030, GHZ witness=0.8030
[2025-12-18 17:33:33]       Running mean P_return=0.8030
[2025-12-18 17:33:33]     Instance 2/5
[2025-12-18 17:33:36]         P_return=0.7920, GHZ witness=0.7920
[2025-12-18 17:33:36]       Running mean P_return=0.7975
[2025-12-18 17:33:36]     Instance 3/5
[2025-12-18 17:33:40]         P_return=0.7620, GHZ witness=0.7620
[2025-12-18 17:33:40]       Running mean P_return=0.7857
[2025-12-18 17:33:40]     Instance 4/5
[2025-12-18 17:33:42]         P_return=0.7940, GHZ witness=0.7940
[2025-12-18 17:33:42]       Running mean P_return=0.7878
[2025-12-18 17:33:42]     Instance 5/5
[2025-12-18 17:33:46]         P_return=0.7790, GHZ witness=0.7790
[2025-12-18 17:33:46]       Running mean P_return=0.7860
[2025-12-18 17:33:46]   Saved depth 5 result (mean_P_return=0.7860)
[2025-12-18 17:33:46]   Depth 10: running 5 instances
[2025-12-18 17:33:46]     Instance 1/5
[2025-12-18 17:33:49]         P_return=0.7740, GHZ witness=0.7740
[2025-12-18 17:33:49]       Running mean P_return=0.7740
[2025-12-18 17:33:49]     Instance 2/5
[2025-12-18 17:33:52]         P_return=0.7920, GHZ witness=0.7920
[2025-12-18 17:33:52]       Running mean P_return=0.7830
[2025-12-18 17:33:52]     Instance 3/5
[2025-12-18 17:33:55]         P_return=0.8110, GHZ witness=0.8110
[2025-12-18 17:33:55]       Running mean P_return=0.7923
[2025-12-18 17:33:55]     Instance 4/5
[2025-12-18 17:33:57]         P_return=0.7820, GHZ witness=0.7820
[2025-12-18 17:33:57]       Running mean P_return=0.7898
[2025-12-18 17:33:57]     Instance 5/5
[2025-12-18 17:34:00]         P_return=0.7970, GHZ witness=0.7970
[2025-12-18 17:34:00]       Running mean P_return=0.7912
[2025-12-18 17:34:00]   Saved depth 10 result (mean_P_return=0.7912)
[2025-12-18 17:34:00]   Depth 20: running 5 instances
[2025-12-18 17:34:00]     Instance 1/5
[2025-12-18 17:34:05]         P_return=0.8030, GHZ witness=0.8030
[2025-12-18 17:34:05]       Running mean P_return=0.8030
[2025-12-18 17:34:05]     Instance 2/5
[2025-12-18 17:34:09]         P_return=0.7970, GHZ witness=0.7970
[2025-12-18 17:34:09]       Running mean P_return=0.8000
[2025-12-18 17:34:09]     Instance 3/5
[2025-12-18 17:34:13]         P_return=0.7880, GHZ witness=0.7880
[2025-12-18 17:34:13]       Running mean P_return=0.7960
[2025-12-18 17:34:13]     Instance 4/5
[2025-12-18 17:34:17]         P_return=0.7660, GHZ witness=0.7660
[2025-12-18 17:34:17]       Running mean P_return=0.7885
[2025-12-18 17:34:17]     Instance 5/5
[2025-12-18 17:34:21]         P_return=0.7900, GHZ witness=0.7900
[2025-12-18 17:34:21]       Running mean P_return=0.7888
[2025-12-18 17:34:21]   Saved depth 20 result (mean_P_return=0.7888)
[2025-12-18 17:34:21]   Depth 30: running 5 instances
[2025-12-18 17:34:21]     Instance 1/5
[2025-12-18 17:34:26]         P_return=0.7970, GHZ witness=0.7970
[2025-12-18 17:34:26]       Running mean P_return=0.7970
[2025-12-18 17:34:26]     Instance 2/5
[2025-12-18 17:34:28]         P_return=0.7840, GHZ witness=0.7840
[2025-12-18 17:34:28]       Running mean P_return=0.7905
[2025-12-18 17:34:28]     Instance 3/5
[2025-12-18 17:34:32]         P_return=0.7990, GHZ witness=0.7990
[2025-12-18 17:34:32]       Running mean P_return=0.7933
[2025-12-18 17:34:32]     Instance 4/5
[2025-12-18 17:34:38]         P_return=0.7820, GHZ witness=0.7820
[2025-12-18 17:34:38]       Running mean P_return=0.7905
[2025-12-18 17:34:38]     Instance 5/5
[2025-12-18 17:34:42]         P_return=0.7950, GHZ witness=0.7950
[2025-12-18 17:34:42]       Running mean P_return=0.7914
[2025-12-18 17:34:42]   Saved depth 30 result (mean_P_return=0.7914)
[2025-12-18 17:34:42]   Alpha fit saved (alpha=-0.0002, points=4)
[2025-12-18 17:34:42] 
[2/12] Subset 1 (elapsed: 1.3 min)
[2025-12-18 17:34:42]   Qubits: (63, 64, 70, 71, 72, 73, 77, 78, 79)
[2025-12-18 17:34:42]   lambda2=0.2860, C=2.5740
[2025-12-18 17:34:42]   Depth 5: running 5 instances
[2025-12-18 17:34:42]     Instance 1/5
[2025-12-18 17:34:45]         P_return=0.5480, GHZ witness=0.5480
[2025-12-18 17:34:45]       Running mean P_return=0.5480
[2025-12-18 17:34:45]     Instance 2/5
[2025-12-18 17:34:48]         P_return=0.5640, GHZ witness=0.5640
[2025-12-18 17:34:48]       Running mean P_return=0.5560
[2025-12-18 17:34:48]     Instance 3/5
[2025-12-18 17:34:51]         P_return=0.5490, GHZ witness=0.5490
[2025-12-18 17:34:51]       Running mean P_return=0.5537
[2025-12-18 17:34:51]     Instance 4/5
[2025-12-18 17:34:54]         P_return=0.5620, GHZ witness=0.5620
[2025-12-18 17:34:54]       Running mean P_return=0.5557
[2025-12-18 17:34:54]     Instance 5/5
[2025-12-18 17:34:57]         P_return=0.6070, GHZ witness=0.6070
[2025-12-18 17:34:57]       Running mean P_return=0.5660
[2025-12-18 17:34:57]   Saved depth 5 result (mean_P_return=0.5660)
[2025-12-18 17:34:57]   Depth 10: running 5 instances
[2025-12-18 17:34:57]     Instance 1/5
[2025-12-18 17:34:59]         P_return=0.5600, GHZ witness=0.5600
[2025-12-18 17:34:59]       Running mean P_return=0.5600
[2025-12-18 17:34:59]     Instance 2/5
[2025-12-18 17:35:03]         P_return=0.5530, GHZ witness=0.5530
[2025-12-18 17:35:03]       Running mean P_return=0.5565
[2025-12-18 17:35:03]     Instance 3/5
[2025-12-18 17:35:06]         P_return=0.5770, GHZ witness=0.5770
[2025-12-18 17:35:06]       Running mean P_return=0.5633
[2025-12-18 17:35:06]     Instance 4/5
[2025-12-18 17:35:09]         P_return=0.6040, GHZ witness=0.6040
[2025-12-18 17:35:09]       Running mean P_return=0.5735
[2025-12-18 17:35:09]     Instance 5/5
[2025-12-18 17:35:13]         P_return=0.5820, GHZ witness=0.5820
[2025-12-18 17:35:13]       Running mean P_return=0.5752
[2025-12-18 17:35:13]   Saved depth 10 result (mean_P_return=0.5752)
[2025-12-18 17:35:13]   Depth 20: running 5 instances
[2025-12-18 17:35:13]     Instance 1/5
[2025-12-18 17:35:17]         P_return=0.5490, GHZ witness=0.5490
[2025-12-18 17:35:17]       Running mean P_return=0.5490
[2025-12-18 17:35:17]     Instance 2/5
[2025-12-18 17:35:21]         P_return=0.5490, GHZ witness=0.5490
[2025-12-18 17:35:21]       Running mean P_return=0.5490
[2025-12-18 17:35:21]     Instance 3/5
[2025-12-18 17:35:25]         P_return=0.5670, GHZ witness=0.5670
[2025-12-18 17:35:25]       Running mean P_return=0.5550
[2025-12-18 17:35:25]     Instance 4/5
[2025-12-18 17:35:27]         P_return=0.5620, GHZ witness=0.5620
[2025-12-18 17:35:27]       Running mean P_return=0.5568
[2025-12-18 17:35:27]     Instance 5/5
[2025-12-18 17:35:31]         P_return=0.5740, GHZ witness=0.5740
[2025-12-18 17:35:31]       Running mean P_return=0.5602
[2025-12-18 17:35:31]   Saved depth 20 result (mean_P_return=0.5602)
[2025-12-18 17:35:31]   Depth 30: running 5 instances
[2025-12-18 17:35:31]     Instance 1/5
[2025-12-18 17:35:36]         P_return=0.5850, GHZ witness=0.5850
[2025-12-18 17:35:36]       Running mean P_return=0.5850
[2025-12-18 17:35:36]     Instance 2/5
[2025-12-18 17:35:41]         P_return=0.5820, GHZ witness=0.5820
[2025-12-18 17:35:41]       Running mean P_return=0.5835
[2025-12-18 17:35:41]     Instance 3/5
[2025-12-18 17:35:45]         P_return=0.5690, GHZ witness=0.5690
[2025-12-18 17:35:45]       Running mean P_return=0.5787
[2025-12-18 17:35:45]     Instance 4/5
[2025-12-18 17:35:50]         P_return=0.6030, GHZ witness=0.6030
[2025-12-18 17:35:50]       Running mean P_return=0.5847
[2025-12-18 17:35:50]     Instance 5/5
[2025-12-18 17:35:54]         P_return=0.5660, GHZ witness=0.5660
[2025-12-18 17:35:54]       Running mean P_return=0.5810
[2025-12-18 17:35:54]   Saved depth 30 result (mean_P_return=0.5810)
[2025-12-18 17:35:54]   Alpha fit saved (alpha=-0.0006, points=4)
[2025-12-18 17:35:54] 
[3/12] Subset 2 (elapsed: 2.5 min)
[2025-12-18 17:35:54]   Qubits: (13, 18, 19, 20, 24, 25, 26, 27, 33)
[2025-12-18 17:35:54]   lambda2=0.2857, C=2.5715
[2025-12-18 17:35:54]   Depth 5: running 5 instances
[2025-12-18 17:35:54]     Instance 1/5
[2025-12-18 17:35:57]         P_return=0.9180, GHZ witness=0.9180
[2025-12-18 17:35:57]       Running mean P_return=0.9180
[2025-12-18 17:35:57]     Instance 2/5
[2025-12-18 17:35:58]         P_return=0.9050, GHZ witness=0.9050
[2025-12-18 17:35:58]       Running mean P_return=0.9115
[2025-12-18 17:35:58]     Instance 3/5
[2025-12-18 17:36:01]         P_return=0.8970, GHZ witness=0.8970
[2025-12-18 17:36:01]       Running mean P_return=0.9067
[2025-12-18 17:36:01]     Instance 4/5
[2025-12-18 17:36:05]         P_return=0.9140, GHZ witness=0.9140
[2025-12-18 17:36:05]       Running mean P_return=0.9085
[2025-12-18 17:36:05]     Instance 5/5
[2025-12-18 17:36:08]         P_return=0.9150, GHZ witness=0.9150
[2025-12-18 17:36:08]       Running mean P_return=0.9098
[2025-12-18 17:36:08]   Saved depth 5 result (mean_P_return=0.9098)
[2025-12-18 17:36:08]   Depth 10: running 5 instances
[2025-12-18 17:36:08]     Instance 1/5
[2025-12-18 17:36:12]         P_return=0.9040, GHZ witness=0.9040
[2025-12-18 17:36:12]       Running mean P_return=0.9040
[2025-12-18 17:36:12]     Instance 2/5
[2025-12-18 17:36:15]         P_return=0.9150, GHZ witness=0.9150
[2025-12-18 17:36:15]       Running mean P_return=0.9095
[2025-12-18 17:36:15]     Instance 3/5
[2025-12-18 17:36:18]         P_return=0.9290, GHZ witness=0.9290
[2025-12-18 17:36:18]       Running mean P_return=0.9160
[2025-12-18 17:36:18]     Instance 4/5
[2025-12-18 17:36:22]         P_return=0.9260, GHZ witness=0.9260
[2025-12-18 17:36:22]       Running mean P_return=0.9185
[2025-12-18 17:36:22]     Instance 5/5
[2025-12-18 17:36:25]         P_return=0.9060, GHZ witness=0.9060
[2025-12-18 17:36:25]       Running mean P_return=0.9160
[2025-12-18 17:36:25]   Saved depth 10 result (mean_P_return=0.9160)
[2025-12-18 17:36:25]   Depth 20: running 5 instances
[2025-12-18 17:36:25]     Instance 1/5
[2025-12-18 17:36:27]         P_return=0.9160, GHZ witness=0.9160
[2025-12-18 17:36:27]       Running mean P_return=0.9160
[2025-12-18 17:36:27]     Instance 2/5
[2025-12-18 17:36:31]         P_return=0.9130, GHZ witness=0.9130
[2025-12-18 17:36:31]       Running mean P_return=0.9145
[2025-12-18 17:36:31]     Instance 3/5
[2025-12-18 17:36:35]         P_return=0.9230, GHZ witness=0.9230
[2025-12-18 17:36:35]       Running mean P_return=0.9173
[2025-12-18 17:36:35]     Instance 4/5
[2025-12-18 17:36:39]         P_return=0.9300, GHZ witness=0.9300
[2025-12-18 17:36:39]       Running mean P_return=0.9205
[2025-12-18 17:36:39]     Instance 5/5
[2025-12-18 17:36:44]         P_return=0.9180, GHZ witness=0.9180
[2025-12-18 17:36:44]       Running mean P_return=0.9200
[2025-12-18 17:36:44]   Saved depth 20 result (mean_P_return=0.9200)
[2025-12-18 17:36:44]   Depth 30: running 5 instances
[2025-12-18 17:36:44]     Instance 1/5
[2025-12-18 17:36:48]         P_return=0.9170, GHZ witness=0.9170
[2025-12-18 17:36:48]       Running mean P_return=0.9170
[2025-12-18 17:36:48]     Instance 2/5
[2025-12-18 17:36:52]         P_return=0.9140, GHZ witness=0.9140
[2025-12-18 17:36:52]       Running mean P_return=0.9155
[2025-12-18 17:36:52]     Instance 3/5
[2025-12-18 17:36:57]         P_return=0.9010, GHZ witness=0.9010
[2025-12-18 17:36:57]       Running mean P_return=0.9107
[2025-12-18 17:36:57]     Instance 4/5
[2025-12-18 17:36:59]         P_return=0.9230, GHZ witness=0.9230
[2025-12-18 17:36:59]       Running mean P_return=0.9138
[2025-12-18 17:36:59]     Instance 5/5
[2025-12-18 17:37:04]         P_return=0.8980, GHZ witness=0.8980
[2025-12-18 17:37:04]       Running mean P_return=0.9106
[2025-12-18 17:37:04]   Saved depth 30 result (mean_P_return=0.9106)
[2025-12-18 17:37:04]   Alpha fit saved (alpha=-0.0000, points=4)
[2025-12-18 17:37:04] 
[4/12] Subset 3 (elapsed: 3.6 min)
[2025-12-18 17:37:04]   Qubits: (36, 37, 38, 44, 45, 50, 51, 52, 58)
[2025-12-18 17:37:04]   lambda2=0.2461, C=2.2146
[2025-12-18 17:37:04]   Depth 5: running 5 instances
[2025-12-18 17:37:04]     Instance 1/5
[2025-12-18 17:37:08]         P_return=0.7600, GHZ witness=0.7600
[2025-12-18 17:37:08]       Running mean P_return=0.7600
[2025-12-18 17:37:08]     Instance 2/5
[2025-12-18 17:37:11]         P_return=0.7730, GHZ witness=0.7730
[2025-12-18 17:37:11]       Running mean P_return=0.7665
[2025-12-18 17:37:11]     Instance 3/5
[2025-12-18 17:37:15]         P_return=0.7730, GHZ witness=0.7730
[2025-12-18 17:37:15]       Running mean P_return=0.7687
[2025-12-18 17:37:15]     Instance 4/5
[2025-12-18 17:37:18]         P_return=0.7770, GHZ witness=0.7770
[2025-12-18 17:37:18]       Running mean P_return=0.7708
[2025-12-18 17:37:18]     Instance 5/5
[2025-12-18 17:37:21]         P_return=0.7520, GHZ witness=0.7520
[2025-12-18 17:37:21]       Running mean P_return=0.7670
[2025-12-18 17:37:21]   Saved depth 5 result (mean_P_return=0.7670)
[2025-12-18 17:37:21]   Depth 10: running 5 instances
[2025-12-18 17:37:21]     Instance 1/5
[2025-12-18 17:37:24]         P_return=0.7750, GHZ witness=0.7750
[2025-12-18 17:37:24]       Running mean P_return=0.7750
[2025-12-18 17:37:24]     Instance 2/5
[2025-12-18 17:37:28]         P_return=0.7540, GHZ witness=0.7540
[2025-12-18 17:37:28]       Running mean P_return=0.7645
[2025-12-18 17:37:28]     Instance 3/5
[2025-12-18 17:37:29]         P_return=0.7750, GHZ witness=0.7750
[2025-12-18 17:37:29]       Running mean P_return=0.7680
[2025-12-18 17:37:29]     Instance 4/5
[2025-12-18 17:37:32]         P_return=0.7900, GHZ witness=0.7900
[2025-12-18 17:37:32]       Running mean P_return=0.7735
[2025-12-18 17:37:32]     Instance 5/5
[2025-12-18 17:37:36]         P_return=0.7720, GHZ witness=0.7720
[2025-12-18 17:37:36]       Running mean P_return=0.7732
[2025-12-18 17:37:36]   Saved depth 10 result (mean_P_return=0.7732)
[2025-12-18 17:37:36]   Depth 20: running 5 instances
[2025-12-18 17:37:36]     Instance 1/5
[2025-12-18 17:37:40]         P_return=0.7470, GHZ witness=0.7470
[2025-12-18 17:37:40]       Running mean P_return=0.7470
[2025-12-18 17:37:40]     Instance 2/5
[2025-12-18 17:37:43]         P_return=0.7510, GHZ witness=0.7510
[2025-12-18 17:37:43]       Running mean P_return=0.7490
[2025-12-18 17:37:43]     Instance 3/5
[2025-12-18 17:37:48]         P_return=0.7920, GHZ witness=0.7920
[2025-12-18 17:37:48]       Running mean P_return=0.7633
[2025-12-18 17:37:48]     Instance 4/5
[2025-12-18 17:37:52]         P_return=0.7430, GHZ witness=0.7430
[2025-12-18 17:37:52]       Running mean P_return=0.7582
[2025-12-18 17:37:52]     Instance 5/5
[2025-12-18 17:37:56]         P_return=0.7750, GHZ witness=0.7750
[2025-12-18 17:37:56]       Running mean P_return=0.7616
[2025-12-18 17:37:56]   Saved depth 20 result (mean_P_return=0.7616)
[2025-12-18 17:37:56]   Depth 30: running 5 instances
[2025-12-18 17:37:56]     Instance 1/5
[2025-12-18 17:37:59]         P_return=0.7630, GHZ witness=0.7630
[2025-12-18 17:37:59]       Running mean P_return=0.7630
[2025-12-18 17:37:59]     Instance 2/5
[2025-12-18 17:38:03]         P_return=0.7790, GHZ witness=0.7790
[2025-12-18 17:38:03]       Running mean P_return=0.7710
[2025-12-18 17:38:03]     Instance 3/5
[2025-12-18 17:38:07]         P_return=0.7660, GHZ witness=0.7660
[2025-12-18 17:38:07]       Running mean P_return=0.7693
[2025-12-18 17:38:07]     Instance 4/5
[2025-12-18 17:38:12]         P_return=0.7790, GHZ witness=0.7790
[2025-12-18 17:38:12]       Running mean P_return=0.7717
[2025-12-18 17:38:12]     Instance 5/5
[2025-12-18 17:38:18]         P_return=0.7760, GHZ witness=0.7760
[2025-12-18 17:38:18]       Running mean P_return=0.7726
[2025-12-18 17:38:18]   Saved depth 30 result (mean_P_return=0.7726)
[2025-12-18 17:38:18]   Alpha fit saved (alpha=-0.0001, points=4)
[2025-12-18 17:38:18] 
[5/12] Subset 4 (elapsed: 4.8 min)
[2025-12-18 17:38:18]   Qubits: (1, 2, 3, 4, 5, 9, 10, 11, 17)
[2025-12-18 17:38:18]   lambda2=0.2929, C=2.6360
[2025-12-18 17:38:18]   Depth 5: running 5 instances
[2025-12-18 17:38:18]     Instance 1/5
[2025-12-18 17:38:20]         P_return=0.8090, GHZ witness=0.8090
[2025-12-18 17:38:20]       Running mean P_return=0.8090
[2025-12-18 17:38:20]     Instance 2/5
[2025-12-18 17:38:23]         P_return=0.8240, GHZ witness=0.8240
[2025-12-18 17:38:23]       Running mean P_return=0.8165
[2025-12-18 17:38:23]     Instance 3/5
[2025-12-18 17:38:26]         P_return=0.8370, GHZ witness=0.8370
[2025-12-18 17:38:26]       Running mean P_return=0.8233
[2025-12-18 17:38:26]     Instance 4/5
[2025-12-18 17:38:29]         P_return=0.8240, GHZ witness=0.8240
[2025-12-18 17:38:29]       Running mean P_return=0.8235
[2025-12-18 17:38:29]     Instance 5/5
[2025-12-18 17:38:30]         P_return=0.8050, GHZ witness=0.8050
[2025-12-18 17:38:30]       Running mean P_return=0.8198
[2025-12-18 17:38:30]   Saved depth 5 result (mean_P_return=0.8198)
[2025-12-18 17:38:30]   Depth 10: running 5 instances
[2025-12-18 17:38:30]     Instance 1/5
[2025-12-18 17:38:34]         P_return=0.8170, GHZ witness=0.8170
[2025-12-18 17:38:34]       Running mean P_return=0.8170
[2025-12-18 17:38:34]     Instance 2/5
[2025-12-18 17:38:37]         P_return=0.8070, GHZ witness=0.8070
[2025-12-18 17:38:37]       Running mean P_return=0.8120
[2025-12-18 17:38:37]     Instance 3/5
[2025-12-18 17:38:40]         P_return=0.8030, GHZ witness=0.8030
[2025-12-18 17:38:40]       Running mean P_return=0.8090
[2025-12-18 17:38:40]     Instance 4/5
[2025-12-18 17:38:43]         P_return=0.8190, GHZ witness=0.8190
[2025-12-18 17:38:43]       Running mean P_return=0.8115
[2025-12-18 17:38:43]     Instance 5/5
[2025-12-18 17:38:47]         P_return=0.8320, GHZ witness=0.8320
[2025-12-18 17:38:47]       Running mean P_return=0.8156
[2025-12-18 17:38:47]   Saved depth 10 result (mean_P_return=0.8156)
[2025-12-18 17:38:47]   Depth 20: running 5 instances
[2025-12-18 17:38:47]     Instance 1/5
[2025-12-18 17:38:52]         P_return=0.8280, GHZ witness=0.8280
[2025-12-18 17:38:52]       Running mean P_return=0.8280
[2025-12-18 17:38:52]     Instance 2/5
[2025-12-18 17:38:55]         P_return=0.8160, GHZ witness=0.8160
[2025-12-18 17:38:55]       Running mean P_return=0.8220
[2025-12-18 17:38:55]     Instance 3/5
[2025-12-18 17:38:59]         P_return=0.8390, GHZ witness=0.8390
[2025-12-18 17:38:59]       Running mean P_return=0.8277
[2025-12-18 17:38:59]     Instance 4/5
[2025-12-18 17:39:02]         P_return=0.7860, GHZ witness=0.7860
[2025-12-18 17:39:02]       Running mean P_return=0.8172
[2025-12-18 17:39:02]     Instance 5/5
[2025-12-18 17:39:06]         P_return=0.7890, GHZ witness=0.7890
[2025-12-18 17:39:06]       Running mean P_return=0.8116
[2025-12-18 17:39:06]   Saved depth 20 result (mean_P_return=0.8116)
[2025-12-18 17:39:06]   Depth 30: running 5 instances
[2025-12-18 17:39:06]     Instance 1/5
[2025-12-18 17:39:11]         P_return=0.8130, GHZ witness=0.8130
[2025-12-18 17:39:11]       Running mean P_return=0.8130
[2025-12-18 17:39:11]     Instance 2/5
[2025-12-18 17:39:15]         P_return=0.8280, GHZ witness=0.8280
[2025-12-18 17:39:15]       Running mean P_return=0.8205
[2025-12-18 17:39:15]     Instance 3/5
[2025-12-18 17:39:20]         P_return=0.8160, GHZ witness=0.8160
[2025-12-18 17:39:20]       Running mean P_return=0.8190
[2025-12-18 17:39:20]     Instance 4/5
[2025-12-18 17:39:24]         P_return=0.8240, GHZ witness=0.8240
[2025-12-18 17:39:24]       Running mean P_return=0.8202
[2025-12-18 17:39:24]     Instance 5/5
[2025-12-18 17:39:28]         P_return=0.8240, GHZ witness=0.8240
[2025-12-18 17:39:28]       Running mean P_return=0.8210
[2025-12-18 17:39:28]   Saved depth 30 result (mean_P_return=0.8210)
[2025-12-18 17:39:28]   Alpha fit saved (alpha=-0.0000, points=4)
[2025-12-18 17:39:28] 
[6/12] Subset 5 (elapsed: 6.0 min)
[2025-12-18 17:39:28]   Qubits: (66, 67, 72, 73, 74, 75, 79, 80, 81)
[2025-12-18 17:39:28]   lambda2=0.2929, C=2.6360
[2025-12-18 17:39:28]   Depth 5: running 5 instances
[2025-12-18 17:39:28]     Instance 1/5
[2025-12-18 17:39:30]         P_return=0.4860, GHZ witness=0.4860
[2025-12-18 17:39:30]       Running mean P_return=0.4860
[2025-12-18 17:39:30]     Instance 2/5
[2025-12-18 17:39:32]         P_return=0.4580, GHZ witness=0.4580
[2025-12-18 17:39:32]       Running mean P_return=0.4720
[2025-12-18 17:39:32]     Instance 3/5
[2025-12-18 17:39:35]         P_return=0.4610, GHZ witness=0.4610
[2025-12-18 17:39:35]       Running mean P_return=0.4683
[2025-12-18 17:39:35]     Instance 4/5
[2025-12-18 17:39:39]         P_return=0.4740, GHZ witness=0.4740
[2025-12-18 17:39:39]       Running mean P_return=0.4698
[2025-12-18 17:39:39]     Instance 5/5
[2025-12-18 17:39:41]         P_return=0.4690, GHZ witness=0.4690
[2025-12-18 17:39:41]       Running mean P_return=0.4696
[2025-12-18 17:39:41]   Saved depth 5 result (mean_P_return=0.4696)
[2025-12-18 17:39:41]   Depth 10: running 5 instances
[2025-12-18 17:39:41]     Instance 1/5
[2025-12-18 17:39:45]         P_return=0.4590, GHZ witness=0.4590
[2025-12-18 17:39:45]       Running mean P_return=0.4590
[2025-12-18 17:39:45]     Instance 2/5
[2025-12-18 17:39:48]         P_return=0.4460, GHZ witness=0.4460
[2025-12-18 17:39:48]       Running mean P_return=0.4525
[2025-12-18 17:39:48]     Instance 3/5
[2025-12-18 17:39:52]         P_return=0.4800, GHZ witness=0.4800
[2025-12-18 17:39:52]       Running mean P_return=0.4617
[2025-12-18 17:39:52]     Instance 4/5
[2025-12-18 17:39:56]         P_return=0.4440, GHZ witness=0.4440
[2025-12-18 17:39:56]       Running mean P_return=0.4572
[2025-12-18 17:39:56]     Instance 5/5
[2025-12-18 17:39:59]         P_return=0.5030, GHZ witness=0.5030
[2025-12-18 17:39:59]       Running mean P_return=0.4664
[2025-12-18 17:39:59]   Saved depth 10 result (mean_P_return=0.4664)
[2025-12-18 17:39:59]   Depth 20: running 5 instances
[2025-12-18 17:39:59]     Instance 1/5
[2025-12-18 17:40:02]         P_return=0.5000, GHZ witness=0.5000
[2025-12-18 17:40:02]       Running mean P_return=0.5000
[2025-12-18 17:40:02]     Instance 2/5
[2025-12-18 17:40:06]         P_return=0.4840, GHZ witness=0.4840
[2025-12-18 17:40:06]       Running mean P_return=0.4920
[2025-12-18 17:40:06]     Instance 3/5
[2025-12-18 17:40:10]         P_return=0.4610, GHZ witness=0.4610
[2025-12-18 17:40:10]       Running mean P_return=0.4817
[2025-12-18 17:40:10]     Instance 4/5
[2025-12-18 17:40:13]         P_return=0.4460, GHZ witness=0.4460
[2025-12-18 17:40:13]       Running mean P_return=0.4728
[2025-12-18 17:40:13]     Instance 5/5
[2025-12-18 17:40:17]         P_return=0.4900, GHZ witness=0.4900
[2025-12-18 17:40:17]       Running mean P_return=0.4762
[2025-12-18 17:40:17]   Saved depth 20 result (mean_P_return=0.4762)
[2025-12-18 17:40:17]   Depth 30: running 5 instances
[2025-12-18 17:40:17]     Instance 1/5
[2025-12-18 17:40:22]         P_return=0.4630, GHZ witness=0.4630
[2025-12-18 17:40:22]       Running mean P_return=0.4630
[2025-12-18 17:40:22]     Instance 2/5
[2025-12-18 17:40:28]         P_return=0.4690, GHZ witness=0.4690
[2025-12-18 17:40:28]       Running mean P_return=0.4660
[2025-12-18 17:40:28]     Instance 3/5
[2025-12-18 17:40:30]         P_return=0.4830, GHZ witness=0.4830
[2025-12-18 17:40:30]       Running mean P_return=0.4717
[2025-12-18 17:40:30]     Instance 4/5
[2025-12-18 17:40:35]         P_return=0.4860, GHZ witness=0.4860
[2025-12-18 17:40:35]       Running mean P_return=0.4753
[2025-12-18 17:40:35]     Instance 5/5
[2025-12-18 17:40:39]         P_return=0.4550, GHZ witness=0.4550
[2025-12-18 17:40:39]       Running mean P_return=0.4712
[2025-12-18 17:40:39]   Saved depth 30 result (mean_P_return=0.4712)
[2025-12-18 17:40:39]   Alpha fit saved (alpha=-0.0004, points=4)
[2025-12-18 17:40:39] 
[7/12] Subset 6 (elapsed: 7.2 min)
[2025-12-18 17:40:39]   Qubits: (30, 31, 32, 36, 37, 38, 39, 44, 45)
[2025-12-18 17:40:39]   lambda2=0.3227, C=2.9045
[2025-12-18 17:40:39]   Depth 5: running 5 instances
[2025-12-18 17:40:39]     Instance 1/5
[2025-12-18 17:40:42]         P_return=0.7670, GHZ witness=0.7670
[2025-12-18 17:40:42]       Running mean P_return=0.7670
[2025-12-18 17:40:42]     Instance 2/5
[2025-12-18 17:40:45]         P_return=0.7430, GHZ witness=0.7430
[2025-12-18 17:40:45]       Running mean P_return=0.7550
[2025-12-18 17:40:45]     Instance 3/5
[2025-12-18 17:40:48]         P_return=0.7630, GHZ witness=0.7630
[2025-12-18 17:40:48]       Running mean P_return=0.7577
[2025-12-18 17:40:48]     Instance 4/5
[2025-12-18 17:40:51]         P_return=0.7300, GHZ witness=0.7300
[2025-12-18 17:40:51]       Running mean P_return=0.7508
[2025-12-18 17:40:51]     Instance 5/5
[2025-12-18 17:40:55]         P_return=0.7830, GHZ witness=0.7830
[2025-12-18 17:40:55]       Running mean P_return=0.7572
[2025-12-18 17:40:55]   Saved depth 5 result (mean_P_return=0.7572)
[2025-12-18 17:40:55]   Depth 10: running 5 instances
[2025-12-18 17:40:55]     Instance 1/5
[2025-12-18 17:40:59]         P_return=0.7820, GHZ witness=0.7820
[2025-12-18 17:40:59]       Running mean P_return=0.7820
[2025-12-18 17:40:59]     Instance 2/5
[2025-12-18 17:41:01]         P_return=0.7650, GHZ witness=0.7650
[2025-12-18 17:41:01]       Running mean P_return=0.7735
[2025-12-18 17:41:01]     Instance 3/5
[2025-12-18 17:41:06]         P_return=0.7710, GHZ witness=0.7710
[2025-12-18 17:41:06]       Running mean P_return=0.7727
[2025-12-18 17:41:06]     Instance 4/5
[2025-12-18 17:41:09]         P_return=0.7770, GHZ witness=0.7770
[2025-12-18 17:41:09]       Running mean P_return=0.7738
[2025-12-18 17:41:09]     Instance 5/5
[2025-12-18 17:41:13]         P_return=0.7430, GHZ witness=0.7430
[2025-12-18 17:41:13]       Running mean P_return=0.7676
[2025-12-18 17:41:13]   Saved depth 10 result (mean_P_return=0.7676)
[2025-12-18 17:41:13]   Depth 20: running 5 instances
[2025-12-18 17:41:13]     Instance 1/5
[2025-12-18 17:41:17]         P_return=0.7940, GHZ witness=0.7940
[2025-12-18 17:41:17]       Running mean P_return=0.7940
[2025-12-18 17:41:17]     Instance 2/5
[2025-12-18 17:41:20]         P_return=0.7670, GHZ witness=0.7670
[2025-12-18 17:41:20]       Running mean P_return=0.7805
[2025-12-18 17:41:20]     Instance 3/5
[2025-12-18 17:41:24]         P_return=0.7780, GHZ witness=0.7780
[2025-12-18 17:41:24]       Running mean P_return=0.7797
[2025-12-18 17:41:24]     Instance 4/5
[2025-12-18 17:41:28]         P_return=0.7800, GHZ witness=0.7800
[2025-12-18 17:41:28]       Running mean P_return=0.7797
[2025-12-18 17:41:28]     Instance 5/5
[2025-12-18 17:41:30]         P_return=0.7640, GHZ witness=0.7640
[2025-12-18 17:41:30]       Running mean P_return=0.7766
[2025-12-18 17:41:30]   Saved depth 20 result (mean_P_return=0.7766)
[2025-12-18 17:41:30]   Depth 30: running 5 instances
[2025-12-18 17:41:30]     Instance 1/5
[2025-12-18 17:41:35]         P_return=0.7700, GHZ witness=0.7700
[2025-12-18 17:41:35]       Running mean P_return=0.7700
[2025-12-18 17:41:35]     Instance 2/5
[2025-12-18 17:41:40]         P_return=0.7870, GHZ witness=0.7870
[2025-12-18 17:41:40]       Running mean P_return=0.7785
[2025-12-18 17:41:40]     Instance 3/5
[2025-12-18 17:41:44]         P_return=0.7720, GHZ witness=0.7720
[2025-12-18 17:41:44]       Running mean P_return=0.7763
[2025-12-18 17:41:44]     Instance 4/5
[2025-12-18 17:41:49]         P_return=0.7470, GHZ witness=0.7470
[2025-12-18 17:41:49]       Running mean P_return=0.7690
[2025-12-18 17:41:49]     Instance 5/5
[2025-12-18 17:41:53]         P_return=0.7600, GHZ witness=0.7600
[2025-12-18 17:41:53]       Running mean P_return=0.7672
[2025-12-18 17:41:53]   Saved depth 30 result (mean_P_return=0.7672)
[2025-12-18 17:41:53]   Alpha fit saved (alpha=-0.0005, points=4)
[2025-12-18 17:41:53] 
[8/12] Subset 7 (elapsed: 8.4 min)
[2025-12-18 17:41:53]   Qubits: (21, 22, 28, 29, 30, 35, 36, 37, 43)
[2025-12-18 17:41:53]   lambda2=0.3227, C=2.9045
[2025-12-18 17:41:53]   Depth 5: running 5 instances
[2025-12-18 17:41:53]     Instance 1/5
[2025-12-18 17:41:57]         P_return=0.8270, GHZ witness=0.8270
[2025-12-18 17:41:57]       Running mean P_return=0.8270
[2025-12-18 17:41:57]     Instance 2/5
[2025-12-18 17:42:00]         P_return=0.8230, GHZ witness=0.8230
[2025-12-18 17:42:00]       Running mean P_return=0.8250
[2025-12-18 17:42:00]     Instance 3/5
[2025-12-18 17:42:02]         P_return=0.8240, GHZ witness=0.8240
[2025-12-18 17:42:02]       Running mean P_return=0.8247
[2025-12-18 17:42:02]     Instance 4/5
[2025-12-18 17:42:05]         P_return=0.8130, GHZ witness=0.8130
[2025-12-18 17:42:05]       Running mean P_return=0.8217
[2025-12-18 17:42:05]     Instance 5/5
[2025-12-18 17:42:10]         P_return=0.8410, GHZ witness=0.8410
[2025-12-18 17:42:10]       Running mean P_return=0.8256
[2025-12-18 17:42:10]   Saved depth 5 result (mean_P_return=0.8256)
[2025-12-18 17:42:10]   Depth 10: running 5 instances
[2025-12-18 17:42:10]     Instance 1/5
[2025-12-18 17:42:13]         P_return=0.8410, GHZ witness=0.8410
[2025-12-18 17:42:13]       Running mean P_return=0.8410
[2025-12-18 17:42:13]     Instance 2/5
[2025-12-18 17:42:17]         P_return=0.8440, GHZ witness=0.8440
[2025-12-18 17:42:17]       Running mean P_return=0.8425
[2025-12-18 17:42:17]     Instance 3/5
[2025-12-18 17:42:21]         P_return=0.8420, GHZ witness=0.8420
[2025-12-18 17:42:21]       Running mean P_return=0.8423
[2025-12-18 17:42:21]     Instance 4/5
[2025-12-18 17:42:24]         P_return=0.8000, GHZ witness=0.8000
[2025-12-18 17:42:24]       Running mean P_return=0.8317
[2025-12-18 17:42:24]     Instance 5/5
[2025-12-18 17:42:28]         P_return=0.8020, GHZ witness=0.8020
[2025-12-18 17:42:28]       Running mean P_return=0.8258
[2025-12-18 17:42:28]   Saved depth 10 result (mean_P_return=0.8258)
[2025-12-18 17:42:28]   Depth 20: running 5 instances
[2025-12-18 17:42:28]     Instance 1/5
[2025-12-18 17:42:32]         P_return=0.8480, GHZ witness=0.8480
[2025-12-18 17:42:32]       Running mean P_return=0.8480
[2025-12-18 17:42:32]     Instance 2/5
[2025-12-18 17:42:34]         P_return=0.8420, GHZ witness=0.8420
[2025-12-18 17:42:34]       Running mean P_return=0.8450
[2025-12-18 17:42:34]     Instance 3/5
[2025-12-18 17:42:38]         P_return=0.8380, GHZ witness=0.8380
[2025-12-18 17:42:38]       Running mean P_return=0.8427
[2025-12-18 17:42:38]     Instance 4/5
[2025-12-18 17:42:42]         P_return=0.8130, GHZ witness=0.8130
[2025-12-18 17:42:42]       Running mean P_return=0.8353
[2025-12-18 17:42:42]     Instance 5/5
[2025-12-18 17:42:45]         P_return=0.8320, GHZ witness=0.8320
[2025-12-18 17:42:45]       Running mean P_return=0.8346
[2025-12-18 17:42:45]   Saved depth 20 result (mean_P_return=0.8346)
[2025-12-18 17:42:45]   Depth 30: running 5 instances
[2025-12-18 17:42:45]     Instance 1/5
[2025-12-18 17:42:49]         P_return=0.8080, GHZ witness=0.8080
[2025-12-18 17:42:49]       Running mean P_return=0.8080
[2025-12-18 17:42:49]     Instance 2/5
[2025-12-18 17:42:54]         P_return=0.8410, GHZ witness=0.8410
[2025-12-18 17:42:54]       Running mean P_return=0.8245
[2025-12-18 17:42:54]     Instance 3/5
[2025-12-18 17:42:59]         P_return=0.8350, GHZ witness=0.8350
[2025-12-18 17:42:59]       Running mean P_return=0.8280
[2025-12-18 17:42:59]     Instance 4/5
[2025-12-18 17:43:01]         P_return=0.8340, GHZ witness=0.8340
[2025-12-18 17:43:01]       Running mean P_return=0.8295
[2025-12-18 17:43:01]     Instance 5/5
[2025-12-18 17:43:06]         P_return=0.8140, GHZ witness=0.8140
[2025-12-18 17:43:06]       Running mean P_return=0.8264
[2025-12-18 17:43:06]   Saved depth 30 result (mean_P_return=0.8264)
[2025-12-18 17:43:06]   Alpha fit saved (alpha=-0.0001, points=4)
[2025-12-18 17:43:06] 
[9/12] Subset 8 (elapsed: 9.6 min)
[2025-12-18 17:43:06]   Qubits: (26, 32, 33, 34, 38, 39, 40, 41, 47)
[2025-12-18 17:43:06]   lambda2=0.3503, C=3.1526
[2025-12-18 17:43:06]   Depth 5: running 5 instances
[2025-12-18 17:43:06]     Instance 1/5
[2025-12-18 17:43:09]         P_return=0.8750, GHZ witness=0.8750
[2025-12-18 17:43:09]       Running mean P_return=0.8750
[2025-12-18 17:43:09]     Instance 2/5
[2025-12-18 17:43:14]         P_return=0.8700, GHZ witness=0.8700
[2025-12-18 17:43:14]       Running mean P_return=0.8725
[2025-12-18 17:43:14]     Instance 3/5
[2025-12-18 17:43:19]         P_return=0.8500, GHZ witness=0.8500
[2025-12-18 17:43:19]       Running mean P_return=0.8650
[2025-12-18 17:43:19]     Instance 4/5
[2025-12-18 17:43:22]         P_return=0.8500, GHZ witness=0.8500
[2025-12-18 17:43:22]       Running mean P_return=0.8613
[2025-12-18 17:43:22]     Instance 5/5
[2025-12-18 17:43:25]         P_return=0.8620, GHZ witness=0.8620
[2025-12-18 17:43:25]       Running mean P_return=0.8614
[2025-12-18 17:43:25]   Saved depth 5 result (mean_P_return=0.8614)
[2025-12-18 17:43:25]   Depth 10: running 5 instances
[2025-12-18 17:43:25]     Instance 1/5
[2025-12-18 17:43:28]         P_return=0.8650, GHZ witness=0.8650
[2025-12-18 17:43:28]       Running mean P_return=0.8650
[2025-12-18 17:43:28]     Instance 2/5
[2025-12-18 17:43:32]         P_return=0.8730, GHZ witness=0.8730
[2025-12-18 17:43:32]       Running mean P_return=0.8690
[2025-12-18 17:43:32]     Instance 3/5
[2025-12-18 17:43:34]         P_return=0.8480, GHZ witness=0.8480
[2025-12-18 17:43:34]       Running mean P_return=0.8620
[2025-12-18 17:43:34]     Instance 4/5
[2025-12-18 17:43:37]         P_return=0.8660, GHZ witness=0.8660
[2025-12-18 17:43:37]       Running mean P_return=0.8630
[2025-12-18 17:43:37]     Instance 5/5
[2025-12-18 17:43:40]         P_return=0.8650, GHZ witness=0.8650
[2025-12-18 17:43:40]       Running mean P_return=0.8634
[2025-12-18 17:43:40]   Saved depth 10 result (mean_P_return=0.8634)
[2025-12-18 17:43:40]   Depth 20: running 5 instances
[2025-12-18 17:43:40]     Instance 1/5
[2025-12-18 17:43:44]         P_return=0.8630, GHZ witness=0.8630
[2025-12-18 17:43:44]       Running mean P_return=0.8630
[2025-12-18 17:43:44]     Instance 2/5
[2025-12-18 17:43:48]         P_return=0.8630, GHZ witness=0.8630
[2025-12-18 17:43:48]       Running mean P_return=0.8630
[2025-12-18 17:43:48]     Instance 3/5
[2025-12-18 17:43:52]         P_return=0.8470, GHZ witness=0.8470
[2025-12-18 17:43:52]       Running mean P_return=0.8577
[2025-12-18 17:43:52]     Instance 4/5
[2025-12-18 17:43:56]         P_return=0.8570, GHZ witness=0.8570
[2025-12-18 17:43:56]       Running mean P_return=0.8575
[2025-12-18 17:43:56]     Instance 5/5
[2025-12-18 17:44:00]         P_return=0.8570, GHZ witness=0.8570
[2025-12-18 17:44:00]       Running mean P_return=0.8574
[2025-12-18 17:44:00]   Saved depth 20 result (mean_P_return=0.8574)
[2025-12-18 17:44:00]   Depth 30: running 5 instances
[2025-12-18 17:44:00]     Instance 1/5
[2025-12-18 17:44:04]         P_return=0.8690, GHZ witness=0.8690
[2025-12-18 17:44:04]       Running mean P_return=0.8690
[2025-12-18 17:44:04]     Instance 2/5
[2025-12-18 17:44:08]         P_return=0.8570, GHZ witness=0.8570
[2025-12-18 17:44:08]       Running mean P_return=0.8630
[2025-12-18 17:44:08]     Instance 3/5
[2025-12-18 17:44:13]         P_return=0.8650, GHZ witness=0.8650
[2025-12-18 17:44:13]       Running mean P_return=0.8637
[2025-12-18 17:44:13]     Instance 4/5
[2025-12-18 17:44:17]         P_return=0.8900, GHZ witness=0.8900
[2025-12-18 17:44:17]       Running mean P_return=0.8703
[2025-12-18 17:44:17]     Instance 5/5
[2025-12-18 17:44:22]         P_return=0.8730, GHZ witness=0.8730
[2025-12-18 17:44:22]       Running mean P_return=0.8708
[2025-12-18 17:44:22]   Saved depth 30 result (mean_P_return=0.8708)
[2025-12-18 17:44:22]   Alpha fit saved (alpha=-0.0003, points=4)
[2025-12-18 17:44:22] 
[10/12] Subset 9 (elapsed: 10.9 min)
[2025-12-18 17:44:22]   Qubits: (47, 53, 54, 55, 60, 61, 62, 68, 69)
[2025-12-18 17:44:22]   lambda2=0.3227, C=2.9045
[2025-12-18 17:44:22]   Depth 5: running 5 instances
[2025-12-18 17:44:22]     Instance 1/5
[2025-12-18 17:44:25]         P_return=0.4220, GHZ witness=0.4220
[2025-12-18 17:44:25]       Running mean P_return=0.4220
[2025-12-18 17:44:25]     Instance 2/5
[2025-12-18 17:44:28]         P_return=0.4390, GHZ witness=0.4390
[2025-12-18 17:44:28]       Running mean P_return=0.4305
[2025-12-18 17:44:28]     Instance 3/5
[2025-12-18 17:44:31]         P_return=0.4140, GHZ witness=0.4140
[2025-12-18 17:44:31]       Running mean P_return=0.4250
[2025-12-18 17:44:31]     Instance 4/5
[2025-12-18 17:44:32]         P_return=0.4130, GHZ witness=0.4130
[2025-12-18 17:44:32]       Running mean P_return=0.4220
[2025-12-18 17:44:32]     Instance 5/5
[2025-12-18 17:44:36]         P_return=0.4170, GHZ witness=0.4170
[2025-12-18 17:44:36]       Running mean P_return=0.4210
[2025-12-18 17:44:36]   Saved depth 5 result (mean_P_return=0.4210)
[2025-12-18 17:44:36]   Depth 10: running 5 instances
[2025-12-18 17:44:36]     Instance 1/5
[2025-12-18 17:44:45]         P_return=0.4120, GHZ witness=0.4120
[2025-12-18 17:44:45]       Running mean P_return=0.4120
[2025-12-18 17:44:45]     Instance 2/5
[2025-12-18 17:44:48]         P_return=0.4170, GHZ witness=0.4170
[2025-12-18 17:44:48]       Running mean P_return=0.4145
[2025-12-18 17:44:48]     Instance 3/5
[2025-12-18 17:44:51]         P_return=0.4300, GHZ witness=0.4300
[2025-12-18 17:44:51]       Running mean P_return=0.4197
[2025-12-18 17:44:51]     Instance 4/5
[2025-12-18 17:44:55]         P_return=0.3980, GHZ witness=0.3980
[2025-12-18 17:44:55]       Running mean P_return=0.4143
[2025-12-18 17:44:55]     Instance 5/5
[2025-12-18 17:44:58]         P_return=0.4110, GHZ witness=0.4110
[2025-12-18 17:44:58]       Running mean P_return=0.4136
[2025-12-18 17:44:58]   Saved depth 10 result (mean_P_return=0.4136)
[2025-12-18 17:44:58]   Depth 20: running 5 instances
[2025-12-18 17:44:58]     Instance 1/5
[2025-12-18 17:45:02]         P_return=0.4250, GHZ witness=0.4250
[2025-12-18 17:45:02]       Running mean P_return=0.4250
[2025-12-18 17:45:02]     Instance 2/5
[2025-12-18 17:45:05]         P_return=0.4220, GHZ witness=0.4220
[2025-12-18 17:45:05]       Running mean P_return=0.4235
[2025-12-18 17:45:05]     Instance 3/5
[2025-12-18 17:45:09]         P_return=0.3900, GHZ witness=0.3900
[2025-12-18 17:45:09]       Running mean P_return=0.4123
[2025-12-18 17:45:09]     Instance 4/5
[2025-12-18 17:45:13]         P_return=0.4170, GHZ witness=0.4170
[2025-12-18 17:45:13]       Running mean P_return=0.4135
[2025-12-18 17:45:13]     Instance 5/5
[2025-12-18 17:45:17]         P_return=0.3980, GHZ witness=0.3980
[2025-12-18 17:45:17]       Running mean P_return=0.4104
[2025-12-18 17:45:17]   Saved depth 20 result (mean_P_return=0.4104)
[2025-12-18 17:45:17]   Depth 30: running 5 instances
[2025-12-18 17:45:17]     Instance 1/5
[2025-12-18 17:45:21]         P_return=0.4230, GHZ witness=0.4230
[2025-12-18 17:45:21]       Running mean P_return=0.4230
[2025-12-18 17:45:21]     Instance 2/5
[2025-12-18 17:45:25]         P_return=0.4220, GHZ witness=0.4220
[2025-12-18 17:45:25]       Running mean P_return=0.4225
[2025-12-18 17:45:25]     Instance 3/5
[2025-12-18 17:45:30]         P_return=0.4380, GHZ witness=0.4380
[2025-12-18 17:45:30]       Running mean P_return=0.4277
[2025-12-18 17:45:30]     Instance 4/5
[2025-12-18 17:45:32]         P_return=0.4310, GHZ witness=0.4310
[2025-12-18 17:45:32]       Running mean P_return=0.4285
[2025-12-18 17:45:32]     Instance 5/5
[2025-12-18 17:45:36]         P_return=0.4270, GHZ witness=0.4270
[2025-12-18 17:45:36]       Running mean P_return=0.4282
[2025-12-18 17:45:36]   Saved depth 30 result (mean_P_return=0.4282)
[2025-12-18 17:45:36]   Alpha fit saved (alpha=-0.0007, points=4)
[2025-12-18 17:45:36] 
[11/12] Subset 10 (elapsed: 12.2 min)
[2025-12-18 17:45:36]   Qubits: (55, 61, 62, 67, 68, 69, 74, 75, 76)
[2025-12-18 17:45:36]   lambda2=0.2671, C=2.4042
[2025-12-18 17:45:36]   Depth 5: running 5 instances
[2025-12-18 17:45:36]     Instance 1/5
[2025-12-18 17:45:40]         P_return=0.5570, GHZ witness=0.5570
[2025-12-18 17:45:40]       Running mean P_return=0.5570
[2025-12-18 17:45:40]     Instance 2/5
[2025-12-18 17:45:43]         P_return=0.5820, GHZ witness=0.5820
[2025-12-18 17:45:43]       Running mean P_return=0.5695
[2025-12-18 17:45:43]     Instance 3/5
[2025-12-18 17:45:46]         P_return=0.5820, GHZ witness=0.5820
[2025-12-18 17:45:46]       Running mean P_return=0.5737
[2025-12-18 17:45:46]     Instance 4/5
[2025-12-18 17:45:49]         P_return=0.5910, GHZ witness=0.5910
[2025-12-18 17:45:49]       Running mean P_return=0.5780
[2025-12-18 17:45:49]     Instance 5/5
[2025-12-18 17:45:52]         P_return=0.5970, GHZ witness=0.5970
[2025-12-18 17:45:52]       Running mean P_return=0.5818
[2025-12-18 17:45:52]   Saved depth 5 result (mean_P_return=0.5818)
[2025-12-18 17:45:52]   Depth 10: running 5 instances
[2025-12-18 17:45:52]     Instance 1/5
[2025-12-18 17:45:56]         P_return=0.5790, GHZ witness=0.5790
[2025-12-18 17:45:56]       Running mean P_return=0.5790
[2025-12-18 17:45:56]     Instance 2/5
[2025-12-18 17:46:00]         P_return=0.5930, GHZ witness=0.5930
[2025-12-18 17:46:00]       Running mean P_return=0.5860
[2025-12-18 17:46:00]     Instance 3/5
[2025-12-18 17:46:03]         P_return=0.6000, GHZ witness=0.6000
[2025-12-18 17:46:03]       Running mean P_return=0.5907
[2025-12-18 17:46:03]     Instance 4/5
[2025-12-18 17:46:05]         P_return=0.5780, GHZ witness=0.5780
[2025-12-18 17:46:05]       Running mean P_return=0.5875
[2025-12-18 17:46:05]     Instance 5/5
[2025-12-18 17:46:09]         P_return=0.5840, GHZ witness=0.5840
[2025-12-18 17:46:09]       Running mean P_return=0.5868
[2025-12-18 17:46:09]   Saved depth 10 result (mean_P_return=0.5868)
[2025-12-18 17:46:09]   Depth 20: running 5 instances
[2025-12-18 17:46:09]     Instance 1/5
[2025-12-18 17:46:13]         P_return=0.5700, GHZ witness=0.5700
[2025-12-18 17:46:13]       Running mean P_return=0.5700
[2025-12-18 17:46:13]     Instance 2/5
[2025-12-18 17:46:17]         P_return=0.5900, GHZ witness=0.5900
[2025-12-18 17:46:17]       Running mean P_return=0.5800
[2025-12-18 17:46:17]     Instance 3/5
[2025-12-18 17:46:20]         P_return=0.6110, GHZ witness=0.6110
[2025-12-18 17:46:20]       Running mean P_return=0.5903
[2025-12-18 17:46:20]     Instance 4/5
[2025-12-18 17:46:25]         P_return=0.5770, GHZ witness=0.5770
[2025-12-18 17:46:25]       Running mean P_return=0.5870
[2025-12-18 17:46:25]     Instance 5/5
[2025-12-18 17:46:29]         P_return=0.5610, GHZ witness=0.5610
[2025-12-18 17:46:29]       Running mean P_return=0.5818
[2025-12-18 17:46:29]   Saved depth 20 result (mean_P_return=0.5818)
[2025-12-18 17:46:29]   Depth 30: running 5 instances
[2025-12-18 17:46:29]     Instance 1/5
[2025-12-18 17:46:33]         P_return=0.5540, GHZ witness=0.5540
[2025-12-18 17:46:33]       Running mean P_return=0.5540
[2025-12-18 17:46:33]     Instance 2/5
[2025-12-18 17:46:35]         P_return=0.5810, GHZ witness=0.5810
[2025-12-18 17:46:35]       Running mean P_return=0.5675
[2025-12-18 17:46:35]     Instance 3/5
[2025-12-18 17:46:40]         P_return=0.5820, GHZ witness=0.5820
[2025-12-18 17:46:40]       Running mean P_return=0.5723
[2025-12-18 17:46:40]     Instance 4/5
[2025-12-18 17:46:44]         P_return=0.5450, GHZ witness=0.5450
[2025-12-18 17:46:44]       Running mean P_return=0.5655
[2025-12-18 17:46:44]     Instance 5/5
[2025-12-18 17:46:49]         P_return=0.5890, GHZ witness=0.5890
[2025-12-18 17:46:49]       Running mean P_return=0.5702
[2025-12-18 17:46:49]   Saved depth 30 result (mean_P_return=0.5702)
[2025-12-18 17:46:49]   Alpha fit saved (alpha=0.0009, points=4)
[2025-12-18 17:46:49] 
[12/12] Subset 11 (elapsed: 13.4 min)
[2025-12-18 17:46:49]   Qubits: (4, 5, 6, 11, 12, 13, 19, 20, 27)
[2025-12-18 17:46:49]   lambda2=0.2671, C=2.4042
[2025-12-18 17:46:49]   Depth 5: running 5 instances
[2025-12-18 17:46:49]     Instance 1/5
[2025-12-18 17:46:52]         P_return=0.9220, GHZ witness=0.9220
[2025-12-18 17:46:52]       Running mean P_return=0.9220
[2025-12-18 17:46:52]     Instance 2/5
[2025-12-18 17:46:55]         P_return=0.9210, GHZ witness=0.9210
[2025-12-18 17:46:55]       Running mean P_return=0.9215
[2025-12-18 17:46:55]     Instance 3/5
[2025-12-18 17:46:58]         P_return=0.9090, GHZ witness=0.9090
[2025-12-18 17:46:58]       Running mean P_return=0.9173
[2025-12-18 17:46:58]     Instance 4/5
[2025-12-18 17:47:02]         P_return=0.9090, GHZ witness=0.9090
[2025-12-18 17:47:02]       Running mean P_return=0.9152
[2025-12-18 17:47:02]     Instance 5/5
[2025-12-18 17:47:05]         P_return=0.9040, GHZ witness=0.9040
[2025-12-18 17:47:05]       Running mean P_return=0.9130
[2025-12-18 17:47:05]   Saved depth 5 result (mean_P_return=0.9130)
[2025-12-18 17:47:05]   Depth 10: running 5 instances
[2025-12-18 17:47:05]     Instance 1/5
[2025-12-18 17:47:06]         P_return=0.9170, GHZ witness=0.9170
[2025-12-18 17:47:06]       Running mean P_return=0.9170
[2025-12-18 17:47:06]     Instance 2/5
[2025-12-18 17:47:09]         P_return=0.9270, GHZ witness=0.9270
[2025-12-18 17:47:09]       Running mean P_return=0.9220
[2025-12-18 17:47:09]     Instance 3/5
[2025-12-18 17:47:13]         P_return=0.9100, GHZ witness=0.9100
[2025-12-18 17:47:13]       Running mean P_return=0.9180
[2025-12-18 17:47:13]     Instance 4/5
[2025-12-18 17:47:16]         P_return=0.9200, GHZ witness=0.9200
[2025-12-18 17:47:16]       Running mean P_return=0.9185
[2025-12-18 17:47:16]     Instance 5/5
[2025-12-18 17:47:20]         P_return=0.9050, GHZ witness=0.9050
[2025-12-18 17:47:20]       Running mean P_return=0.9158
[2025-12-18 17:47:20]   Saved depth 10 result (mean_P_return=0.9158)
[2025-12-18 17:47:20]   Depth 20: running 5 instances
[2025-12-18 17:47:20]     Instance 1/5
[2025-12-18 17:47:24]         P_return=0.9250, GHZ witness=0.9250
[2025-12-18 17:47:24]       Running mean P_return=0.9250
[2025-12-18 17:47:24]     Instance 2/5
[2025-12-18 17:47:28]         P_return=0.9230, GHZ witness=0.9230
[2025-12-18 17:47:28]       Running mean P_return=0.9240
[2025-12-18 17:47:28]     Instance 3/5
[2025-12-18 17:47:32]         P_return=0.9070, GHZ witness=0.9070
[2025-12-18 17:47:32]       Running mean P_return=0.9183
[2025-12-18 17:47:32]     Instance 4/5
[2025-12-18 17:47:34]         P_return=0.9280, GHZ witness=0.9280
[2025-12-18 17:47:34]       Running mean P_return=0.9207
[2025-12-18 17:47:34]     Instance 5/5
[2025-12-18 17:47:38]         P_return=0.9100, GHZ witness=0.9100
[2025-12-18 17:47:38]       Running mean P_return=0.9186
[2025-12-18 17:47:38]   Saved depth 20 result (mean_P_return=0.9186)
[2025-12-18 17:47:38]   Depth 30: running 5 instances
[2025-12-18 17:47:38]     Instance 1/5
[2025-12-18 17:47:42]         P_return=0.9110, GHZ witness=0.9110
[2025-12-18 17:47:42]       Running mean P_return=0.9110
[2025-12-18 17:47:42]     Instance 2/5
[2025-12-18 17:47:47]         P_return=0.9000, GHZ witness=0.9000
[2025-12-18 17:47:47]       Running mean P_return=0.9055
[2025-12-18 17:47:47]     Instance 3/5
[2025-12-18 17:47:52]         P_return=0.9070, GHZ witness=0.9070
[2025-12-18 17:47:52]       Running mean P_return=0.9060
[2025-12-18 17:47:52]     Instance 4/5
[2025-12-18 17:47:56]         P_return=0.8980, GHZ witness=0.8980
[2025-12-18 17:47:56]       Running mean P_return=0.9040
[2025-12-18 17:47:56]     Instance 5/5
[2025-12-18 17:48:00]         P_return=0.9230, GHZ witness=0.9230
[2025-12-18 17:48:00]       Running mean P_return=0.9078
[2025-12-18 17:48:00]   Saved depth 30 result (mean_P_return=0.9078)
[2025-12-18 17:48:00]   Alpha fit saved (alpha=0.0002, points=4)
[2025-12-18 17:48:00] 
============================================================
[2025-12-18 17:48:00] LOSCHMIDT ECHO SWEEP COMPLETE in 14.6 minutes
[2025-12-18 17:48:00] Results saved to results/loschmidt_echo_sweep_N9.csv
