[2025-12-18 15:53:08] ============================================================
[2025-12-18 15:53:08] AWS Braket RB Sweep
[2025-12-18 15:53:08] ============================================================
[2025-12-18 15:53:08] Device: arn:aws:braket:us-west-1::device/qpu/rigetti/Ankaa-3
[2025-12-18 15:53:08] Subset size N: 11
[2025-12-18 15:53:08] Num subsets: 15
[2025-12-18 15:53:08] Depths: [5, 10, 20, 30]
[2025-12-18 15:53:08] Shots: 500
[2025-12-18 15:53:08] Seed: 42
[2025-12-18 15:53:08] Output CSV: results/rb_sweep_rigetti_N11.csv
[2025-12-18 15:53:08] Resume: True
[2025-12-18 15:53:08] Simulator: False
[2025-12-18 15:53:08] ============================================================
[2025-12-18 15:53:10] Device: Ankaa-3, Status: ONLINE
[2025-12-18 15:53:10] Graph: 80 nodes, 136 edges
[2025-12-18 15:53:10] Generated 15 subsets
[2025-12-18 15:53:10] 
============================================================
[2025-12-18 15:53:10] STARTING RB SWEEP
[2025-12-18 15:53:10] ============================================================
[2025-12-18 15:53:10] 
[1/15] Subset 0 (elapsed: 0.0 min)
[2025-12-18 15:53:10]   Qubits: (0, 7, 8, 14, 15, 16, 21, 22, 28, 29, 35)
[2025-12-18 15:53:10]   lambda2=0.1799, C=1.9791
[2025-12-18 15:53:10]   edges=13, avg_degree=2.36, diameter=5
[2025-12-18 15:53:10]   Running mirror benchmark...
[2025-12-18 15:53:10]     Depth 5...
[2025-12-18 15:53:17]     Depth 5: success_prob = 0.6940
[2025-12-18 15:53:17]     Depth 10...
[2025-12-18 15:53:19]     Depth 10: success_prob = 0.7440
[2025-12-18 15:53:19]     Depth 20...
[2025-12-18 15:53:20]     Depth 20: success_prob = 0.7300
[2025-12-18 15:53:20]     Depth 30...
[2025-12-18 15:53:23]     Depth 30: success_prob = 0.7220
[2025-12-18 15:53:23]   SUCCESS: alpha=1.0000, EPC=0.0000
[2025-12-18 15:53:23]   Result saved to CSV
[2025-12-18 15:53:23] 
[2/15] Subset 1 (elapsed: 0.2 min)
[2025-12-18 15:53:23]   Qubits: (57, 63, 64, 65, 70, 71, 72, 73, 77, 78, 79)
[2025-12-18 15:53:23]   lambda2=0.3300, C=3.6305
[2025-12-18 15:53:23]   edges=14, avg_degree=2.55, diameter=4
[2025-12-18 15:53:23]   Running mirror benchmark...
[2025-12-18 15:53:23]     Depth 5...
[2025-12-18 15:53:25]     Depth 5: success_prob = 0.5240
[2025-12-18 15:53:25]     Depth 10...
[2025-12-18 15:53:28]     Depth 10: success_prob = 0.4940
[2025-12-18 15:53:28]     Depth 20...
[2025-12-18 15:53:31]     Depth 20: success_prob = 0.4940
[2025-12-18 15:53:31]     Depth 30...
[2025-12-18 15:53:34]     Depth 30: success_prob = 0.4880
[2025-12-18 15:53:34]   SUCCESS: alpha=0.6242, EPC=0.3758
[2025-12-18 15:53:34]   Result saved to CSV
[2025-12-18 15:53:34] 
[3/15] Subset 2 (elapsed: 0.4 min)
[2025-12-18 15:53:34]   Qubits: (12, 13, 18, 19, 20, 24, 25, 26, 27, 32, 33)
[2025-12-18 15:53:34]   lambda2=0.2113, C=2.3242
[2025-12-18 15:53:34]   edges=14, avg_degree=2.55, diameter=5
[2025-12-18 15:53:34]   Running mirror benchmark...
[2025-12-18 15:53:34]     Depth 5...
[2025-12-18 15:53:36]     Depth 5: success_prob = 0.8920
[2025-12-18 15:53:36]     Depth 10...
[2025-12-18 15:53:39]     Depth 10: success_prob = 0.8860
[2025-12-18 15:53:39]     Depth 20...
[2025-12-18 15:53:42]     Depth 20: success_prob = 0.8780
[2025-12-18 15:53:42]     Depth 30...
[2025-12-18 15:53:44]     Depth 30: success_prob = 0.8880
[2025-12-18 15:53:44]   SUCCESS: alpha=0.7415, EPC=0.2585
[2025-12-18 15:53:44]   Result saved to CSV
[2025-12-18 15:53:44] 
[4/15] Subset 3 (elapsed: 0.6 min)
[2025-12-18 15:53:44]   Qubits: (56, 63, 64, 65, 70, 71, 72, 77, 78, 79, 80)
[2025-12-18 15:53:44]   lambda2=0.2546, C=2.8011
[2025-12-18 15:53:44]   edges=14, avg_degree=2.55, diameter=6
[2025-12-18 15:53:44]   Running mirror benchmark...
[2025-12-18 15:53:44]     Depth 5...
[2025-12-18 15:53:47]     Depth 5: success_prob = 0.4000
[2025-12-18 15:53:47]     Depth 10...
[2025-12-18 15:53:50]     Depth 10: success_prob = 0.3900
[2025-12-18 15:53:50]     Depth 20...
[2025-12-18 15:53:51]     Depth 20: success_prob = 0.3820
[2025-12-18 15:53:51]     Depth 30...
[2025-12-18 15:53:53]     Depth 30: success_prob = 0.3560
[2025-12-18 15:53:53]   SUCCESS: alpha=0.9957, EPC=0.0043
[2025-12-18 15:53:53]   Result saved to CSV
[2025-12-18 15:53:53] 
[5/15] Subset 4 (elapsed: 0.7 min)
[2025-12-18 15:53:53]   Qubits: (22, 28, 29, 30, 35, 36, 37, 38, 43, 44, 50)
[2025-12-18 15:53:53]   lambda2=0.2433, C=2.6760
[2025-12-18 15:53:53]   edges=12, avg_degree=2.18, diameter=4
[2025-12-18 15:53:53]   Running mirror benchmark...
[2025-12-18 15:53:53]     Depth 5...
[2025-12-18 15:53:56]     Depth 5: success_prob = 0.7220
[2025-12-18 15:53:56]     Depth 10...
[2025-12-18 15:53:59]     Depth 10: success_prob = 0.7180
[2025-12-18 15:53:59]     Depth 20...
[2025-12-18 15:54:02]     Depth 20: success_prob = 0.7000
[2025-12-18 15:54:02]     Depth 30...
[2025-12-18 15:54:05]     Depth 30: success_prob = 0.6980
[2025-12-18 15:54:05]   SUCCESS: alpha=0.9452, EPC=0.0548
[2025-12-18 15:54:05]   Result saved to CSV
[2025-12-18 15:54:05] 
[6/15] Subset 5 (elapsed: 0.9 min)
[2025-12-18 15:54:05]   Qubits: (1, 2, 3, 4, 5, 8, 9, 10, 11, 16, 17)
[2025-12-18 15:54:05]   lambda2=0.2223, C=2.4456
[2025-12-18 15:54:05]   edges=14, avg_degree=2.55, diameter=5
[2025-12-18 15:54:05]   Running mirror benchmark...
[2025-12-18 15:54:05]     Depth 5...
[2025-12-18 15:54:08]     Depth 5: success_prob = 0.7400
[2025-12-18 15:54:08]     Depth 10...
[2025-12-18 15:54:10]     Depth 10: success_prob = 0.6900
[2025-12-18 15:54:10]     Depth 20...
[2025-12-18 15:54:13]     Depth 20: success_prob = 0.6880
[2025-12-18 15:54:13]     Depth 30...
[2025-12-18 15:54:17]     Depth 30: success_prob = 0.7540
[2025-12-18 15:54:17]   SUCCESS: alpha=0.4891, EPC=0.5109
[2025-12-18 15:54:17]   Result saved to CSV
[2025-12-18 15:54:17] 
[7/15] Subset 6 (elapsed: 1.1 min)
[2025-12-18 15:54:17]   Qubits: (61, 66, 67, 68, 69, 73, 74, 75, 76, 80, 81)
[2025-12-18 15:54:17]   lambda2=0.1483, C=1.6311
[2025-12-18 15:54:17]   edges=13, avg_degree=2.36, diameter=5
[2025-12-18 15:54:17]   Running mirror benchmark...
[2025-12-18 15:54:17]     Depth 5...
[2025-12-18 15:54:19]     Depth 5: success_prob = 0.5240
[2025-12-18 15:54:19]     Depth 10...
[2025-12-18 15:54:21]     Depth 10: success_prob = 0.5480
[2025-12-18 15:54:21]     Depth 20...
[2025-12-18 15:54:24]     Depth 20: success_prob = 0.4620
[2025-12-18 15:54:24]     Depth 30...
[2025-12-18 15:54:26]     Depth 30: success_prob = 0.5240
[2025-12-18 15:54:26]   SUCCESS: alpha=0.8941, EPC=0.1059
[2025-12-18 15:54:26]   Result saved to CSV
[2025-12-18 15:54:26] 
[8/15] Subset 7 (elapsed: 1.3 min)
[2025-12-18 15:54:26]   Qubits: (4, 5, 6, 10, 11, 12, 13, 18, 19, 20, 26)
[2025-12-18 15:54:26]   lambda2=0.3300, C=3.6305
[2025-12-18 15:54:26]   edges=14, avg_degree=2.55, diameter=4
[2025-12-18 15:54:26]   Running mirror benchmark...
[2025-12-18 15:54:26]     Depth 5...
[2025-12-18 15:54:28]     Depth 5: success_prob = 0.8840
[2025-12-18 15:54:28]     Depth 10...
[2025-12-18 15:54:32]     Depth 10: success_prob = 0.8700
[2025-12-18 15:54:32]     Depth 20...
[2025-12-18 15:54:34]     Depth 20: success_prob = 0.8180
[2025-12-18 15:54:34]     Depth 30...
[2025-12-18 15:54:37]     Depth 30: success_prob = 0.8500
[2025-12-18 15:54:37]   SUCCESS: alpha=0.8580, EPC=0.1420
[2025-12-18 15:54:37]   Result saved to CSV
[2025-12-18 15:54:37] 
[9/15] Subset 8 (elapsed: 1.5 min)
[2025-12-18 15:54:37]   Qubits: (32, 38, 39, 40, 45, 46, 47, 52, 53, 54, 60)
[2025-12-18 15:54:37]   lambda2=0.2929, C=3.2218
[2025-12-18 15:54:37]   edges=14, avg_degree=2.55, diameter=4
[2025-12-18 15:54:37]   Running mirror benchmark...
[2025-12-18 15:54:37]     Depth 5...
[2025-12-18 15:54:40]     Depth 5: success_prob = 0.5600
[2025-12-18 15:54:40]     Depth 10...
[2025-12-18 15:54:42]     Depth 10: success_prob = 0.5840
[2025-12-18 15:54:42]     Depth 20...
[2025-12-18 15:54:45]     Depth 20: success_prob = 0.6280
[2025-12-18 15:54:45]     Depth 30...
[2025-12-18 15:54:48]     Depth 30: success_prob = 0.6060
[2025-12-18 15:54:48]   SUCCESS: alpha=0.0004, EPC=0.9996
[2025-12-18 15:54:48]   Result saved to CSV
[2025-12-18 15:54:48] 
[10/15] Subset 9 (elapsed: 1.6 min)
[2025-12-18 15:54:48]   Qubits: (40, 46, 47, 52, 53, 54, 55, 60, 61, 62, 68)
[2025-12-18 15:54:48]   lambda2=0.2547, C=2.8021
[2025-12-18 15:54:48]   edges=13, avg_degree=2.36, diameter=4
[2025-12-18 15:54:48]   Running mirror benchmark...
[2025-12-18 15:54:48]     Depth 5...
[2025-12-18 15:54:51]     Depth 5: success_prob = 0.4980
[2025-12-18 15:54:51]     Depth 10...
[2025-12-18 15:54:51]     Depth 10: success_prob = 0.4760
[2025-12-18 15:54:51]     Depth 20...
[2025-12-18 15:54:54]     Depth 20: success_prob = 0.5280
[2025-12-18 15:54:54]     Depth 30...
[2025-12-18 15:54:57]     Depth 30: success_prob = 0.5160
[2025-12-18 15:54:57]   SUCCESS: alpha=0.0049, EPC=0.9951
[2025-12-18 15:54:57]   Result saved to CSV
[2025-12-18 15:54:57] 
[11/15] Subset 10 (elapsed: 1.8 min)
[2025-12-18 15:54:57]   Qubits: (19, 25, 26, 27, 32, 33, 34, 39, 40, 41, 47)
[2025-12-18 15:54:57]   lambda2=0.2156, C=2.3720
[2025-12-18 15:54:57]   edges=13, avg_degree=2.36, diameter=4
[2025-12-18 15:54:57]   Running mirror benchmark...
[2025-12-18 15:54:57]     Depth 5...
[2025-12-18 15:54:59]     Depth 5: success_prob = 0.8320
[2025-12-18 15:54:59]     Depth 10...
[2025-12-18 15:55:01]     Depth 10: success_prob = 0.8420
[2025-12-18 15:55:01]     Depth 20...
[2025-12-18 15:55:04]     Depth 20: success_prob = 0.8340
[2025-12-18 15:55:04]     Depth 30...
[2025-12-18 15:55:06]     Depth 30: success_prob = 0.8200
[2025-12-18 15:55:06]   SUCCESS: alpha=0.9993, EPC=0.0007
[2025-12-18 15:55:06]   Result saved to CSV
[2025-12-18 15:55:06] 
[12/15] Subset 11 (elapsed: 1.9 min)
[2025-12-18 15:55:06]   Qubits: (53, 59, 60, 61, 67, 68, 69, 73, 74, 75, 81)
[2025-12-18 15:55:06]   lambda2=0.2094, C=2.3037
[2025-12-18 15:55:06]   edges=12, avg_degree=2.18, diameter=4
[2025-12-18 15:55:06]   Running mirror benchmark...
[2025-12-18 15:55:06]     Depth 5...
[2025-12-18 15:55:09]     Depth 5: success_prob = 0.4160
[2025-12-18 15:55:09]     Depth 10...
[2025-12-18 15:55:12]     Depth 10: success_prob = 0.3860
[2025-12-18 15:55:12]     Depth 20...
[2025-12-18 15:55:15]     Depth 20: success_prob = 0.3820
[2025-12-18 15:55:15]     Depth 30...
[2025-12-18 15:55:17]     Depth 30: success_prob = 0.4260
[2025-12-18 15:55:17]   SUCCESS: alpha=0.4454, EPC=0.5546
[2025-12-18 15:55:17]   Result saved to CSV
[2025-12-18 15:55:17] 
[13/15] Subset 12 (elapsed: 2.1 min)
[2025-12-18 15:55:17]   Qubits: (37, 43, 44, 45, 49, 50, 51, 52, 53, 57, 58)
[2025-12-18 15:55:17]   lambda2=0.1742, C=1.9158
[2025-12-18 15:55:17]   edges=12, avg_degree=2.18, diameter=4
[2025-12-18 15:55:17]   Running mirror benchmark...
[2025-12-18 15:55:17]     Depth 5...
[2025-12-18 15:55:20]     Depth 5: success_prob = 0.7220
[2025-12-18 15:55:20]     Depth 10...
[2025-12-18 15:55:23]     Depth 10: success_prob = 0.7000
[2025-12-18 15:55:23]     Depth 20...
[2025-12-18 15:55:24]     Depth 20: success_prob = 0.7080
[2025-12-18 15:55:24]     Depth 30...
[2025-12-18 15:55:26]     Depth 30: success_prob = 0.7080
[2025-12-18 15:55:26]   SUCCESS: alpha=0.4401, EPC=0.5599
[2025-12-18 15:55:26]   Result saved to CSV
[2025-12-18 15:55:26] 
[14/15] Subset 13 (elapsed: 2.3 min)
[2025-12-18 15:55:26]   Qubits: (44, 50, 51, 52, 57, 58, 59, 60, 65, 66, 72)
[2025-12-18 15:55:26]   lambda2=0.2547, C=2.8021
[2025-12-18 15:55:26]   edges=13, avg_degree=2.36, diameter=4
[2025-12-18 15:55:26]   Running mirror benchmark...
[2025-12-18 15:55:26]     Depth 5...
[2025-12-18 15:55:29]     Depth 5: success_prob = 0.4200
[2025-12-18 15:55:29]     Depth 10...
[2025-12-18 15:55:32]     Depth 10: success_prob = 0.4020
[2025-12-18 15:55:32]     Depth 20...
[2025-12-18 15:55:35]     Depth 20: success_prob = 0.3960
[2025-12-18 15:55:35]     Depth 30...
[2025-12-18 15:55:38]     Depth 30: success_prob = 0.4540
[2025-12-18 15:55:38]   SUCCESS: alpha=0.3032, EPC=0.6968
[2025-12-18 15:55:38]   Result saved to CSV
[2025-12-18 15:55:38] 
[15/15] Subset 14 (elapsed: 2.5 min)
[2025-12-18 15:55:38]   Qubits: (5, 6, 11, 12, 13, 18, 19, 20, 25, 26, 27)
[2025-12-18 15:55:38]   lambda2=0.2448, C=2.6933
[2025-12-18 15:55:38]   edges=15, avg_degree=2.73, diameter=5
[2025-12-18 15:55:38]   Running mirror benchmark...
[2025-12-18 15:55:38]     Depth 5...
[2025-12-18 15:55:40]     Depth 5: success_prob = 0.7900
[2025-12-18 15:55:40]     Depth 10...
[2025-12-18 15:55:43]     Depth 10: success_prob = 0.8480
[2025-12-18 15:55:43]     Depth 20...
[2025-12-18 15:55:45]     Depth 20: success_prob = 0.8460
[2025-12-18 15:55:45]     Depth 30...
[2025-12-18 15:55:48]     Depth 30: success_prob = 0.8140
[2025-12-18 15:55:48]   SUCCESS: alpha=1.0000, EPC=0.0000
[2025-12-18 15:55:48]   Result saved to CSV
[2025-12-18 15:55:48] 
============================================================
[2025-12-18 15:55:48] SWEEP COMPLETE in 2.6 minutes
[2025-12-18 15:55:48] Results saved to results/rb_sweep_rigetti_N11.csv
