[2025-12-18 15:42:07] ============================================================
[2025-12-18 15:42:07] AWS Braket RB Sweep
[2025-12-18 15:42:07] ============================================================
[2025-12-18 15:42:07] Device: arn:aws:braket:us-west-1::device/qpu/rigetti/Ankaa-3
[2025-12-18 15:42:07] Subset size N: 7
[2025-12-18 15:42:07] Num subsets: 2
[2025-12-18 15:42:07] Depths: [1, 2, 4]
[2025-12-18 15:42:07] Shots: 100
[2025-12-18 15:42:07] Seed: 42
[2025-12-18 15:42:07] Output CSV: results/rb_sweep_braket.csv
[2025-12-18 15:42:07] Resume: True
[2025-12-18 15:42:07] Simulator: True
[2025-12-18 15:42:07] ============================================================
[2025-12-18 15:42:07] Using local simulator
[2025-12-18 15:42:07] Graph: 100 nodes, 180 edges
[2025-12-18 15:42:07] Generated 2 subsets
[2025-12-18 15:42:07] 
============================================================
[2025-12-18 15:42:07] STARTING RB SWEEP
[2025-12-18 15:42:07] ============================================================
[2025-12-18 15:42:07] 
[1/2] Subset 0 (elapsed: 0.0 min)
[2025-12-18 15:42:07]   Qubits: (71, 80, 81, 82, 90, 91, 92)
[2025-12-18 15:42:07]   lambda2=0.5000, C=3.5000
[2025-12-18 15:42:07]   edges=8, avg_degree=2.29, diameter=3
[2025-12-18 15:42:07]   Running mirror benchmark...
[2025-12-18 15:42:07]     Depth 1...
[2025-12-18 15:42:07]     Depth 1: success_prob = 0.0000
[2025-12-18 15:42:07]     Depth 2...
[2025-12-18 15:42:07]     Depth 2: success_prob = 0.2400
[2025-12-18 15:42:07]     Depth 4...
[2025-12-18 15:42:07]     Depth 4: success_prob = 0.0000
[2025-12-18 15:42:07]   SUCCESS: alpha=0.0000, EPC=1.0000
[2025-12-18 15:42:07]   Result saved to CSV
[2025-12-18 15:42:07] 
[2/2] Subset 1 (elapsed: 0.0 min)
[2025-12-18 15:42:07]   Qubits: (6, 7, 15, 16, 17, 18, 27)
[2025-12-18 15:42:07]   lambda2=0.4226, C=2.9585
[2025-12-18 15:42:07]   edges=7, avg_degree=2.00, diameter=3
[2025-12-18 15:42:07]   Running mirror benchmark...
[2025-12-18 15:42:07]     Depth 1...
[2025-12-18 15:42:07]     Depth 1: success_prob = 1.0000
[2025-12-18 15:42:07]     Depth 2...
[2025-12-18 15:42:07]     Depth 2: success_prob = 0.0000
[2025-12-18 15:42:07]     Depth 4...
[2025-12-18 15:42:08]     Depth 4: success_prob = 0.0000
[2025-12-18 15:42:08]   SUCCESS: alpha=0.5541, EPC=0.4459
[2025-12-18 15:42:08]   Result saved to CSV
[2025-12-18 15:42:08] 
============================================================
[2025-12-18 15:42:08] SWEEP COMPLETE in 0.0 minutes
[2025-12-18 15:42:08] Results saved to results/rb_sweep_braket.csv
[2025-12-18 15:42:50] ============================================================
[2025-12-18 15:42:50] AWS Braket RB Sweep
[2025-12-18 15:42:50] ============================================================
[2025-12-18 15:42:50] Device: arn:aws:braket:us-west-1::device/qpu/rigetti/Ankaa-3
[2025-12-18 15:42:50] Subset size N: 7
[2025-12-18 15:42:50] Num subsets: 2
[2025-12-18 15:42:50] Depths: [1, 2, 4]
[2025-12-18 15:42:50] Shots: 100
[2025-12-18 15:42:50] Seed: 42
[2025-12-18 15:42:50] Output CSV: results/rb_sweep_braket.csv
[2025-12-18 15:42:50] Resume: True
[2025-12-18 15:42:50] Simulator: True
[2025-12-18 15:42:50] ============================================================
[2025-12-18 15:42:50] Using local simulator
[2025-12-18 15:42:50] Graph: 100 nodes, 180 edges
[2025-12-18 15:42:50] Generated 2 subsets
[2025-12-18 15:42:50] 
============================================================
[2025-12-18 15:42:50] STARTING RB SWEEP
[2025-12-18 15:42:50] ============================================================
[2025-12-18 15:42:50] 
[1/2] Subset 0 (elapsed: 0.0 min)
[2025-12-18 15:42:50]   Qubits: (71, 80, 81, 82, 90, 91, 92)
[2025-12-18 15:42:50]   lambda2=0.5000, C=3.5000
[2025-12-18 15:42:50]   edges=8, avg_degree=2.29, diameter=3
[2025-12-18 15:42:50]   Running mirror benchmark...
[2025-12-18 15:42:50]     Depth 1...
[2025-12-18 15:42:50]     Depth 1: success_prob = 1.0000
[2025-12-18 15:42:50]     Depth 2...
[2025-12-18 15:42:50]     Depth 2: success_prob = 1.0000
[2025-12-18 15:42:50]     Depth 4...
[2025-12-18 15:42:50]     Depth 4: success_prob = 1.0000
[2025-12-18 15:42:50]   SUCCESS: alpha=1.0000, EPC=0.0000
[2025-12-18 15:42:50]   Result saved to CSV
[2025-12-18 15:42:50] 
[2/2] Subset 1 (elapsed: 0.0 min)
[2025-12-18 15:42:50]   Qubits: (6, 7, 15, 16, 17, 18, 27)
[2025-12-18 15:42:50]   lambda2=0.4226, C=2.9585
[2025-12-18 15:42:50]   edges=7, avg_degree=2.00, diameter=3
[2025-12-18 15:42:50]   Running mirror benchmark...
[2025-12-18 15:42:50]     Depth 1...
[2025-12-18 15:42:50]     Depth 1: success_prob = 1.0000
[2025-12-18 15:42:50]     Depth 2...
[2025-12-18 15:42:50]     Depth 2: success_prob = 1.0000
[2025-12-18 15:42:50]     Depth 4...
[2025-12-18 15:42:50]     Depth 4: success_prob = 1.0000
[2025-12-18 15:42:50]   SUCCESS: alpha=1.0000, EPC=0.0000
[2025-12-18 15:42:50]   Result saved to CSV
[2025-12-18 15:42:50] 
============================================================
[2025-12-18 15:42:50] SWEEP COMPLETE in 0.0 minutes
[2025-12-18 15:42:50] Results saved to results/rb_sweep_braket.csv
[2025-12-18 15:43:04] ============================================================
[2025-12-18 15:43:04] AWS Braket RB Sweep
[2025-12-18 15:43:04] ============================================================
[2025-12-18 15:43:04] Device: arn:aws:braket:us-west-1::device/qpu/rigetti/Ankaa-3
[2025-12-18 15:43:04] Subset size N: 5
[2025-12-18 15:43:04] Num subsets: 3
[2025-12-18 15:43:04] Depths: [1, 2, 4, 8]
[2025-12-18 15:43:04] Shots: 500
[2025-12-18 15:43:04] Seed: 42
[2025-12-18 15:43:04] Output CSV: results/rb_sweep_braket.csv
[2025-12-18 15:43:04] Resume: True
[2025-12-18 15:43:04] Simulator: False
[2025-12-18 15:43:04] ============================================================
[2025-12-18 15:43:06] Device: Ankaa-3, Status: ONLINE
[2025-12-18 15:43:06] Graph: 82 nodes, 140 edges
[2025-12-18 15:43:06] Generated 3 subsets
[2025-12-18 15:43:06] 
============================================================
[2025-12-18 15:43:06] STARTING RB SWEEP
[2025-12-18 15:43:06] ============================================================
[2025-12-18 15:43:06] 
[1/3] Subset 0 (elapsed: 0.0 min)
[2025-12-18 15:43:06]   Qubits: (75, 76, 81, 82, 83)
[2025-12-18 15:43:06]   lambda2=0.5918, C=2.9588
[2025-12-18 15:43:06]   edges=5, avg_degree=2.00, diameter=3
[2025-12-18 15:43:06]   Running mirror benchmark...
[2025-12-18 15:43:06]     Depth 1...
[2025-12-18 15:43:09]   FAILED: An error occurred (ValidationException) when calling the CreateQuantumTask operation: Used 84 qubits, which is more than the device qubit count of 82
[2025-12-18 15:43:09] 
[2/3] Subset 1 (elapsed: 0.1 min)
[2025-12-18 15:43:09]   Qubits: (24, 30, 31, 32, 38)
[2025-12-18 15:43:09]   lambda2=1.0000, C=5.0000
[2025-12-18 15:43:09]   edges=4, avg_degree=1.60, diameter=2
[2025-12-18 15:43:09]   Running mirror benchmark...
[2025-12-18 15:43:09]     Depth 1...
[2025-12-18 15:43:12]     Depth 1: success_prob = 0.9080
[2025-12-18 15:43:12]     Depth 2...
[2025-12-18 15:43:15]     Depth 2: success_prob = 0.9160
[2025-12-18 15:43:15]     Depth 4...
[2025-12-18 15:43:17]     Depth 4: success_prob = 0.9340
[2025-12-18 15:43:17]     Depth 8...
[2025-12-18 15:43:20]     Depth 8: success_prob = 0.9100
[2025-12-18 15:43:20]   SUCCESS: alpha=1.0000, EPC=0.0000
[2025-12-18 15:43:20]   Result saved to CSV
[2025-12-18 15:43:20] 
[3/3] Subset 2 (elapsed: 0.2 min)
[2025-12-18 15:43:20]   Qubits: (1, 2, 3, 9, 10)
[2025-12-18 15:43:20]   lambda2=0.5918, C=2.9588
[2025-12-18 15:43:20]   edges=5, avg_degree=2.00, diameter=3
[2025-12-18 15:43:20]   Running mirror benchmark...
[2025-12-18 15:43:20]     Depth 1...
[2025-12-18 15:43:22]     Depth 1: success_prob = 0.8720
[2025-12-18 15:43:22]     Depth 2...
[2025-12-18 15:43:25]     Depth 2: success_prob = 0.8620
[2025-12-18 15:43:25]     Depth 4...
[2025-12-18 15:43:27]     Depth 4: success_prob = 0.8860
[2025-12-18 15:43:27]     Depth 8...
[2025-12-18 15:43:29]     Depth 8: success_prob = 0.8860
[2025-12-18 15:43:29]   SUCCESS: alpha=1.0000, EPC=0.0000
[2025-12-18 15:43:29]   Result saved to CSV
[2025-12-18 15:43:29] 
============================================================
[2025-12-18 15:43:29] SWEEP COMPLETE in 0.4 minutes
[2025-12-18 15:43:29] Results saved to results/rb_sweep_braket.csv
[2025-12-18 15:44:13] ============================================================
[2025-12-18 15:44:13] AWS Braket RB Sweep
[2025-12-18 15:44:13] ============================================================
[2025-12-18 15:44:13] Device: arn:aws:braket:us-west-1::device/qpu/rigetti/Ankaa-3
[2025-12-18 15:44:13] Subset size N: 7
[2025-12-18 15:44:13] Num subsets: 15
[2025-12-18 15:44:13] Depths: [1, 2, 4, 8, 16, 32]
[2025-12-18 15:44:13] Shots: 500
[2025-12-18 15:44:13] Seed: 42
[2025-12-18 15:44:13] Output CSV: results/rb_sweep_braket.csv
[2025-12-18 15:44:13] Resume: True
[2025-12-18 15:44:13] Simulator: False
[2025-12-18 15:44:13] ============================================================
[2025-12-18 15:44:15] Device: Ankaa-3, Status: ONLINE
[2025-12-18 15:44:15] Graph: 80 nodes, 136 edges
[2025-12-18 15:44:15] Generated 15 subsets
[2025-12-18 15:44:15] 
============================================================
[2025-12-18 15:44:15] STARTING RB SWEEP
[2025-12-18 15:44:15] ============================================================
[2025-12-18 15:44:15] 
[1/15] Subset 0 (elapsed: 0.0 min)
[2025-12-18 15:44:15]   Qubits: (7, 14, 15, 16, 21, 22, 28)
[2025-12-18 15:44:15]   lambda2=0.4226, C=2.9585
[2025-12-18 15:44:15]   edges=7, avg_degree=2.00, diameter=4
[2025-12-18 15:44:15]   Running mirror benchmark...
[2025-12-18 15:44:15]     Depth 1...
[2025-12-18 15:44:20]     Depth 1: success_prob = 0.8320
[2025-12-18 15:44:20]     Depth 2...
[2025-12-18 15:44:23]     Depth 2: success_prob = 0.8620
[2025-12-18 15:44:23]     Depth 4...
[2025-12-18 15:44:25]     Depth 4: success_prob = 0.8500
[2025-12-18 15:44:25]     Depth 8...
[2025-12-18 15:44:28]     Depth 8: success_prob = 0.8920
[2025-12-18 15:44:28]     Depth 16...
[2025-12-18 15:44:30]     Depth 16: success_prob = 0.8520
[2025-12-18 15:44:30]     Depth 32...
[2025-12-18 15:44:32]     Depth 32: success_prob = 0.8360
[2025-12-18 15:44:32]   SUCCESS: alpha=0.9995, EPC=0.0005
[2025-12-18 15:44:32]   Result saved to CSV
[2025-12-18 15:44:32] 
[2/15] Subset 1 (elapsed: 0.3 min)
[2025-12-18 15:44:32]   Qubits: (64, 70, 71, 72, 77, 78, 79)
[2025-12-18 15:44:32]   lambda2=0.5000, C=3.5000
[2025-12-18 15:44:32]   edges=8, avg_degree=2.29, diameter=3
[2025-12-18 15:44:32]   Running mirror benchmark...
[2025-12-18 15:44:32]     Depth 1...
[2025-12-18 15:44:36]     Depth 1: success_prob = 0.5400
[2025-12-18 15:44:36]     Depth 2...
[2025-12-18 15:44:38]     Depth 2: success_prob = 0.4960
[2025-12-18 15:44:38]     Depth 4...
[2025-12-18 15:44:39]     Depth 4: success_prob = 0.4920
[2025-12-18 15:44:39]     Depth 8...
[2025-12-18 15:44:41]     Depth 8: success_prob = 0.5480
[2025-12-18 15:44:41]     Depth 16...
[2025-12-18 15:44:44]     Depth 16: success_prob = 0.5120
[2025-12-18 15:44:44]     Depth 32...
[2025-12-18 15:44:46]     Depth 32: success_prob = 0.5140
[2025-12-18 15:44:46]   SUCCESS: alpha=0.0266, EPC=0.9734
[2025-12-18 15:44:46]   Result saved to CSV
[2025-12-18 15:44:46] 
[3/15] Subset 2 (elapsed: 0.5 min)
[2025-12-18 15:44:46]   Qubits: (4, 5, 6, 12, 13, 20, 27)
[2025-12-18 15:44:46]   lambda2=0.2457, C=1.7196
[2025-12-18 15:44:46]   edges=7, avg_degree=2.00, diameter=5
[2025-12-18 15:44:46]   Running mirror benchmark...
[2025-12-18 15:44:46]     Depth 1...
[2025-12-18 15:44:49]     Depth 1: success_prob = 0.8600
[2025-12-18 15:44:49]     Depth 2...
[2025-12-18 15:44:51]     Depth 2: success_prob = 0.8740
[2025-12-18 15:44:51]     Depth 4...
[2025-12-18 15:44:54]     Depth 4: success_prob = 0.8680
[2025-12-18 15:44:54]     Depth 8...
[2025-12-18 15:44:57]     Depth 8: success_prob = 0.8600
[2025-12-18 15:44:57]     Depth 16...
[2025-12-18 15:44:59]     Depth 16: success_prob = 0.8720
[2025-12-18 15:44:59]     Depth 32...
[2025-12-18 15:45:03]     Depth 32: success_prob = 0.9020
[2025-12-18 15:45:03]   SUCCESS: alpha=1.0000, EPC=0.0000
[2025-12-18 15:45:03]   Result saved to CSV
[2025-12-18 15:45:03] 
[4/15] Subset 3 (elapsed: 0.8 min)
[2025-12-18 15:45:03]   Qubits: (59, 65, 66, 72, 73, 74, 80)
[2025-12-18 15:45:03]   lambda2=0.4226, C=2.9585
[2025-12-18 15:45:03]   edges=7, avg_degree=2.00, diameter=3
[2025-12-18 15:45:03]   Running mirror benchmark...
[2025-12-18 15:45:03]     Depth 1...
[2025-12-18 15:45:05]     Depth 1: success_prob = 0.5920
[2025-12-18 15:45:05]     Depth 2...
[2025-12-18 15:45:08]     Depth 2: success_prob = 0.6200
[2025-12-18 15:45:08]     Depth 4...
[2025-12-18 15:45:10]     Depth 4: success_prob = 0.6100
[2025-12-18 15:45:10]     Depth 8...
[2025-12-18 15:45:11]     Depth 8: success_prob = 0.5580
[2025-12-18 15:45:11]     Depth 16...
[2025-12-18 15:45:14]     Depth 16: success_prob = 0.6080
[2025-12-18 15:45:14]     Depth 32...
[2025-12-18 15:45:16]     Depth 32: success_prob = 0.6160
[2025-12-18 15:45:16]   SUCCESS: alpha=0.6928, EPC=0.3072
[2025-12-18 15:45:16]   Result saved to CSV
[2025-12-18 15:45:16] 
[5/15] Subset 4 (elapsed: 1.0 min)
[2025-12-18 15:45:16]   Qubits: (50, 56, 57, 58, 64, 65, 71)
[2025-12-18 15:45:16]   lambda2=0.4226, C=2.9585
[2025-12-18 15:45:16]   edges=7, avg_degree=2.00, diameter=3
[2025-12-18 15:45:16]   Running mirror benchmark...
[2025-12-18 15:45:16]     Depth 1...
[2025-12-18 15:45:18]     Depth 1: success_prob = 0.8120
[2025-12-18 15:45:18]     Depth 2...
[2025-12-18 15:45:22]     Depth 2: success_prob = 0.8180
[2025-12-18 15:45:22]     Depth 4...
[2025-12-18 15:45:25]     Depth 4: success_prob = 0.7780
[2025-12-18 15:45:25]     Depth 8...
[2025-12-18 15:45:27]     Depth 8: success_prob = 0.8000
[2025-12-18 15:45:27]     Depth 16...
[2025-12-18 15:45:30]     Depth 16: success_prob = 0.8060
[2025-12-18 15:45:30]     Depth 32...
[2025-12-18 15:45:32]     Depth 32: success_prob = 0.7960
[2025-12-18 15:45:32]   SUCCESS: alpha=0.4556, EPC=0.5444
[2025-12-18 15:45:32]   Result saved to CSV
[2025-12-18 15:45:32] 
[6/15] Subset 5 (elapsed: 1.3 min)
[2025-12-18 15:45:32]   Qubits: (38, 39, 40, 45, 46, 47, 53)
[2025-12-18 15:45:32]   lambda2=0.5000, C=3.5000
[2025-12-18 15:45:32]   edges=8, avg_degree=2.29, diameter=3
[2025-12-18 15:45:32]   Running mirror benchmark...
[2025-12-18 15:45:32]     Depth 1...
[2025-12-18 15:45:35]     Depth 1: success_prob = 0.8560
[2025-12-18 15:45:35]     Depth 2...
[2025-12-18 15:45:37]     Depth 2: success_prob = 0.8520
[2025-12-18 15:45:37]     Depth 4...
[2025-12-18 15:45:39]     Depth 4: success_prob = 0.8520
[2025-12-18 15:45:39]     Depth 8...
[2025-12-18 15:45:40]     Depth 8: success_prob = 0.8580
[2025-12-18 15:45:40]     Depth 16...
[2025-12-18 15:45:43]     Depth 16: success_prob = 0.8380
[2025-12-18 15:45:43]     Depth 32...
[2025-12-18 15:45:45]     Depth 32: success_prob = 0.8420
[2025-12-18 15:45:45]   SUCCESS: alpha=0.9453, EPC=0.0547
[2025-12-18 15:45:45]   Result saved to CSV
[2025-12-18 15:45:45] 
[7/15] Subset 6 (elapsed: 1.5 min)
[2025-12-18 15:45:45]   Qubits: (67, 73, 74, 75, 79, 80, 81)
[2025-12-18 15:45:45]   lambda2=0.3545, C=2.4815
[2025-12-18 15:45:45]   edges=7, avg_degree=2.00, diameter=4
[2025-12-18 15:45:45]   Running mirror benchmark...
[2025-12-18 15:45:45]     Depth 1...
[2025-12-18 15:45:48]     Depth 1: success_prob = 0.7120
[2025-12-18 15:45:48]     Depth 2...
[2025-12-18 15:45:50]     Depth 2: success_prob = 0.6940
[2025-12-18 15:45:50]     Depth 4...
[2025-12-18 15:45:52]     Depth 4: success_prob = 0.6560
[2025-12-18 15:45:52]     Depth 8...
[2025-12-18 15:45:56]     Depth 8: success_prob = 0.6700
[2025-12-18 15:45:56]     Depth 16...
[2025-12-18 15:45:59]     Depth 16: success_prob = 0.7120
[2025-12-18 15:45:59]     Depth 32...
[2025-12-18 15:46:02]     Depth 32: success_prob = 0.6720
[2025-12-18 15:46:02]   SUCCESS: alpha=0.9995, EPC=0.0005
[2025-12-18 15:46:02]   Result saved to CSV
[2025-12-18 15:46:02] 
[8/15] Subset 7 (elapsed: 1.8 min)
[2025-12-18 15:46:02]   Qubits: (21, 22, 28, 29, 30, 35, 36)
[2025-12-18 15:46:02]   lambda2=0.5000, C=3.5000
[2025-12-18 15:46:02]   edges=8, avg_degree=2.29, diameter=3
[2025-12-18 15:46:02]   Running mirror benchmark...
[2025-12-18 15:46:02]     Depth 1...
[2025-12-18 15:46:04]     Depth 1: success_prob = 0.8680
[2025-12-18 15:46:04]     Depth 2...
[2025-12-18 15:46:07]     Depth 2: success_prob = 0.8780
[2025-12-18 15:46:07]     Depth 4...
[2025-12-18 15:46:09]     Depth 4: success_prob = 0.8840
[2025-12-18 15:46:09]     Depth 8...
[2025-12-18 15:46:11]     Depth 8: success_prob = 0.8700
[2025-12-18 15:46:11]     Depth 16...
[2025-12-18 15:46:13]     Depth 16: success_prob = 0.8580
[2025-12-18 15:46:13]     Depth 32...
[2025-12-18 15:46:16]     Depth 32: success_prob = 0.8680
[2025-12-18 15:46:16]   SUCCESS: alpha=0.9139, EPC=0.0861
[2025-12-18 15:46:16]   Result saved to CSV
[2025-12-18 15:46:16] 
[9/15] Subset 8 (elapsed: 2.0 min)
[2025-12-18 15:46:16]   Qubits: (47, 53, 54, 55, 61, 62, 69)
[2025-12-18 15:46:16]   lambda2=0.3545, C=2.4815
[2025-12-18 15:46:16]   edges=7, avg_degree=2.00, diameter=4
[2025-12-18 15:46:16]   Running mirror benchmark...
[2025-12-18 15:46:16]     Depth 1...
[2025-12-18 15:46:18]     Depth 1: success_prob = 0.6660
[2025-12-18 15:46:18]     Depth 2...
[2025-12-18 15:46:21]     Depth 2: success_prob = 0.6140
[2025-12-18 15:46:21]     Depth 4...
[2025-12-18 15:46:23]     Depth 4: success_prob = 0.6340
[2025-12-18 15:46:23]     Depth 8...
[2025-12-18 15:46:26]     Depth 8: success_prob = 0.5900
[2025-12-18 15:46:26]     Depth 16...
[2025-12-18 15:46:28]     Depth 16: success_prob = 0.6260
[2025-12-18 15:46:28]     Depth 32...
[2025-12-18 15:46:31]     Depth 32: success_prob = 0.6520
[2025-12-18 15:46:31]   SUCCESS: alpha=0.0421, EPC=0.9579
[2025-12-18 15:46:31]   Result saved to CSV
[2025-12-18 15:46:31] 
[10/15] Subset 9 (elapsed: 2.3 min)
[2025-12-18 15:46:31]   Qubits: (21, 28, 29, 35, 36, 37, 43)
[2025-12-18 15:46:31]   lambda2=0.3545, C=2.4815
[2025-12-18 15:46:31]   edges=7, avg_degree=2.00, diameter=4
[2025-12-18 15:46:31]   Running mirror benchmark...
[2025-12-18 15:46:31]     Depth 1...
[2025-12-18 15:46:34]     Depth 1: success_prob = 0.8780
[2025-12-18 15:46:34]     Depth 2...
[2025-12-18 15:46:36]     Depth 2: success_prob = 0.8760
[2025-12-18 15:46:36]     Depth 4...
[2025-12-18 15:46:38]     Depth 4: success_prob = 0.8740
[2025-12-18 15:46:38]     Depth 8...
[2025-12-18 15:46:41]     Depth 8: success_prob = 0.8800
[2025-12-18 15:46:41]     Depth 16...
[2025-12-18 15:46:42]     Depth 16: success_prob = 0.8820
[2025-12-18 15:46:42]     Depth 32...
[2025-12-18 15:46:45]     Depth 32: success_prob = 0.8660
[2025-12-18 15:46:45]   SUCCESS: alpha=0.9997, EPC=0.0003
[2025-12-18 15:46:45]   Result saved to CSV
[2025-12-18 15:46:45] 
[11/15] Subset 10 (elapsed: 2.5 min)
[2025-12-18 15:46:45]   Qubits: (6, 12, 13, 19, 20, 26, 27)
[2025-12-18 15:46:45]   lambda2=0.3649, C=2.5543
[2025-12-18 15:46:45]   edges=8, avg_degree=2.29, diameter=4
[2025-12-18 15:46:45]   Running mirror benchmark...
[2025-12-18 15:46:45]     Depth 1...
[2025-12-18 15:46:48]     Depth 1: success_prob = 0.9220
[2025-12-18 15:46:48]     Depth 2...
[2025-12-18 15:46:50]     Depth 2: success_prob = 0.9160
[2025-12-18 15:46:50]     Depth 4...
[2025-12-18 15:46:53]     Depth 4: success_prob = 0.9160
[2025-12-18 15:46:53]     Depth 8...
[2025-12-18 15:46:55]     Depth 8: success_prob = 0.9220
[2025-12-18 15:46:55]     Depth 16...
[2025-12-18 15:46:58]     Depth 16: success_prob = 0.9120
[2025-12-18 15:46:58]     Depth 32...
[2025-12-18 15:47:00]     Depth 32: success_prob = 0.9240
[2025-12-18 15:47:00]   SUCCESS: alpha=1.0000, EPC=0.0000
[2025-12-18 15:47:00]   Result saved to CSV
[2025-12-18 15:47:00] 
[12/15] Subset 11 (elapsed: 2.8 min)
[2025-12-18 15:47:00]   Qubits: (32, 33, 34, 39, 40, 41, 47)
[2025-12-18 15:47:00]   lambda2=0.5000, C=3.5000
[2025-12-18 15:47:00]   edges=8, avg_degree=2.29, diameter=3
[2025-12-18 15:47:00]   Running mirror benchmark...
[2025-12-18 15:47:00]     Depth 1...
[2025-12-18 15:47:03]     Depth 1: success_prob = 0.9020
[2025-12-18 15:47:03]     Depth 2...
[2025-12-18 15:47:05]     Depth 2: success_prob = 0.8720
[2025-12-18 15:47:05]     Depth 4...
[2025-12-18 15:47:07]     Depth 4: success_prob = 0.8620
[2025-12-18 15:47:07]     Depth 8...
[2025-12-18 15:47:10]     Depth 8: success_prob = 0.8720
[2025-12-18 15:47:10]     Depth 16...
[2025-12-18 15:47:13]     Depth 16: success_prob = 0.8940
[2025-12-18 15:47:13]     Depth 32...
[2025-12-18 15:47:14]     Depth 32: success_prob = 0.9020
[2025-12-18 15:47:14]   SUCCESS: alpha=1.0000, EPC=0.0000
[2025-12-18 15:47:14]   Result saved to CSV
[2025-12-18 15:47:14] 
[13/15] Subset 12 (elapsed: 3.0 min)
[2025-12-18 15:47:14]   Qubits: (2, 3, 4, 9, 10, 11, 17)
[2025-12-18 15:47:14]   lambda2=0.5000, C=3.5000
[2025-12-18 15:47:14]   edges=8, avg_degree=2.29, diameter=3
[2025-12-18 15:47:14]   Running mirror benchmark...
[2025-12-18 15:47:14]     Depth 1...
[2025-12-18 15:47:16]     Depth 1: success_prob = 0.8640
[2025-12-18 15:47:16]     Depth 2...
[2025-12-18 15:47:19]     Depth 2: success_prob = 0.8820
[2025-12-18 15:47:19]     Depth 4...
[2025-12-18 15:47:21]     Depth 4: success_prob = 0.8960
[2025-12-18 15:47:21]     Depth 8...
[2025-12-18 15:47:23]     Depth 8: success_prob = 0.8820
[2025-12-18 15:47:23]     Depth 16...
[2025-12-18 15:47:26]     Depth 16: success_prob = 0.8700
[2025-12-18 15:47:26]     Depth 32...
[2025-12-18 15:47:29]     Depth 32: success_prob = 0.8920
[2025-12-18 15:47:29]   SUCCESS: alpha=1.0000, EPC=0.0000
[2025-12-18 15:47:29]   Result saved to CSV
[2025-12-18 15:47:29] 
[14/15] Subset 13 (elapsed: 3.2 min)
[2025-12-18 15:47:29]   Qubits: (46, 52, 53, 54, 55, 60, 61)
[2025-12-18 15:47:29]   lambda2=0.4226, C=2.9585
[2025-12-18 15:47:29]   edges=7, avg_degree=2.00, diameter=3
[2025-12-18 15:47:29]   Running mirror benchmark...
[2025-12-18 15:47:29]     Depth 1...
[2025-12-18 15:47:31]     Depth 1: success_prob = 0.5600
[2025-12-18 15:47:31]     Depth 2...
[2025-12-18 15:47:33]     Depth 2: success_prob = 0.5860
[2025-12-18 15:47:33]     Depth 4...
[2025-12-18 15:47:36]     Depth 4: success_prob = 0.5960
[2025-12-18 15:47:36]     Depth 8...
[2025-12-18 15:47:38]     Depth 8: success_prob = 0.5720
[2025-12-18 15:47:38]     Depth 16...
[2025-12-18 15:47:41]     Depth 16: success_prob = 0.6520
[2025-12-18 15:47:41]     Depth 32...
[2025-12-18 15:47:44]     Depth 32: success_prob = 0.5560
[2025-12-18 15:47:44]   SUCCESS: alpha=0.9998, EPC=0.0002
[2025-12-18 15:47:44]   Result saved to CSV
[2025-12-18 15:47:44] 
[15/15] Subset 14 (elapsed: 3.5 min)
[2025-12-18 15:47:44]   Qubits: (55, 62, 68, 69, 74, 75, 76)
[2025-12-18 15:47:44]   lambda2=0.2457, C=1.7196
[2025-12-18 15:47:44]   edges=7, avg_degree=2.00, diameter=5
[2025-12-18 15:47:44]   Running mirror benchmark...
[2025-12-18 15:47:44]     Depth 1...
[2025-12-18 15:47:45]     Depth 1: success_prob = 0.5920
[2025-12-18 15:47:45]     Depth 2...
[2025-12-18 15:47:48]     Depth 2: success_prob = 0.5980
[2025-12-18 15:47:48]     Depth 4...
[2025-12-18 15:47:51]     Depth 4: success_prob = 0.6000
[2025-12-18 15:47:51]     Depth 8...
[2025-12-18 15:47:54]     Depth 8: success_prob = 0.6100
[2025-12-18 15:47:54]     Depth 16...
[2025-12-18 15:47:56]     Depth 16: success_prob = 0.6380
[2025-12-18 15:47:56]     Depth 32...
[2025-12-18 15:47:59]     Depth 32: success_prob = 0.6300
[2025-12-18 15:47:59]   SUCCESS: alpha=1.0000, EPC=0.0000
[2025-12-18 15:47:59]   Result saved to CSV
[2025-12-18 15:47:59] 
============================================================
[2025-12-18 15:47:59] SWEEP COMPLETE in 3.7 minutes
[2025-12-18 15:47:59] Results saved to results/rb_sweep_braket.csv
