[2025-12-18 15:53:08] ============================================================
[2025-12-18 15:53:08] AWS Braket RB Sweep
[2025-12-18 15:53:08] ============================================================
[2025-12-18 15:53:08] Device: arn:aws:braket:us-west-1::device/qpu/rigetti/Ankaa-3
[2025-12-18 15:53:08] Subset size N: 13
[2025-12-18 15:53:08] Num subsets: 15
[2025-12-18 15:53:08] Depths: [5, 10, 20, 30]
[2025-12-18 15:53:08] Shots: 500
[2025-12-18 15:53:08] Seed: 42
[2025-12-18 15:53:08] Output CSV: results/rb_sweep_rigetti_N13.csv
[2025-12-18 15:53:08] Resume: True
[2025-12-18 15:53:08] Simulator: False
[2025-12-18 15:53:08] ============================================================
[2025-12-18 15:53:10] Device: Ankaa-3, Status: ONLINE
[2025-12-18 15:53:10] Graph: 80 nodes, 136 edges
[2025-12-18 15:53:10] Generated 15 subsets
[2025-12-18 15:53:10] 
============================================================
[2025-12-18 15:53:10] STARTING RB SWEEP
[2025-12-18 15:53:10] ============================================================
[2025-12-18 15:53:10] 
[1/15] Subset 0 (elapsed: 0.0 min)
[2025-12-18 15:53:10]   Qubits: (0, 7, 8, 14, 15, 16, 17, 21, 22, 23, 28, 29, 35)
[2025-12-18 15:53:10]   lambda2=0.1901, C=2.4719
[2025-12-18 15:53:10]   edges=16, avg_degree=2.46, diameter=6
[2025-12-18 15:53:10]   Running mirror benchmark...
[2025-12-18 15:53:10]     Depth 5...
[2025-12-18 15:53:16]     Depth 5: success_prob = 0.6940
[2025-12-18 15:53:16]     Depth 10...
[2025-12-18 15:53:18]     Depth 10: success_prob = 0.7060
[2025-12-18 15:53:18]     Depth 20...
[2025-12-18 15:53:19]     Depth 20: success_prob = 0.7320
[2025-12-18 15:53:19]     Depth 30...
[2025-12-18 15:53:22]     Depth 30: success_prob = 0.7080
[2025-12-18 15:53:22]   SUCCESS: alpha=1.0000, EPC=0.0000
[2025-12-18 15:53:22]   Result saved to CSV
[2025-12-18 15:53:22] 
[2/15] Subset 1 (elapsed: 0.2 min)
[2025-12-18 15:53:22]   Qubits: (56, 57, 63, 64, 65, 70, 71, 72, 73, 77, 78, 79, 80)
[2025-12-18 15:53:22]   lambda2=0.1788, C=2.3248
[2025-12-18 15:53:22]   edges=18, avg_degree=2.77, diameter=6
[2025-12-18 15:53:22]   Running mirror benchmark...
[2025-12-18 15:53:22]     Depth 5...
[2025-12-18 15:53:25]     Depth 5: success_prob = 0.3620
[2025-12-18 15:53:25]     Depth 10...
[2025-12-18 15:53:27]     Depth 10: success_prob = 0.3980
[2025-12-18 15:53:27]     Depth 20...
[2025-12-18 15:53:30]     Depth 20: success_prob = 0.3660
[2025-12-18 15:53:30]     Depth 30...
[2025-12-18 15:53:33]     Depth 30: success_prob = 0.3560
[2025-12-18 15:53:33]   SUCCESS: alpha=0.0000, EPC=1.0000
[2025-12-18 15:53:33]   Result saved to CSV
[2025-12-18 15:53:33] 
[3/15] Subset 2 (elapsed: 0.4 min)
[2025-12-18 15:53:33]   Qubits: (14, 15, 21, 22, 23, 28, 29, 30, 31, 35, 36, 37, 43)
[2025-12-18 15:53:33]   lambda2=0.2126, C=2.7636
[2025-12-18 15:53:33]   edges=17, avg_degree=2.62, diameter=5
[2025-12-18 15:53:33]   Running mirror benchmark...
[2025-12-18 15:53:33]     Depth 5...
[2025-12-18 15:53:36]     Depth 5: success_prob = 0.7560
[2025-12-18 15:53:36]     Depth 10...
[2025-12-18 15:53:39]     Depth 10: success_prob = 0.7400
[2025-12-18 15:53:39]     Depth 20...
[2025-12-18 15:53:42]     Depth 20: success_prob = 0.7500
[2025-12-18 15:53:42]     Depth 30...
[2025-12-18 15:53:45]     Depth 30: success_prob = 0.7680
[2025-12-18 15:53:45]   SUCCESS: alpha=0.3175, EPC=0.6825
[2025-12-18 15:53:45]   Result saved to CSV
[2025-12-18 15:53:45] 
[4/15] Subset 3 (elapsed: 0.6 min)
[2025-12-18 15:53:45]   Qubits: (5, 6, 11, 12, 13, 17, 18, 19, 20, 25, 26, 27, 33)
[2025-12-18 15:53:45]   lambda2=0.2126, C=2.7636
[2025-12-18 15:53:45]   edges=17, avg_degree=2.62, diameter=5
[2025-12-18 15:53:45]   Running mirror benchmark...
[2025-12-18 15:53:45]     Depth 5...
[2025-12-18 15:53:47]     Depth 5: success_prob = 0.8080
[2025-12-18 15:53:47]     Depth 10...
[2025-12-18 15:53:51]     Depth 10: success_prob = 0.8380
[2025-12-18 15:53:51]     Depth 20...
[2025-12-18 15:53:53]     Depth 20: success_prob = 0.8220
[2025-12-18 15:53:53]     Depth 30...
[2025-12-18 15:53:56]     Depth 30: success_prob = 0.8340
[2025-12-18 15:53:56]   SUCCESS: alpha=1.0000, EPC=0.0000
[2025-12-18 15:53:56]   Result saved to CSV
[2025-12-18 15:53:56] 
[5/15] Subset 4 (elapsed: 0.8 min)
[2025-12-18 15:53:56]   Qubits: (0, 1, 2, 3, 4, 5, 6, 8, 9, 10, 11, 16, 17)
[2025-12-18 15:53:56]   lambda2=0.1399, C=1.8186
[2025-12-18 15:53:56]   edges=16, avg_degree=2.46, diameter=6
[2025-12-18 15:53:56]   Running mirror benchmark...
[2025-12-18 15:53:56]     Depth 5...
[2025-12-18 15:53:58]     Depth 5: success_prob = 0.7220
[2025-12-18 15:53:58]     Depth 10...
[2025-12-18 15:54:01]     Depth 10: success_prob = 0.7080
[2025-12-18 15:54:01]     Depth 20...
[2025-12-18 15:54:04]     Depth 20: success_prob = 0.6920
[2025-12-18 15:54:04]     Depth 30...
[2025-12-18 15:54:07]     Depth 30: success_prob = 0.6840
[2025-12-18 15:54:07]   SUCCESS: alpha=0.9294, EPC=0.0706
[2025-12-18 15:54:07]   Result saved to CSV
[2025-12-18 15:54:07] 
[6/15] Subset 5 (elapsed: 1.0 min)
[2025-12-18 15:54:07]   Qubits: (60, 61, 66, 67, 68, 69, 72, 73, 74, 75, 76, 80, 81)
[2025-12-18 15:54:07]   lambda2=0.1235, C=1.6050
[2025-12-18 15:54:07]   edges=16, avg_degree=2.46, diameter=5
[2025-12-18 15:54:07]   Running mirror benchmark...
[2025-12-18 15:54:07]     Depth 5...
[2025-12-18 15:54:10]     Depth 5: success_prob = 0.3440
[2025-12-18 15:54:10]     Depth 10...
[2025-12-18 15:54:12]     Depth 10: success_prob = 0.3320
[2025-12-18 15:54:12]     Depth 20...
[2025-12-18 15:54:15]     Depth 20: success_prob = 0.3160
[2025-12-18 15:54:15]     Depth 30...
[2025-12-18 15:54:18]     Depth 30: success_prob = 0.3380
[2025-12-18 15:54:18]   SUCCESS: alpha=0.7216, EPC=0.2784
[2025-12-18 15:54:18]   Result saved to CSV
[2025-12-18 15:54:18] 
[7/15] Subset 6 (elapsed: 1.1 min)
[2025-12-18 15:54:18]   Qubits: (3, 4, 5, 6, 10, 11, 12, 13, 18, 19, 20, 26, 27)
[2025-12-18 15:54:18]   lambda2=0.1788, C=2.3248
[2025-12-18 15:54:18]   edges=18, avg_degree=2.77, diameter=6
[2025-12-18 15:54:18]   Running mirror benchmark...
[2025-12-18 15:54:18]     Depth 5...
[2025-12-18 15:54:21]     Depth 5: success_prob = 0.8300
[2025-12-18 15:54:21]     Depth 10...
[2025-12-18 15:54:21]     Depth 10: success_prob = 0.8120
[2025-12-18 15:54:21]     Depth 20...
[2025-12-18 15:54:24]     Depth 20: success_prob = 0.7880
[2025-12-18 15:54:24]     Depth 30...
[2025-12-18 15:54:27]     Depth 30: success_prob = 0.8180
[2025-12-18 15:54:27]   SUCCESS: alpha=0.7416, EPC=0.2584
[2025-12-18 15:54:27]   Result saved to CSV
[2025-12-18 15:54:27] 
[8/15] Subset 7 (elapsed: 1.3 min)
[2025-12-18 15:54:27]   Qubits: (32, 37, 38, 39, 40, 44, 45, 46, 47, 52, 53, 54, 60)
[2025-12-18 15:54:27]   lambda2=0.2289, C=2.9763
[2025-12-18 15:54:27]   edges=17, avg_degree=2.62, diameter=5
[2025-12-18 15:54:27]   Running mirror benchmark...
[2025-12-18 15:54:27]     Depth 5...
[2025-12-18 15:54:30]     Depth 5: success_prob = 0.5020
[2025-12-18 15:54:30]     Depth 10...
[2025-12-18 15:54:32]     Depth 10: success_prob = 0.5140
[2025-12-18 15:54:32]     Depth 20...
[2025-12-18 15:54:35]     Depth 20: success_prob = 0.5180
[2025-12-18 15:54:35]     Depth 30...
[2025-12-18 15:54:37]     Depth 30: success_prob = 0.5260
[2025-12-18 15:54:37]   SUCCESS: alpha=0.0010, EPC=0.9990
[2025-12-18 15:54:37]   Result saved to CSV
[2025-12-18 15:54:37] 
[9/15] Subset 8 (elapsed: 1.5 min)
[2025-12-18 15:54:37]   Qubits: (58, 59, 65, 66, 67, 71, 72, 73, 74, 75, 79, 80, 81)
[2025-12-18 15:54:37]   lambda2=0.1569, C=2.0396
[2025-12-18 15:54:37]   edges=16, avg_degree=2.46, diameter=5
[2025-12-18 15:54:37]   Running mirror benchmark...
[2025-12-18 15:54:37]     Depth 5...
[2025-12-18 15:54:40]     Depth 5: success_prob = 0.5320
[2025-12-18 15:54:40]     Depth 10...
[2025-12-18 15:54:43]     Depth 10: success_prob = 0.4740
[2025-12-18 15:54:43]     Depth 20...
[2025-12-18 15:54:45]     Depth 20: success_prob = 0.5220
[2025-12-18 15:54:45]     Depth 30...
[2025-12-18 15:54:49]     Depth 30: success_prob = 0.4960
[2025-12-18 15:54:49]   SUCCESS: alpha=0.5051, EPC=0.4949
[2025-12-18 15:54:49]   Result saved to CSV
[2025-12-18 15:54:49] 
[10/15] Subset 9 (elapsed: 1.6 min)
[2025-12-18 15:54:49]   Qubits: (6, 12, 13, 18, 19, 20, 24, 25, 26, 27, 32, 33, 40)
[2025-12-18 15:54:49]   lambda2=0.1576, C=2.0491
[2025-12-18 15:54:49]   edges=16, avg_degree=2.46, diameter=6
[2025-12-18 15:54:49]   Running mirror benchmark...
[2025-12-18 15:54:49]     Depth 5...
[2025-12-18 15:54:51]     Depth 5: success_prob = 0.8820
[2025-12-18 15:54:51]     Depth 10...
[2025-12-18 15:54:52]     Depth 10: success_prob = 0.8300
[2025-12-18 15:54:52]     Depth 20...
[2025-12-18 15:54:55]     Depth 20: success_prob = 0.8580
[2025-12-18 15:54:55]     Depth 30...
[2025-12-18 15:54:58]     Depth 30: success_prob = 0.8560
[2025-12-18 15:54:58]   SUCCESS: alpha=0.5045, EPC=0.4955
[2025-12-18 15:54:58]   Result saved to CSV
[2025-12-18 15:54:58] 
[11/15] Subset 10 (elapsed: 1.8 min)
[2025-12-18 15:54:58]   Qubits: (25, 31, 32, 33, 37, 38, 39, 40, 41, 45, 46, 47, 53)
[2025-12-18 15:54:58]   lambda2=0.2929, C=3.8076
[2025-12-18 15:54:58]   edges=16, avg_degree=2.46, diameter=4
[2025-12-18 15:54:58]   Running mirror benchmark...
[2025-12-18 15:54:58]     Depth 5...
[2025-12-18 15:55:00]     Depth 5: success_prob = 0.7700
[2025-12-18 15:55:00]     Depth 10...
[2025-12-18 15:55:03]     Depth 10: success_prob = 0.7660
[2025-12-18 15:55:03]     Depth 20...
[2025-12-18 15:55:06]     Depth 20: success_prob = 0.7980
[2025-12-18 15:55:06]     Depth 30...
[2025-12-18 15:55:09]     Depth 30: success_prob = 0.7620
[2025-12-18 15:55:09]   SUCCESS: alpha=1.0000, EPC=0.0000
[2025-12-18 15:55:09]   Result saved to CSV
[2025-12-18 15:55:09] 
[12/15] Subset 11 (elapsed: 2.0 min)
[2025-12-18 15:55:09]   Qubits: (33, 39, 40, 41, 45, 46, 47, 53, 54, 55, 61, 62, 68)
[2025-12-18 15:55:09]   lambda2=0.1218, C=1.5828
[2025-12-18 15:55:09]   edges=15, avg_degree=2.31, diameter=5
[2025-12-18 15:55:09]   Running mirror benchmark...
[2025-12-18 15:55:09]     Depth 5...
[2025-12-18 15:55:11]     Depth 5: success_prob = 0.6620
[2025-12-18 15:55:11]     Depth 10...
[2025-12-18 15:55:13]     Depth 10: success_prob = 0.6400
[2025-12-18 15:55:13]     Depth 20...
[2025-12-18 15:55:17]     Depth 20: success_prob = 0.6620
[2025-12-18 15:55:17]     Depth 30...
[2025-12-18 15:55:20]     Depth 30: success_prob = 0.6920
[2025-12-18 15:55:20]   SUCCESS: alpha=0.0011, EPC=0.9989
[2025-12-18 15:55:20]   Result saved to CSV
[2025-12-18 15:55:20] 
[13/15] Subset 12 (elapsed: 2.2 min)
[2025-12-18 15:55:20]   Qubits: (2, 8, 9, 10, 14, 15, 16, 17, 18, 22, 23, 24, 30)
[2025-12-18 15:55:20]   lambda2=0.2929, C=3.8076
[2025-12-18 15:55:20]   edges=16, avg_degree=2.46, diameter=4
[2025-12-18 15:55:20]   Running mirror benchmark...
[2025-12-18 15:55:20]     Depth 5...
[2025-12-18 15:55:23]     Depth 5: success_prob = 0.7400
[2025-12-18 15:55:23]     Depth 10...
[2025-12-18 15:55:24]     Depth 10: success_prob = 0.7060
[2025-12-18 15:55:24]     Depth 20...
[2025-12-18 15:55:27]     Depth 20: success_prob = 0.6920
[2025-12-18 15:55:27]     Depth 30...
[2025-12-18 15:55:30]     Depth 30: success_prob = 0.7240
[2025-12-18 15:55:30]   SUCCESS: alpha=0.5050, EPC=0.4950
[2025-12-18 15:55:30]   Result saved to CSV
[2025-12-18 15:55:30] 
[14/15] Subset 13 (elapsed: 2.3 min)
[2025-12-18 15:55:30]   Qubits: (54, 59, 60, 61, 62, 67, 68, 69, 73, 74, 75, 76, 81)
[2025-12-18 15:55:30]   lambda2=0.2197, C=2.8564
[2025-12-18 15:55:30]   edges=16, avg_degree=2.46, diameter=5
[2025-12-18 15:55:30]   Running mirror benchmark...
[2025-12-18 15:55:30]     Depth 5...
[2025-12-18 15:55:32]     Depth 5: success_prob = 0.3480
[2025-12-18 15:55:32]     Depth 10...
[2025-12-18 15:55:35]     Depth 10: success_prob = 0.3520
[2025-12-18 15:55:35]     Depth 20...
[2025-12-18 15:55:38]     Depth 20: success_prob = 0.3440
[2025-12-18 15:55:38]     Depth 30...
[2025-12-18 15:55:41]     Depth 30: success_prob = 0.3040
[2025-12-18 15:55:41]   SUCCESS: alpha=0.9949, EPC=0.0051
[2025-12-18 15:55:41]   Result saved to CSV
[2025-12-18 15:55:41] 
[15/15] Subset 14 (elapsed: 2.5 min)
[2025-12-18 15:55:41]   Qubits: (0, 1, 2, 3, 7, 8, 9, 14, 15, 16, 21, 22, 28)
[2025-12-18 15:55:41]   lambda2=0.1720, C=2.2363
[2025-12-18 15:55:41]   edges=17, avg_degree=2.62, diameter=7
[2025-12-18 15:55:41]   Running mirror benchmark...
[2025-12-18 15:55:41]     Depth 5...
[2025-12-18 15:55:43]     Depth 5: success_prob = 0.6980
[2025-12-18 15:55:43]     Depth 10...
[2025-12-18 15:55:46]     Depth 10: success_prob = 0.7100
[2025-12-18 15:55:46]     Depth 20...
[2025-12-18 15:55:48]     Depth 20: success_prob = 0.6800
[2025-12-18 15:55:48]     Depth 30...
[2025-12-18 15:55:52]     Depth 30: success_prob = 0.6700
[2025-12-18 15:55:52]   SUCCESS: alpha=0.9979, EPC=0.0021
[2025-12-18 15:55:52]   Result saved to CSV
[2025-12-18 15:55:52] 
============================================================
[2025-12-18 15:55:52] SWEEP COMPLETE in 2.7 minutes
[2025-12-18 15:55:52] Results saved to results/rb_sweep_rigetti_N13.csv
