[2025-12-18 15:53:08] ============================================================
[2025-12-18 15:53:08] AWS Braket RB Sweep
[2025-12-18 15:53:08] ============================================================
[2025-12-18 15:53:08] Device: arn:aws:braket:us-west-1::device/qpu/rigetti/Ankaa-3
[2025-12-18 15:53:08] Subset size N: 9
[2025-12-18 15:53:08] Num subsets: 15
[2025-12-18 15:53:08] Depths: [5, 10, 20, 30]
[2025-12-18 15:53:08] Shots: 500
[2025-12-18 15:53:08] Seed: 42
[2025-12-18 15:53:08] Output CSV: results/rb_sweep_rigetti_N9.csv
[2025-12-18 15:53:08] Resume: True
[2025-12-18 15:53:08] Simulator: False
[2025-12-18 15:53:08] ============================================================
[2025-12-18 15:53:10] Device: Ankaa-3, Status: ONLINE
[2025-12-18 15:53:10] Graph: 80 nodes, 136 edges
[2025-12-18 15:53:10] Generated 15 subsets
[2025-12-18 15:53:10] 
============================================================
[2025-12-18 15:53:10] STARTING RB SWEEP
[2025-12-18 15:53:10] ============================================================
[2025-12-18 15:53:10] 
[1/15] Subset 0 (elapsed: 0.0 min)
[2025-12-18 15:53:10]   Qubits: (0, 7, 8, 14, 15, 16, 21, 22, 28)
[2025-12-18 15:53:10]   lambda2=0.2929, C=2.6360
[2025-12-18 15:53:10]   edges=10, avg_degree=2.22, diameter=4
[2025-12-18 15:53:10]   Running mirror benchmark...
[2025-12-18 15:53:10]     Depth 5...
[2025-12-18 15:53:17]     Depth 5: success_prob = 0.7820
[2025-12-18 15:53:17]     Depth 10...
[2025-12-18 15:53:20]     Depth 10: success_prob = 0.7480
[2025-12-18 15:53:20]     Depth 20...
[2025-12-18 15:53:21]     Depth 20: success_prob = 0.7560
[2025-12-18 15:53:21]     Depth 30...
[2025-12-18 15:53:23]     Depth 30: success_prob = 0.7360
[2025-12-18 15:53:23]   SUCCESS: alpha=0.5697, EPC=0.4303
[2025-12-18 15:53:23]   Result saved to CSV
[2025-12-18 15:53:23] 
[2/15] Subset 1 (elapsed: 0.2 min)
[2025-12-18 15:53:23]   Qubits: (63, 64, 70, 71, 72, 73, 77, 78, 79)
[2025-12-18 15:53:23]   lambda2=0.2860, C=2.5740
[2025-12-18 15:53:23]   edges=11, avg_degree=2.44, diameter=4
[2025-12-18 15:53:23]   Running mirror benchmark...
[2025-12-18 15:53:23]     Depth 5...
[2025-12-18 15:53:26]     Depth 5: success_prob = 0.4820
[2025-12-18 15:53:26]     Depth 10...
[2025-12-18 15:53:28]     Depth 10: success_prob = 0.4720
[2025-12-18 15:53:28]     Depth 20...
[2025-12-18 15:53:31]     Depth 20: success_prob = 0.4580
[2025-12-18 15:53:31]     Depth 30...
[2025-12-18 15:53:33]     Depth 30: success_prob = 0.4880
[2025-12-18 15:53:33]   SUCCESS: alpha=0.3927, EPC=0.6073
[2025-12-18 15:53:33]   Result saved to CSV
[2025-12-18 15:53:33] 
[3/15] Subset 2 (elapsed: 0.4 min)
[2025-12-18 15:53:33]   Qubits: (13, 18, 19, 20, 24, 25, 26, 27, 33)
[2025-12-18 15:53:33]   lambda2=0.2857, C=2.5715
[2025-12-18 15:53:33]   edges=10, avg_degree=2.22, diameter=5
[2025-12-18 15:53:33]   Running mirror benchmark...
[2025-12-18 15:53:33]     Depth 5...
[2025-12-18 15:53:36]     Depth 5: success_prob = 0.9320
[2025-12-18 15:53:36]     Depth 10...
[2025-12-18 15:53:38]     Depth 10: success_prob = 0.9240
[2025-12-18 15:53:38]     Depth 20...
[2025-12-18 15:53:41]     Depth 20: success_prob = 0.8700
[2025-12-18 15:53:41]     Depth 30...
[2025-12-18 15:53:43]     Depth 30: success_prob = 0.9300
[2025-12-18 15:53:43]   SUCCESS: alpha=0.8059, EPC=0.1941
[2025-12-18 15:53:43]   Result saved to CSV
[2025-12-18 15:53:43] 
[4/15] Subset 3 (elapsed: 0.6 min)
[2025-12-18 15:53:43]   Qubits: (36, 37, 38, 44, 45, 50, 51, 52, 58)
[2025-12-18 15:53:43]   lambda2=0.2461, C=2.2146
[2025-12-18 15:53:43]   edges=10, avg_degree=2.22, diameter=4
[2025-12-18 15:53:43]   Running mirror benchmark...
[2025-12-18 15:53:43]     Depth 5...
[2025-12-18 15:53:46]     Depth 5: success_prob = 0.7540
[2025-12-18 15:53:46]     Depth 10...
[2025-12-18 15:53:48]     Depth 10: success_prob = 0.7520
[2025-12-18 15:53:48]     Depth 20...
[2025-12-18 15:53:51]     Depth 20: success_prob = 0.7540
[2025-12-18 15:53:51]     Depth 30...
[2025-12-18 15:53:52]     Depth 30: success_prob = 0.7360
[2025-12-18 15:53:52]   SUCCESS: alpha=0.9991, EPC=0.0009
[2025-12-18 15:53:52]   Result saved to CSV
[2025-12-18 15:53:52] 
[5/15] Subset 4 (elapsed: 0.7 min)
[2025-12-18 15:53:52]   Qubits: (1, 2, 3, 4, 5, 9, 10, 11, 17)
[2025-12-18 15:53:52]   lambda2=0.2929, C=2.6360
[2025-12-18 15:53:52]   edges=10, avg_degree=2.22, diameter=4
[2025-12-18 15:53:52]   Running mirror benchmark...
[2025-12-18 15:53:52]     Depth 5...
[2025-12-18 15:53:55]     Depth 5: success_prob = 0.8320
[2025-12-18 15:53:55]     Depth 10...
[2025-12-18 15:53:57]     Depth 10: success_prob = 0.7980
[2025-12-18 15:53:57]     Depth 20...
[2025-12-18 15:54:00]     Depth 20: success_prob = 0.8260
[2025-12-18 15:54:00]     Depth 30...
[2025-12-18 15:54:02]     Depth 30: success_prob = 0.8280
[2025-12-18 15:54:02]   SUCCESS: alpha=0.4258, EPC=0.5742
[2025-12-18 15:54:02]   Result saved to CSV
[2025-12-18 15:54:02] 
[6/15] Subset 5 (elapsed: 0.9 min)
[2025-12-18 15:54:02]   Qubits: (66, 67, 72, 73, 74, 75, 79, 80, 81)
[2025-12-18 15:54:02]   lambda2=0.2929, C=2.6360
[2025-12-18 15:54:02]   edges=10, avg_degree=2.22, diameter=4
[2025-12-18 15:54:02]   Running mirror benchmark...
[2025-12-18 15:54:02]     Depth 5...
[2025-12-18 15:54:05]     Depth 5: success_prob = 0.6260
[2025-12-18 15:54:05]     Depth 10...
[2025-12-18 15:54:08]     Depth 10: success_prob = 0.6640
[2025-12-18 15:54:08]     Depth 20...
[2025-12-18 15:54:10]     Depth 20: success_prob = 0.6420
[2025-12-18 15:54:10]     Depth 30...
[2025-12-18 15:54:13]     Depth 30: success_prob = 0.6640
[2025-12-18 15:54:13]   SUCCESS: alpha=0.0052, EPC=0.9948
[2025-12-18 15:54:13]   Result saved to CSV
[2025-12-18 15:54:13] 
[7/15] Subset 6 (elapsed: 1.1 min)
[2025-12-18 15:54:13]   Qubits: (30, 31, 32, 36, 37, 38, 39, 44, 45)
[2025-12-18 15:54:13]   lambda2=0.3227, C=2.9045
[2025-12-18 15:54:13]   edges=11, avg_degree=2.44, diameter=4
[2025-12-18 15:54:13]   Running mirror benchmark...
[2025-12-18 15:54:13]     Depth 5...
[2025-12-18 15:54:16]     Depth 5: success_prob = 0.7620
[2025-12-18 15:54:16]     Depth 10...
[2025-12-18 15:54:19]     Depth 10: success_prob = 0.7940
[2025-12-18 15:54:19]     Depth 20...
[2025-12-18 15:54:21]     Depth 20: success_prob = 0.8100
[2025-12-18 15:54:21]     Depth 30...
[2025-12-18 15:54:22]     Depth 30: success_prob = 0.7960
[2025-12-18 15:54:22]   SUCCESS: alpha=1.0000, EPC=0.0000
[2025-12-18 15:54:22]   Result saved to CSV
[2025-12-18 15:54:22] 
[8/15] Subset 7 (elapsed: 1.2 min)
[2025-12-18 15:54:22]   Qubits: (21, 22, 28, 29, 30, 35, 36, 37, 43)
[2025-12-18 15:54:22]   lambda2=0.3227, C=2.9045
[2025-12-18 15:54:22]   edges=11, avg_degree=2.44, diameter=4
[2025-12-18 15:54:22]   Running mirror benchmark...
[2025-12-18 15:54:22]     Depth 5...
[2025-12-18 15:54:24]     Depth 5: success_prob = 0.8300
[2025-12-18 15:54:24]     Depth 10...
[2025-12-18 15:54:27]     Depth 10: success_prob = 0.8200
[2025-12-18 15:54:27]     Depth 20...
[2025-12-18 15:54:29]     Depth 20: success_prob = 0.8440
[2025-12-18 15:54:29]     Depth 30...
[2025-12-18 15:54:32]     Depth 30: success_prob = 0.8480
[2025-12-18 15:54:32]   SUCCESS: alpha=1.0000, EPC=0.0000
[2025-12-18 15:54:32]   Result saved to CSV
[2025-12-18 15:54:32] 
[9/15] Subset 8 (elapsed: 1.4 min)
[2025-12-18 15:54:32]   Qubits: (26, 32, 33, 34, 38, 39, 40, 41, 47)
[2025-12-18 15:54:32]   lambda2=0.3503, C=3.1526
[2025-12-18 15:54:32]   edges=10, avg_degree=2.22, diameter=4
[2025-12-18 15:54:32]   Running mirror benchmark...
[2025-12-18 15:54:32]     Depth 5...
[2025-12-18 15:54:34]     Depth 5: success_prob = 0.8700
[2025-12-18 15:54:34]     Depth 10...
[2025-12-18 15:54:37]     Depth 10: success_prob = 0.8540
[2025-12-18 15:54:37]     Depth 20...
[2025-12-18 15:54:40]     Depth 20: success_prob = 0.8780
[2025-12-18 15:54:40]     Depth 30...
[2025-12-18 15:54:42]     Depth 30: success_prob = 0.8720
[2025-12-18 15:54:42]   SUCCESS: alpha=1.0000, EPC=0.0000
[2025-12-18 15:54:42]   Result saved to CSV
[2025-12-18 15:54:42] 
[10/15] Subset 9 (elapsed: 1.5 min)
[2025-12-18 15:54:42]   Qubits: (47, 53, 54, 55, 60, 61, 62, 68, 69)
[2025-12-18 15:54:42]   lambda2=0.3227, C=2.9045
[2025-12-18 15:54:42]   edges=11, avg_degree=2.44, diameter=4
[2025-12-18 15:54:42]   Running mirror benchmark...
[2025-12-18 15:54:42]     Depth 5...
[2025-12-18 15:54:45]     Depth 5: success_prob = 0.3700
[2025-12-18 15:54:45]     Depth 10...
[2025-12-18 15:54:48]     Depth 10: success_prob = 0.3860
[2025-12-18 15:54:48]     Depth 20...
[2025-12-18 15:54:50]     Depth 20: success_prob = 0.4140
[2025-12-18 15:54:50]     Depth 30...
[2025-12-18 15:54:52]     Depth 30: success_prob = 0.3800
[2025-12-18 15:54:52]   SUCCESS: alpha=0.0112, EPC=0.9888
[2025-12-18 15:54:52]   Result saved to CSV
[2025-12-18 15:54:52] 
[11/15] Subset 10 (elapsed: 1.7 min)
[2025-12-18 15:54:52]   Qubits: (55, 61, 62, 67, 68, 69, 74, 75, 76)
[2025-12-18 15:54:52]   lambda2=0.2671, C=2.4042
[2025-12-18 15:54:52]   edges=11, avg_degree=2.44, diameter=5
[2025-12-18 15:54:52]   Running mirror benchmark...
[2025-12-18 15:54:52]     Depth 5...
[2025-12-18 15:54:53]     Depth 5: success_prob = 0.6260
[2025-12-18 15:54:53]     Depth 10...
[2025-12-18 15:54:56]     Depth 10: success_prob = 0.5900
[2025-12-18 15:54:56]     Depth 20...
[2025-12-18 15:54:58]     Depth 20: success_prob = 0.5800
[2025-12-18 15:54:58]     Depth 30...
[2025-12-18 15:55:01]     Depth 30: success_prob = 0.6320
[2025-12-18 15:55:01]   SUCCESS: alpha=0.4774, EPC=0.5226
[2025-12-18 15:55:01]   Result saved to CSV
[2025-12-18 15:55:01] 
[12/15] Subset 11 (elapsed: 1.8 min)
[2025-12-18 15:55:01]   Qubits: (4, 5, 6, 11, 12, 13, 19, 20, 27)
[2025-12-18 15:55:01]   lambda2=0.2671, C=2.4042
[2025-12-18 15:55:01]   edges=11, avg_degree=2.44, diameter=5
[2025-12-18 15:55:01]   Running mirror benchmark...
[2025-12-18 15:55:01]     Depth 5...
[2025-12-18 15:55:03]     Depth 5: success_prob = 0.8920
[2025-12-18 15:55:03]     Depth 10...
[2025-12-18 15:55:06]     Depth 10: success_prob = 0.8560
[2025-12-18 15:55:06]     Depth 20...
[2025-12-18 15:55:08]     Depth 20: success_prob = 0.8860
[2025-12-18 15:55:08]     Depth 30...
[2025-12-18 15:55:10]     Depth 30: success_prob = 0.8740
[2025-12-18 15:55:11]   SUCCESS: alpha=0.4540, EPC=0.5460
[2025-12-18 15:55:11]   Result saved to CSV
[2025-12-18 15:55:11] 
[13/15] Subset 12 (elapsed: 2.0 min)
[2025-12-18 15:55:11]   Qubits: (5, 6, 12, 13, 18, 19, 20, 26, 27)
[2025-12-18 15:55:11]   lambda2=0.2582, C=2.3235
[2025-12-18 15:55:11]   edges=11, avg_degree=2.44, diameter=4
[2025-12-18 15:55:11]   Running mirror benchmark...
[2025-12-18 15:55:11]     Depth 5...
[2025-12-18 15:55:13]     Depth 5: success_prob = 0.8680
[2025-12-18 15:55:13]     Depth 10...
[2025-12-18 15:55:15]     Depth 10: success_prob = 0.8420
[2025-12-18 15:55:15]     Depth 20...
[2025-12-18 15:55:18]     Depth 20: success_prob = 0.8500
[2025-12-18 15:55:18]     Depth 30...
[2025-12-18 15:55:20]     Depth 30: success_prob = 0.8440
[2025-12-18 15:55:20]   SUCCESS: alpha=0.4687, EPC=0.5313
[2025-12-18 15:55:20]   Result saved to CSV
[2025-12-18 15:55:20] 
[14/15] Subset 13 (elapsed: 2.2 min)
[2025-12-18 15:55:20]   Qubits: (58, 59, 64, 65, 66, 72, 73, 74, 80)
[2025-12-18 15:55:20]   lambda2=0.2811, C=2.5295
[2025-12-18 15:55:20]   edges=10, avg_degree=2.22, diameter=4
[2025-12-18 15:55:20]   Running mirror benchmark...
[2025-12-18 15:55:20]     Depth 5...
[2025-12-18 15:55:23]     Depth 5: success_prob = 0.5740
[2025-12-18 15:55:23]     Depth 10...
[2025-12-18 15:55:24]     Depth 10: success_prob = 0.5580
[2025-12-18 15:55:24]     Depth 20...
[2025-12-18 15:55:26]     Depth 20: success_prob = 0.5580
[2025-12-18 15:55:26]     Depth 30...
[2025-12-18 15:55:29]     Depth 30: success_prob = 0.5860
[2025-12-18 15:55:29]   SUCCESS: alpha=0.3654, EPC=0.6346
[2025-12-18 15:55:29]   Result saved to CSV
[2025-12-18 15:55:29] 
[15/15] Subset 14 (elapsed: 2.3 min)
[2025-12-18 15:55:29]   Qubits: (56, 63, 64, 65, 70, 71, 72, 77, 78)
[2025-12-18 15:55:29]   lambda2=0.3545, C=3.1905
[2025-12-18 15:55:29]   edges=11, avg_degree=2.44, diameter=4
[2025-12-18 15:55:29]   Running mirror benchmark...
[2025-12-18 15:55:29]     Depth 5...
[2025-12-18 15:55:32]     Depth 5: success_prob = 0.4900
[2025-12-18 15:55:32]     Depth 10...
[2025-12-18 15:55:35]     Depth 10: success_prob = 0.4980
[2025-12-18 15:55:35]     Depth 20...
[2025-12-18 15:55:37]     Depth 20: success_prob = 0.5000
[2025-12-18 15:55:37]     Depth 30...
[2025-12-18 15:55:40]     Depth 30: success_prob = 0.5260
[2025-12-18 15:55:40]   SUCCESS: alpha=0.0004, EPC=0.9996
[2025-12-18 15:55:40]   Result saved to CSV
[2025-12-18 15:55:40] 
============================================================
[2025-12-18 15:55:40] SWEEP COMPLETE in 2.5 minutes
[2025-12-18 15:55:40] Results saved to results/rb_sweep_rigetti_N9.csv
